{"numFailedTestSuites":1,"numFailedTests":4,"numPassedTestSuites":18,"numPassedTests":199,"numPendingTestSuites":0,"numPendingTests":0,"numRuntimeErrorTestSuites":0,"numTodoTests":0,"numTotalTestSuites":19,"numTotalTests":203,"openHandles":[],"snapshot":{"added":0,"didUpdate":false,"failure":false,"filesAdded":0,"filesRemoved":0,"filesRemovedList":[],"filesUnmatched":0,"filesUpdated":0,"matched":0,"total":0,"unchecked":0,"uncheckedKeysByFile":[],"unmatched":0,"updated":0},"startTime":1769716058029,"success":false,"testResults":[{"assertionResults":[{"ancestorTitles":["POST /api/ats/scan","Request Validation"],"duration":146,"failureDetails":[{"matcherResult":{"actual":500,"expected":400,"message":"\u001b[2mexpect(\u001b[22m\u001b[31mreceived\u001b[39m\u001b[2m).\u001b[22mtoBe\u001b[2m(\u001b[22m\u001b[32mexpected\u001b[39m\u001b[2m) // Object.is equality\u001b[22m\n\nExpected: \u001b[32m400\u001b[39m\nReceived: \u001b[31m500\u001b[39m","name":"toBe","pass":false}}],"failureMessages":["Error: \u001b[2mexpect(\u001b[22m\u001b[31mreceived\u001b[39m\u001b[2m).\u001b[22mtoBe\u001b[2m(\u001b[22m\u001b[32mexpected\u001b[39m\u001b[2m) // Object.is equality\u001b[22m\n\nExpected: \u001b[32m400\u001b[39m\nReceived: \u001b[31m500\u001b[39m\n    at Object.toBe (C:\\Projects\\ats-interview-app\\__tests__\\api\\ats\\scan.test.ts:50:31)"],"fullName":"POST /api/ats/scan Request Validation should require resume file","invocations":1,"location":{"column":5,"line":34},"numPassingAsserts":0,"retryReasons":[],"status":"failed","title":"should require resume file"},{"ancestorTitles":["POST /api/ats/scan","Request Validation"],"duration":4,"failureDetails":[{"matcherResult":{"actual":500,"expected":400,"message":"\u001b[2mexpect(\u001b[22m\u001b[31mreceived\u001b[39m\u001b[2m).\u001b[22mtoBe\u001b[2m(\u001b[22m\u001b[32mexpected\u001b[39m\u001b[2m) // Object.is equality\u001b[22m\n\nExpected: \u001b[32m400\u001b[39m\nReceived: \u001b[31m500\u001b[39m","name":"toBe","pass":false}}],"failureMessages":["Error: \u001b[2mexpect(\u001b[22m\u001b[31mreceived\u001b[39m\u001b[2m).\u001b[22mtoBe\u001b[2m(\u001b[22m\u001b[32mexpected\u001b[39m\u001b[2m) // Object.is equality\u001b[22m\n\nExpected: \u001b[32m400\u001b[39m\nReceived: \u001b[31m500\u001b[39m\n    at Object.toBe (C:\\Projects\\ats-interview-app\\__tests__\\api\\ats\\scan.test.ts:71:31)"],"fullName":"POST /api/ats/scan Request Validation should require job description","invocations":1,"location":{"column":5,"line":55},"numPassingAsserts":0,"retryReasons":[],"status":"failed","title":"should require job description"},{"ancestorTitles":["POST /api/ats/scan","Credit System Integration"],"duration":3,"failureDetails":[],"failureMessages":[],"fullName":"POST /api/ats/scan Credit System Integration should deduct 2 credits for ATS scan","invocations":1,"location":{"column":5,"line":78},"numPassingAsserts":1,"retryReasons":[],"status":"passed","title":"should deduct 2 credits for ATS scan"},{"ancestorTitles":["POST /api/ats/scan","Credit System Integration"],"duration":2,"failureDetails":[],"failureMessages":[],"fullName":"POST /api/ats/scan Credit System Integration should return 402 for insufficient credits","invocations":1,"location":{"column":5,"line":105},"numPassingAsserts":1,"retryReasons":[],"status":"passed","title":"should return 402 for insufficient credits"},{"ancestorTitles":["POST /api/ats/scan","Credit System Integration"],"duration":3,"failureDetails":[],"failureMessages":[],"fullName":"POST /api/ats/scan Credit System Integration should refund credits on backend failure","invocations":1,"location":{"column":5,"line":126},"numPassingAsserts":1,"retryReasons":[],"status":"passed","title":"should refund credits on backend failure"},{"ancestorTitles":["POST /api/ats/scan","Backend Proxy"],"duration":5,"failureDetails":[{"matcherResult":{"message":"\u001b[2mexpect(\u001b[22m\u001b[31mjest.fn()\u001b[39m\u001b[2m).\u001b[22mtoHaveBeenCalledWith\u001b[2m(\u001b[22m\u001b[32m...expected\u001b[39m\u001b[2m)\u001b[22m\n\nExpected: \u001b[32m\"http://localhost:8000/scan\"\u001b[39m, \u001b[32mObjectContaining {\"method\": \"POST\"}\u001b[39m\n\nNumber of calls: \u001b[31m0\u001b[39m","pass":false}}],"failureMessages":["Error: \u001b[2mexpect(\u001b[22m\u001b[31mjest.fn()\u001b[39m\u001b[2m).\u001b[22mtoHaveBeenCalledWith\u001b[2m(\u001b[22m\u001b[32m...expected\u001b[39m\u001b[2m)\u001b[22m\n\nExpected: \u001b[32m\"http://localhost:8000/scan\"\u001b[39m, \u001b[32mObjectContaining {\"method\": \"POST\"}\u001b[39m\n\nNumber of calls: \u001b[31m0\u001b[39m\n    at Object.toHaveBeenCalledWith (C:\\Projects\\ats-interview-app\\__tests__\\api\\ats\\scan.test.ts:184:25)"],"fullName":"POST /api/ats/scan Backend Proxy should proxy request to Python backend","invocations":1,"location":{"column":5,"line":156},"numPassingAsserts":0,"retryReasons":[],"status":"failed","title":"should proxy request to Python backend"},{"ancestorTitles":["POST /api/ats/scan","Backend Proxy"],"duration":3,"failureDetails":[{"matcherResult":{"expected":85.5,"message":"\u001b[2mexpect(\u001b[22m\u001b[31mreceived\u001b[39m\u001b[2m).\u001b[22mtoBe\u001b[2m(\u001b[22m\u001b[32mexpected\u001b[39m\u001b[2m) // Object.is equality\u001b[22m\n\nExpected: \u001b[32m85.5\u001b[39m\nReceived: \u001b[31mundefined\u001b[39m","name":"toBe","pass":false}}],"failureMessages":["Error: \u001b[2mexpect(\u001b[22m\u001b[31mreceived\u001b[39m\u001b[2m).\u001b[22mtoBe\u001b[2m(\u001b[22m\u001b[32mexpected\u001b[39m\u001b[2m) // Object.is equality\u001b[22m\n\nExpected: \u001b[32m85.5\u001b[39m\nReceived: \u001b[31mundefined\u001b[39m\n    at Object.toBe (C:\\Projects\\ats-interview-app\\__tests__\\api\\ats\\scan.test.ts:224:38)"],"fullName":"POST /api/ats/scan Backend Proxy should return backend response data","invocations":1,"location":{"column":5,"line":190},"numPassingAsserts":0,"retryReasons":[],"status":"failed","title":"should return backend response data"}],"endTime":1769716061086,"message":"\u001b[1m\u001b[31m  \u001b[1m● \u001b[22m\u001b[1mPOST /api/ats/scan › Request Validation › should require resume file\u001b[39m\u001b[22m\n\n    \u001b[2mexpect(\u001b[22m\u001b[31mreceived\u001b[39m\u001b[2m).\u001b[22mtoBe\u001b[2m(\u001b[22m\u001b[32mexpected\u001b[39m\u001b[2m) // Object.is equality\u001b[22m\n\n    Expected: \u001b[32m400\u001b[39m\n    Received: \u001b[31m500\u001b[39m\n\u001b[2m\u001b[22m\n\u001b[2m    \u001b[0m \u001b[90m 48 |\u001b[39m       \u001b[36mconst\u001b[39m response \u001b[33m=\u001b[39m \u001b[36mawait\u001b[39m \u001b[33mPOST\u001b[39m(request \u001b[36mas\u001b[39m any)\u001b[22m\n\u001b[2m     \u001b[90m 49 |\u001b[39m\u001b[22m\n\u001b[2m    \u001b[31m\u001b[1m>\u001b[22m\u001b[2m\u001b[39m\u001b[90m 50 |\u001b[39m       expect(response\u001b[33m.\u001b[39mstatus)\u001b[33m.\u001b[39mtoBe(\u001b[35m400\u001b[39m)\u001b[22m\n\u001b[2m     \u001b[90m    |\u001b[39m                               \u001b[31m\u001b[1m^\u001b[22m\u001b[2m\u001b[39m\u001b[22m\n\u001b[2m     \u001b[90m 51 |\u001b[39m       \u001b[36mconst\u001b[39m data \u001b[33m=\u001b[39m \u001b[36mawait\u001b[39m response\u001b[33m.\u001b[39mjson()\u001b[22m\n\u001b[2m     \u001b[90m 52 |\u001b[39m       expect(data\u001b[33m.\u001b[39merror)\u001b[33m.\u001b[39mtoContain(\u001b[32m'Missing resume'\u001b[39m)\u001b[22m\n\u001b[2m     \u001b[90m 53 |\u001b[39m     })\u001b[0m\u001b[22m\n\u001b[2m\u001b[22m\n\u001b[2m      \u001b[2mat Object.toBe (\u001b[22m\u001b[2m\u001b[0m\u001b[36m__tests__/api/ats/scan.test.ts\u001b[39m\u001b[0m\u001b[2m:50:31)\u001b[22m\u001b[2m\u001b[22m\n\n\u001b[1m\u001b[31m  \u001b[1m● \u001b[22m\u001b[1mPOST /api/ats/scan › Request Validation › should require job description\u001b[39m\u001b[22m\n\n    \u001b[2mexpect(\u001b[22m\u001b[31mreceived\u001b[39m\u001b[2m).\u001b[22mtoBe\u001b[2m(\u001b[22m\u001b[32mexpected\u001b[39m\u001b[2m) // Object.is equality\u001b[22m\n\n    Expected: \u001b[32m400\u001b[39m\n    Received: \u001b[31m500\u001b[39m\n\u001b[2m\u001b[22m\n\u001b[2m    \u001b[0m \u001b[90m 69 |\u001b[39m       \u001b[36mconst\u001b[39m response \u001b[33m=\u001b[39m \u001b[36mawait\u001b[39m \u001b[33mPOST\u001b[39m(request \u001b[36mas\u001b[39m any)\u001b[22m\n\u001b[2m     \u001b[90m 70 |\u001b[39m\u001b[22m\n\u001b[2m    \u001b[31m\u001b[1m>\u001b[22m\u001b[2m\u001b[39m\u001b[90m 71 |\u001b[39m       expect(response\u001b[33m.\u001b[39mstatus)\u001b[33m.\u001b[39mtoBe(\u001b[35m400\u001b[39m)\u001b[22m\n\u001b[2m     \u001b[90m    |\u001b[39m                               \u001b[31m\u001b[1m^\u001b[22m\u001b[2m\u001b[39m\u001b[22m\n\u001b[2m     \u001b[90m 72 |\u001b[39m       \u001b[36mconst\u001b[39m data \u001b[33m=\u001b[39m \u001b[36mawait\u001b[39m response\u001b[33m.\u001b[39mjson()\u001b[22m\n\u001b[2m     \u001b[90m 73 |\u001b[39m       expect(data\u001b[33m.\u001b[39merror)\u001b[33m.\u001b[39mtoContain(\u001b[32m'Missing'\u001b[39m)\u001b[22m\n\u001b[2m     \u001b[90m 74 |\u001b[39m     })\u001b[0m\u001b[22m\n\u001b[2m\u001b[22m\n\u001b[2m      \u001b[2mat Object.toBe (\u001b[22m\u001b[2m\u001b[0m\u001b[36m__tests__/api/ats/scan.test.ts\u001b[39m\u001b[0m\u001b[2m:71:31)\u001b[22m\u001b[2m\u001b[22m\n\n\u001b[1m\u001b[31m  \u001b[1m● \u001b[22m\u001b[1mPOST /api/ats/scan › Backend Proxy › should proxy request to Python backend\u001b[39m\u001b[22m\n\n    \u001b[2mexpect(\u001b[22m\u001b[31mjest.fn()\u001b[39m\u001b[2m).\u001b[22mtoHaveBeenCalledWith\u001b[2m(\u001b[22m\u001b[32m...expected\u001b[39m\u001b[2m)\u001b[22m\n\n    Expected: \u001b[32m\"http://localhost:8000/scan\"\u001b[39m, \u001b[32mObjectContaining {\"method\": \"POST\"}\u001b[39m\n\n    Number of calls: \u001b[31m0\u001b[39m\n\u001b[2m\u001b[22m\n\u001b[2m    \u001b[0m \u001b[90m 182 |\u001b[39m       \u001b[36mawait\u001b[39m \u001b[33mPOST\u001b[39m(request \u001b[36mas\u001b[39m any)\u001b[22m\n\u001b[2m     \u001b[90m 183 |\u001b[39m\u001b[22m\n\u001b[2m    \u001b[31m\u001b[1m>\u001b[22m\u001b[2m\u001b[39m\u001b[90m 184 |\u001b[39m       expect(mockFetch)\u001b[33m.\u001b[39mtoHaveBeenCalledWith(\u001b[22m\n\u001b[2m     \u001b[90m     |\u001b[39m                         \u001b[31m\u001b[1m^\u001b[22m\u001b[2m\u001b[39m\u001b[22m\n\u001b[2m     \u001b[90m 185 |\u001b[39m         \u001b[32m'http://localhost:8000/scan'\u001b[39m\u001b[33m,\u001b[39m\u001b[22m\n\u001b[2m     \u001b[90m 186 |\u001b[39m         expect\u001b[33m.\u001b[39mobjectContaining({ method\u001b[33m:\u001b[39m \u001b[32m'POST'\u001b[39m })\u001b[22m\n\u001b[2m     \u001b[90m 187 |\u001b[39m       )\u001b[0m\u001b[22m\n\u001b[2m\u001b[22m\n\u001b[2m      \u001b[2mat Object.toHaveBeenCalledWith (\u001b[22m\u001b[2m\u001b[0m\u001b[36m__tests__/api/ats/scan.test.ts\u001b[39m\u001b[0m\u001b[2m:184:25)\u001b[22m\u001b[2m\u001b[22m\n\n\u001b[1m\u001b[31m  \u001b[1m● \u001b[22m\u001b[1mPOST /api/ats/scan › Backend Proxy › should return backend response data\u001b[39m\u001b[22m\n\n    \u001b[2mexpect(\u001b[22m\u001b[31mreceived\u001b[39m\u001b[2m).\u001b[22mtoBe\u001b[2m(\u001b[22m\u001b[32mexpected\u001b[39m\u001b[2m) // Object.is equality\u001b[22m\n\n    Expected: \u001b[32m85.5\u001b[39m\n    Received: \u001b[31mundefined\u001b[39m\n\u001b[2m\u001b[22m\n\u001b[2m    \u001b[0m \u001b[90m 222 |\u001b[39m       \u001b[36mconst\u001b[39m data \u001b[33m=\u001b[39m \u001b[36mawait\u001b[39m response\u001b[33m.\u001b[39mjson()\u001b[22m\n\u001b[2m     \u001b[90m 223 |\u001b[39m\u001b[22m\n\u001b[2m    \u001b[31m\u001b[1m>\u001b[22m\u001b[2m\u001b[39m\u001b[90m 224 |\u001b[39m       expect(data\u001b[33m.\u001b[39mtraditional_score)\u001b[33m.\u001b[39mtoBe(\u001b[35m85.5\u001b[39m)\u001b[22m\n\u001b[2m     \u001b[90m     |\u001b[39m                                      \u001b[31m\u001b[1m^\u001b[22m\u001b[2m\u001b[39m\u001b[22m\n\u001b[2m     \u001b[90m 225 |\u001b[39m       expect(data\u001b[33m.\u001b[39mmissing_keywords)\u001b[33m.\u001b[39mtoContain(\u001b[32m'docker'\u001b[39m)\u001b[22m\n\u001b[2m     \u001b[90m 226 |\u001b[39m     })\u001b[22m\n\u001b[2m     \u001b[90m 227 |\u001b[39m   })\u001b[0m\u001b[22m\n\u001b[2m\u001b[22m\n\u001b[2m      \u001b[2mat Object.toBe (\u001b[22m\u001b[2m\u001b[0m\u001b[36m__tests__/api/ats/scan.test.ts\u001b[39m\u001b[0m\u001b[2m:224:38)\u001b[22m\u001b[2m\u001b[22m\n","name":"C:\\Projects\\ats-interview-app\\__tests__\\api\\ats\\scan.test.ts","startTime":1769716059683,"status":"failed","summary":""},{"assertionResults":[{"ancestorTitles":["POST /api/textbook/upload","File Validation"],"duration":8590,"failureDetails":[],"failureMessages":[],"fullName":"POST /api/textbook/upload File Validation should reject files larger than 50MB","invocations":1,"location":{"column":5,"line":92},"numPassingAsserts":2,"retryReasons":[],"status":"passed","title":"should reject files larger than 50MB"},{"ancestorTitles":["POST /api/textbook/upload","File Validation"],"duration":2,"failureDetails":[],"failureMessages":[],"fullName":"POST /api/textbook/upload File Validation should reject unsupported file types","invocations":1,"location":{"column":5,"line":110},"numPassingAsserts":2,"retryReasons":[],"status":"passed","title":"should reject unsupported file types"},{"ancestorTitles":["POST /api/textbook/upload","File Validation"],"duration":2,"failureDetails":[],"failureMessages":[],"fullName":"POST /api/textbook/upload File Validation should accept PDF files","invocations":1,"location":{"column":5,"line":127},"numPassingAsserts":1,"retryReasons":[],"status":"passed","title":"should accept PDF files"},{"ancestorTitles":["POST /api/textbook/upload","File Validation"],"duration":1,"failureDetails":[],"failureMessages":[],"fullName":"POST /api/textbook/upload File Validation should accept TXT files","invocations":1,"location":{"column":5,"line":162},"numPassingAsserts":1,"retryReasons":[],"status":"passed","title":"should accept TXT files"},{"ancestorTitles":["POST /api/textbook/upload","Credit System"],"duration":1,"failureDetails":[],"failureMessages":[],"fullName":"POST /api/textbook/upload Credit System should deduct 10 credits for upload","invocations":1,"location":{"column":5,"line":198},"numPassingAsserts":1,"retryReasons":[],"status":"passed","title":"should deduct 10 credits for upload"},{"ancestorTitles":["POST /api/textbook/upload","Credit System"],"duration":1,"failureDetails":[],"failureMessages":[],"fullName":"POST /api/textbook/upload Credit System should return 402 when insufficient credits","invocations":1,"location":{"column":5,"line":228},"numPassingAsserts":1,"retryReasons":[],"status":"passed","title":"should return 402 when insufficient credits"},{"ancestorTitles":["POST /api/textbook/upload","Credit System"],"duration":2,"failureDetails":[],"failureMessages":[],"fullName":"POST /api/textbook/upload Credit System should refund credits on processing failure","invocations":1,"location":{"column":5,"line":243},"numPassingAsserts":1,"retryReasons":[],"status":"passed","title":"should refund credits on processing failure"},{"ancestorTitles":["POST /api/textbook/upload","Text Extraction"],"duration":1,"failureDetails":[],"failureMessages":[],"fullName":"POST /api/textbook/upload Text Extraction should reject files with no extractable text","invocations":1,"location":{"column":5,"line":262},"numPassingAsserts":2,"retryReasons":[],"status":"passed","title":"should reject files with no extractable text"},{"ancestorTitles":["POST /api/textbook/upload","Text Extraction"],"duration":1,"failureDetails":[],"failureMessages":[],"fullName":"POST /api/textbook/upload Text Extraction should accept small but non-empty text content","invocations":1,"location":{"column":5,"line":283},"numPassingAsserts":1,"retryReasons":[],"status":"passed","title":"should accept small but non-empty text content"},{"ancestorTitles":["POST /api/textbook/upload","Database Operations"],"duration":2,"failureDetails":[],"failureMessages":[],"fullName":"POST /api/textbook/upload Database Operations should create textbook record in database","invocations":1,"location":{"column":5,"line":318},"numPassingAsserts":1,"retryReasons":[],"status":"passed","title":"should create textbook record in database"},{"ancestorTitles":["POST /api/textbook/upload","Error Handling"],"duration":2,"failureDetails":[],"failureMessages":[],"fullName":"POST /api/textbook/upload Error Handling should handle backend API errors gracefully","invocations":1,"location":{"column":5,"line":361},"numPassingAsserts":2,"retryReasons":[],"status":"passed","title":"should handle backend API errors gracefully"},{"ancestorTitles":["POST /api/textbook/upload","Error Handling"],"duration":0,"failureDetails":[],"failureMessages":[],"fullName":"POST /api/textbook/upload Error Handling should handle missing file in request","invocations":1,"location":{"column":5,"line":379},"numPassingAsserts":1,"retryReasons":[],"status":"passed","title":"should handle missing file in request"},{"ancestorTitles":["POST /api/textbook/upload","Security"],"duration":2,"failureDetails":[],"failureMessages":[],"fullName":"POST /api/textbook/upload Security should prevent directory traversal in filename","invocations":1,"location":{"column":5,"line":391},"numPassingAsserts":1,"retryReasons":[],"status":"passed","title":"should prevent directory traversal in filename"},{"ancestorTitles":["POST /api/textbook/upload","Security"],"duration":2,"failureDetails":[],"failureMessages":[],"fullName":"POST /api/textbook/upload Security should isolate textbooks by user","invocations":1,"location":{"column":5,"line":430},"numPassingAsserts":1,"retryReasons":[],"status":"passed","title":"should isolate textbooks by user"}],"endTime":1769716070251,"message":"","name":"C:\\Projects\\ats-interview-app\\__tests__\\api\\textbook\\upload.test.ts","startTime":1769716061112,"status":"passed","summary":""},{"assertionResults":[{"ancestorTitles":["Navigation"],"duration":95,"failureDetails":[],"failureMessages":[],"fullName":"Navigation renders navigation links","invocations":1,"location":{"column":3,"line":17},"numPassingAsserts":1,"retryReasons":[],"status":"passed","title":"renders navigation links"},{"ancestorTitles":["Navigation"],"duration":23,"failureDetails":[],"failureMessages":[],"fullName":"Navigation shows sign in button when not authenticated","invocations":1,"location":{"column":3,"line":30},"numPassingAsserts":1,"retryReasons":[],"status":"passed","title":"shows sign in button when not authenticated"}],"endTime":1769716071223,"message":"","name":"C:\\Projects\\ats-interview-app\\__tests__\\components\\navigation.test.tsx","startTime":1769716070275,"status":"passed","summary":""},{"assertionResults":[{"ancestorTitles":["Reward Probability System","Edge Cases"],"duration":1,"failureDetails":[],"failureMessages":[],"fullName":"Reward Probability System Edge Cases should give no reward for 0 correct answers","invocations":1,"location":{"column":5,"line":71},"numPassingAsserts":1,"retryReasons":[],"status":"passed","title":"should give no reward for 0 correct answers"},{"ancestorTitles":["Reward Probability System","Edge Cases"],"duration":1,"failureDetails":[],"failureMessages":[],"fullName":"Reward Probability System Edge Cases should give no reward for 1 correct answer","invocations":1,"location":{"column":5,"line":76},"numPassingAsserts":1,"retryReasons":[],"status":"passed","title":"should give no reward for 1 correct answer"},{"ancestorTitles":["Reward Probability System","Edge Cases"],"duration":1,"failureDetails":[],"failureMessages":[],"fullName":"Reward Probability System Edge Cases should give guaranteed micro reward for first-time users with 3+ correct","invocations":1,"location":{"column":5,"line":81},"numPassingAsserts":1,"retryReasons":[],"status":"passed","title":"should give guaranteed micro reward for first-time users with 3+ correct"},{"ancestorTitles":["Reward Probability System","Edge Cases"],"duration":0,"failureDetails":[],"failureMessages":[],"fullName":"Reward Probability System Edge Cases should give guaranteed micro reward for first-time users with perfect score","invocations":1,"location":{"column":5,"line":86},"numPassingAsserts":1,"retryReasons":[],"status":"passed","title":"should give guaranteed micro reward for first-time users with perfect score"},{"ancestorTitles":["Reward Probability System","Edge Cases"],"duration":0,"failureDetails":[],"failureMessages":[],"fullName":"Reward Probability System Edge Cases should give guaranteed micro reward after 4 consecutive losses","invocations":1,"location":{"column":5,"line":91},"numPassingAsserts":1,"retryReasons":[],"status":"passed","title":"should give guaranteed micro reward after 4 consecutive losses"},{"ancestorTitles":["Reward Probability System","Statistical Distribution"],"duration":7,"failureDetails":[],"failureMessages":[],"fullName":"Reward Probability System Statistical Distribution should have ~4% micro reward rate for 2 correct answers (50 credit user)","invocations":1,"location":{"column":5,"line":126},"numPassingAsserts":2,"retryReasons":[],"status":"passed","title":"should have ~4% micro reward rate for 2 correct answers (50 credit user)"},{"ancestorTitles":["Reward Probability System","Statistical Distribution"],"duration":6,"failureDetails":[],"failureMessages":[],"fullName":"Reward Probability System Statistical Distribution should have ~12% micro reward rate for 3 correct answers (50 credit user)","invocations":1,"location":{"column":5,"line":133},"numPassingAsserts":2,"retryReasons":[],"status":"passed","title":"should have ~12% micro reward rate for 3 correct answers (50 credit user)"},{"ancestorTitles":["Reward Probability System","Statistical Distribution"],"duration":7,"failureDetails":[],"failureMessages":[],"fullName":"Reward Probability System Statistical Distribution should have ~20% micro reward rate for 4 correct answers (50 credit user)","invocations":1,"location":{"column":5,"line":140},"numPassingAsserts":2,"retryReasons":[],"status":"passed","title":"should have ~20% micro reward rate for 4 correct answers (50 credit user)"},{"ancestorTitles":["Reward Probability System","Statistical Distribution"],"duration":10,"failureDetails":[],"failureMessages":[],"fullName":"Reward Probability System Statistical Distribution should have ~26% micro reward rate for perfect score (50 credit user)","invocations":1,"location":{"column":5,"line":147},"numPassingAsserts":2,"retryReasons":[],"status":"passed","title":"should have ~26% micro reward rate for perfect score (50 credit user)"},{"ancestorTitles":["Reward Probability System","Statistical Distribution"],"duration":13,"failureDetails":[],"failureMessages":[],"fullName":"Reward Probability System Statistical Distribution should have ~0.3% jackpot rate for perfect score","invocations":1,"location":{"column":5,"line":154},"numPassingAsserts":2,"retryReasons":[],"status":"passed","title":"should have ~0.3% jackpot rate for perfect score"},{"ancestorTitles":["Reward Probability System","Statistical Distribution"],"duration":8,"failureDetails":[],"failureMessages":[],"fullName":"Reward Probability System Statistical Distribution should have 0% jackpot rate for non-perfect scores","invocations":1,"location":{"column":5,"line":160},"numPassingAsserts":1,"retryReasons":[],"status":"passed","title":"should have 0% jackpot rate for non-perfect scores"},{"ancestorTitles":["Reward Probability System","User State Modifiers"],"duration":12,"failureDetails":[],"failureMessages":[],"fullName":"Reward Probability System User State Modifiers should boost reward rate for low-credit users (<10 credits)","invocations":1,"location":{"column":5,"line":182},"numPassingAsserts":2,"retryReasons":[],"status":"passed","title":"should boost reward rate for low-credit users (<10 credits)"},{"ancestorTitles":["Reward Probability System","User State Modifiers"],"duration":14,"failureDetails":[],"failureMessages":[],"fullName":"Reward Probability System User State Modifiers should boost reward rate for new users (<3 total sets)","invocations":1,"location":{"column":5,"line":190},"numPassingAsserts":2,"retryReasons":[],"status":"passed","title":"should boost reward rate for new users (<3 total sets)"},{"ancestorTitles":["Reward Probability System","User State Modifiers"],"duration":13,"failureDetails":[],"failureMessages":[],"fullName":"Reward Probability System User State Modifiers should boost reward rate for losing streaks (2+ losses)","invocations":1,"location":{"column":5,"line":198},"numPassingAsserts":2,"retryReasons":[],"status":"passed","title":"should boost reward rate for losing streaks (2+ losses)"},{"ancestorTitles":["Reward Probability System","User State Modifiers"],"duration":10,"failureDetails":[],"failureMessages":[],"fullName":"Reward Probability System User State Modifiers should reduce reward rate for high-credit users (50+ credits)","invocations":1,"location":{"column":5,"line":206},"numPassingAsserts":2,"retryReasons":[],"status":"passed","title":"should reduce reward rate for high-credit users (50+ credits)"},{"ancestorTitles":["Reward Probability System","User State Modifiers"],"duration":15,"failureDetails":[],"failureMessages":[],"fullName":"Reward Probability System User State Modifiers should further reduce reward rate for very rich users (150+ credits)","invocations":1,"location":{"column":5,"line":214},"numPassingAsserts":1,"retryReasons":[],"status":"passed","title":"should further reduce reward rate for very rich users (150+ credits)"},{"ancestorTitles":["Reward Probability System","Expected Value Analysis"],"duration":12,"failureDetails":[],"failureMessages":[],"fullName":"Reward Probability System Expected Value Analysis should have expected value < 5 credits for perfect score (profit-focused)","invocations":1,"location":{"column":5,"line":237},"numPassingAsserts":1,"retryReasons":[],"status":"passed","title":"should have expected value < 5 credits for perfect score (profit-focused)"},{"ancestorTitles":["Reward Probability System","Expected Value Analysis"],"duration":11,"failureDetails":[],"failureMessages":[],"fullName":"Reward Probability System Expected Value Analysis should have expected value ~0.2 credits for 2 correct answers (50 credit user)","invocations":1,"location":{"column":5,"line":244},"numPassingAsserts":2,"retryReasons":[],"status":"passed","title":"should have expected value ~0.2 credits for 2 correct answers (50 credit user)"},{"ancestorTitles":["Reward Probability System","Expected Value Analysis"],"duration":12,"failureDetails":[],"failureMessages":[],"fullName":"Reward Probability System Expected Value Analysis should have expected value ~0.6 credits for 3 correct answers (50 credit user)","invocations":1,"location":{"column":5,"line":251},"numPassingAsserts":2,"retryReasons":[],"status":"passed","title":"should have expected value ~0.6 credits for 3 correct answers (50 credit user)"},{"ancestorTitles":["Reward Probability System","Expected Value Analysis"],"duration":11,"failureDetails":[],"failureMessages":[],"fullName":"Reward Probability System Expected Value Analysis should have expected value ~1.0 credits for 4 correct answers (50 credit user)","invocations":1,"location":{"column":5,"line":258},"numPassingAsserts":2,"retryReasons":[],"status":"passed","title":"should have expected value ~1.0 credits for 4 correct answers (50 credit user)"},{"ancestorTitles":["Reward Probability System","Expected Value Analysis"],"duration":9,"failureDetails":[],"failureMessages":[],"fullName":"Reward Probability System Expected Value Analysis should give first-time users a better expected value","invocations":1,"location":{"column":5,"line":265},"numPassingAsserts":2,"retryReasons":[],"status":"passed","title":"should give first-time users a better expected value"},{"ancestorTitles":["Reward Probability System","Probability Caps"],"duration":8,"failureDetails":[],"failureMessages":[],"fullName":"Reward Probability System Probability Caps should cap micro chance at 60% maximum","invocations":1,"location":{"column":5,"line":276},"numPassingAsserts":1,"retryReasons":[],"status":"passed","title":"should cap micro chance at 60% maximum"},{"ancestorTitles":["Reward Probability System","Probability Caps"],"duration":18,"failureDetails":[],"failureMessages":[],"fullName":"Reward Probability System Probability Caps should ensure jackpot probability stays very low","invocations":1,"location":{"column":5,"line":293},"numPassingAsserts":1,"retryReasons":[],"status":"passed","title":"should ensure jackpot probability stays very low"},{"ancestorTitles":["Reward Probability System","Profitability Model"],"duration":38,"failureDetails":[],"failureMessages":[],"fullName":"Reward Probability System Profitability Model should ensure house edge across all scenarios","invocations":1,"location":{"column":5,"line":309},"numPassingAsserts":8,"retryReasons":[],"status":"passed","title":"should ensure house edge across all scenarios"},{"ancestorTitles":["Reward Probability System","Randomness Quality"],"duration":0,"failureDetails":[],"failureMessages":[],"fullName":"Reward Probability System Randomness Quality should produce different results across multiple runs","invocations":1,"location":{"column":5,"line":343},"numPassingAsserts":1,"retryReasons":[],"status":"passed","title":"should produce different results across multiple runs"},{"ancestorTitles":["Reward Probability System","Randomness Quality"],"duration":1,"failureDetails":[],"failureMessages":[],"fullName":"Reward Probability System Randomness Quality should not show obvious patterns in consecutive calls","invocations":1,"location":{"column":5,"line":354},"numPassingAsserts":2,"retryReasons":[],"status":"passed","title":"should not show obvious patterns in consecutive calls"}],"endTime":1769716071756,"message":"","name":"C:\\Projects\\ats-interview-app\\__tests__\\lib\\reward-probability.test.ts","startTime":1769716071246,"status":"passed","summary":""},{"assertionResults":[{"ancestorTitles":["Reward Caps & Cooldowns","Daily Micro-Reward Cap (25 credits/day)"],"duration":10,"failureDetails":[],"failureMessages":[],"fullName":"Reward Caps & Cooldowns Daily Micro-Reward Cap (25 credits/day) should allow micro rewards up to 25 credits per day","invocations":1,"location":{"column":5,"line":62},"numPassingAsserts":1,"retryReasons":[],"status":"passed","title":"should allow micro rewards up to 25 credits per day"},{"ancestorTitles":["Reward Caps & Cooldowns","Daily Micro-Reward Cap (25 credits/day)"],"duration":3,"failureDetails":[],"failureMessages":[],"fullName":"Reward Caps & Cooldowns Daily Micro-Reward Cap (25 credits/day) should block micro rewards when daily cap is reached","invocations":1,"location":{"column":5,"line":105},"numPassingAsserts":1,"retryReasons":[],"status":"passed","title":"should block micro rewards when daily cap is reached"},{"ancestorTitles":["Reward Caps & Cooldowns","Daily Micro-Reward Cap (25 credits/day)"],"duration":3,"failureDetails":[],"failureMessages":[],"fullName":"Reward Caps & Cooldowns Daily Micro-Reward Cap (25 credits/day) should reset cap at midnight (new day)","invocations":1,"location":{"column":5,"line":143},"numPassingAsserts":1,"retryReasons":[],"status":"passed","title":"should reset cap at midnight (new day)"},{"ancestorTitles":["Reward Caps & Cooldowns","Daily Micro-Reward Cap (25 credits/day)"],"duration":3,"failureDetails":[],"failureMessages":[],"fullName":"Reward Caps & Cooldowns Daily Micro-Reward Cap (25 credits/day) should count only REWARD transactions toward cap","invocations":1,"location":{"column":5,"line":184},"numPassingAsserts":1,"retryReasons":[],"status":"passed","title":"should count only REWARD transactions toward cap"},{"ancestorTitles":["Reward Caps & Cooldowns","Jackpot Cooldown (7 days)"],"duration":3,"failureDetails":[],"failureMessages":[],"fullName":"Reward Caps & Cooldowns Jackpot Cooldown (7 days) should allow jackpot if no recent jackpot won","invocations":1,"location":{"column":5,"line":228},"numPassingAsserts":1,"retryReasons":[],"status":"passed","title":"should allow jackpot if no recent jackpot won"},{"ancestorTitles":["Reward Caps & Cooldowns","Jackpot Cooldown (7 days)"],"duration":2,"failureDetails":[],"failureMessages":[],"fullName":"Reward Caps & Cooldowns Jackpot Cooldown (7 days) should block jackpot if won within last 7 days","invocations":1,"location":{"column":5,"line":271},"numPassingAsserts":1,"retryReasons":[],"status":"passed","title":"should block jackpot if won within last 7 days"},{"ancestorTitles":["Reward Caps & Cooldowns","Jackpot Cooldown (7 days)"],"duration":2,"failureDetails":[],"failureMessages":[],"fullName":"Reward Caps & Cooldowns Jackpot Cooldown (7 days) should allow jackpot after 7-day cooldown expires","invocations":1,"location":{"column":5,"line":318},"numPassingAsserts":1,"retryReasons":[],"status":"passed","title":"should allow jackpot after 7-day cooldown expires"},{"ancestorTitles":["Reward Caps & Cooldowns","Cap & Cooldown Interaction"],"duration":3,"failureDetails":[],"failureMessages":[],"fullName":"Reward Caps & Cooldowns Cap & Cooldown Interaction should fallback to micro when jackpot blocked by cooldown","invocations":1,"location":{"column":5,"line":366},"numPassingAsserts":1,"retryReasons":[],"status":"passed","title":"should fallback to micro when jackpot blocked by cooldown"},{"ancestorTitles":["Reward Caps & Cooldowns","Cap & Cooldown Interaction"],"duration":2,"failureDetails":[],"failureMessages":[],"fullName":"Reward Caps & Cooldowns Cap & Cooldown Interaction should give 0 when jackpot blocked and micro cap reached","invocations":1,"location":{"column":5,"line":412},"numPassingAsserts":1,"retryReasons":[],"status":"passed","title":"should give 0 when jackpot blocked and micro cap reached"},{"ancestorTitles":["Reward Caps & Cooldowns","Behavioral Interviews (No Rewards)"],"duration":3,"failureDetails":[],"failureMessages":[],"fullName":"Reward Caps & Cooldowns Behavioral Interviews (No Rewards) should never give rewards for behavioral interviews","invocations":1,"location":{"column":5,"line":459},"numPassingAsserts":1,"retryReasons":[],"status":"passed","title":"should never give rewards for behavioral interviews"}],"endTime":1769716072201,"message":"","name":"C:\\Projects\\ats-interview-app\\__tests__\\api\\interview\\reward-caps.test.ts","startTime":1769716071784,"status":"passed","summary":""},{"assertionResults":[{"ancestorTitles":["POST /api/interview/evaluate","Request Validation"],"duration":6,"failureDetails":[],"failureMessages":[],"fullName":"POST /api/interview/evaluate Request Validation should reject empty question","invocations":1,"location":{"column":5,"line":48},"numPassingAsserts":1,"retryReasons":[],"status":"passed","title":"should reject empty question"},{"ancestorTitles":["POST /api/interview/evaluate","Request Validation"],"duration":3,"failureDetails":[],"failureMessages":[],"fullName":"POST /api/interview/evaluate Request Validation should reject empty answer","invocations":1,"location":{"column":5,"line":62},"numPassingAsserts":1,"retryReasons":[],"status":"passed","title":"should reject empty answer"},{"ancestorTitles":["POST /api/interview/evaluate","Request Validation"],"duration":3,"failureDetails":[],"failureMessages":[],"fullName":"POST /api/interview/evaluate Request Validation should reject invalid type","invocations":1,"location":{"column":5,"line":76},"numPassingAsserts":1,"retryReasons":[],"status":"passed","title":"should reject invalid type"},{"ancestorTitles":["POST /api/interview/evaluate","Request Validation"],"duration":2,"failureDetails":[],"failureMessages":[],"fullName":"POST /api/interview/evaluate Request Validation should accept valid technical request","invocations":1,"location":{"column":5,"line":90},"numPassingAsserts":1,"retryReasons":[],"status":"passed","title":"should accept valid technical request"},{"ancestorTitles":["POST /api/interview/evaluate","Request Validation"],"duration":2,"failureDetails":[],"failureMessages":[],"fullName":"POST /api/interview/evaluate Request Validation should accept valid behavioral request","invocations":1,"location":{"column":5,"line":106},"numPassingAsserts":1,"retryReasons":[],"status":"passed","title":"should accept valid behavioral request"},{"ancestorTitles":["POST /api/interview/evaluate","Credit System"],"duration":2,"failureDetails":[],"failureMessages":[],"fullName":"POST /api/interview/evaluate Credit System should deduct 1 credit per evaluation","invocations":1,"location":{"column":5,"line":124},"numPassingAsserts":1,"retryReasons":[],"status":"passed","title":"should deduct 1 credit per evaluation"},{"ancestorTitles":["POST /api/interview/evaluate","Credit System"],"duration":2,"failureDetails":[],"failureMessages":[],"fullName":"POST /api/interview/evaluate Credit System should use BEHAV_Q for behavioral questions","invocations":1,"location":{"column":5,"line":140},"numPassingAsserts":1,"retryReasons":[],"status":"passed","title":"should use BEHAV_Q for behavioral questions"},{"ancestorTitles":["POST /api/interview/evaluate","Credit System"],"duration":2,"failureDetails":[],"failureMessages":[],"fullName":"POST /api/interview/evaluate Credit System should return 402 when insufficient credits","invocations":1,"location":{"column":5,"line":156},"numPassingAsserts":1,"retryReasons":[],"status":"passed","title":"should return 402 when insufficient credits"},{"ancestorTitles":["POST /api/interview/evaluate","Credit System"],"duration":2,"failureDetails":[],"failureMessages":[],"fullName":"POST /api/interview/evaluate Credit System should refund credit on error","invocations":1,"location":{"column":5,"line":171},"numPassingAsserts":1,"retryReasons":[],"status":"passed","title":"should refund credit on error"},{"ancestorTitles":["POST /api/interview/evaluate","Session Management"],"duration":2,"failureDetails":[],"failureMessages":[],"fullName":"POST /api/interview/evaluate Session Management should return 404 for non-existent session","invocations":1,"location":{"column":5,"line":189},"numPassingAsserts":1,"retryReasons":[],"status":"passed","title":"should return 404 for non-existent session"},{"ancestorTitles":["POST /api/interview/evaluate","Session Management"],"duration":1,"failureDetails":[],"failureMessages":[],"fullName":"POST /api/interview/evaluate Session Management should return 404 when session belongs to different user","invocations":1,"location":{"column":5,"line":205},"numPassingAsserts":1,"retryReasons":[],"status":"passed","title":"should return 404 when session belongs to different user"},{"ancestorTitles":["POST /api/interview/evaluate","Session Management"],"duration":2,"failureDetails":[],"failureMessages":[],"fullName":"POST /api/interview/evaluate Session Management should return 400 for session type mismatch","invocations":1,"location":{"column":5,"line":228},"numPassingAsserts":1,"retryReasons":[],"status":"passed","title":"should return 400 for session type mismatch"},{"ancestorTitles":["POST /api/interview/evaluate","Session Management"],"duration":1,"failureDetails":[],"failureMessages":[],"fullName":"POST /api/interview/evaluate Session Management should return 409 for completed session","invocations":1,"location":{"column":5,"line":251},"numPassingAsserts":1,"retryReasons":[],"status":"passed","title":"should return 409 for completed session"},{"ancestorTitles":["POST /api/interview/evaluate","Session Management"],"duration":1,"failureDetails":[],"failureMessages":[],"fullName":"POST /api/interview/evaluate Session Management should return 409 for duplicate question in session","invocations":1,"location":{"column":5,"line":274},"numPassingAsserts":1,"retryReasons":[],"status":"passed","title":"should return 409 for duplicate question in session"},{"ancestorTitles":["POST /api/interview/evaluate","Session Management"],"duration":3,"failureDetails":[],"failureMessages":[],"fullName":"POST /api/interview/evaluate Session Management should create new session when sessionId not provided","invocations":1,"location":{"column":5,"line":301},"numPassingAsserts":2,"retryReasons":[],"status":"passed","title":"should create new session when sessionId not provided"},{"ancestorTitles":["POST /api/interview/evaluate","Heuristic Evaluation"],"duration":2,"failureDetails":[],"failureMessages":[],"fullName":"POST /api/interview/evaluate Heuristic Evaluation should mark short answers as incorrect","invocations":1,"location":{"column":5,"line":321},"numPassingAsserts":1,"retryReasons":[],"status":"passed","title":"should mark short answers as incorrect"},{"ancestorTitles":["POST /api/interview/evaluate","Heuristic Evaluation"],"duration":2,"failureDetails":[],"failureMessages":[],"fullName":"POST /api/interview/evaluate Heuristic Evaluation should evaluate based on keyword matching","invocations":1,"location":{"column":5,"line":338},"numPassingAsserts":2,"retryReasons":[],"status":"passed","title":"should evaluate based on keyword matching"},{"ancestorTitles":["POST /api/interview/evaluate","Response Structure"],"duration":3,"failureDetails":[],"failureMessages":[],"fullName":"POST /api/interview/evaluate Response Structure should return correct structure for technical questions","invocations":1,"location":{"column":5,"line":358},"numPassingAsserts":8,"retryReasons":[],"status":"passed","title":"should return correct structure for technical questions"},{"ancestorTitles":["POST /api/interview/evaluate","Response Structure"],"duration":12,"failureDetails":[],"failureMessages":[],"fullName":"POST /api/interview/evaluate Response Structure should return correct structure for behavioral questions","invocations":1,"location":{"column":5,"line":382},"numPassingAsserts":6,"retryReasons":[],"status":"passed","title":"should return correct structure for behavioral questions"},{"ancestorTitles":["POST /api/interview/evaluate","Reward System"],"duration":3,"failureDetails":[],"failureMessages":[],"fullName":"POST /api/interview/evaluate Reward System should include reward info when session completes","invocations":1,"location":{"column":5,"line":406},"numPassingAsserts":3,"retryReasons":[],"status":"passed","title":"should include reward info when session completes"},{"ancestorTitles":["POST /api/interview/evaluate","Reward System"],"duration":3,"failureDetails":[],"failureMessages":[],"fullName":"POST /api/interview/evaluate Reward System should not give rewards for behavioral questions","invocations":1,"location":{"column":5,"line":429},"numPassingAsserts":1,"retryReasons":[],"status":"passed","title":"should not give rewards for behavioral questions"}],"endTime":1769716072641,"message":"","name":"C:\\Projects\\ats-interview-app\\__tests__\\api\\interview\\evaluate.test.ts","startTime":1769716072216,"status":"passed","summary":""},{"assertionResults":[{"ancestorTitles":["Auth Utilities","verifyAuthToken"],"duration":1,"failureDetails":[],"failureMessages":[],"fullName":"Auth Utilities verifyAuthToken should return demo user for DEMO_TOKEN","invocations":1,"location":{"column":5,"line":40},"numPassingAsserts":3,"retryReasons":[],"status":"passed","title":"should return demo user for DEMO_TOKEN"},{"ancestorTitles":["Auth Utilities","verifyAuthToken"],"duration":1,"failureDetails":[],"failureMessages":[],"fullName":"Auth Utilities verifyAuthToken should verify Firebase token when admin auth available","invocations":1,"location":{"column":5,"line":53},"numPassingAsserts":3,"retryReasons":[],"status":"passed","title":"should verify Firebase token when admin auth available"},{"ancestorTitles":["Auth Utilities","verifyAuthToken"],"duration":0,"failureDetails":[],"failureMessages":[],"fullName":"Auth Utilities verifyAuthToken should return null when admin auth is not available","invocations":1,"location":{"column":5,"line":72},"numPassingAsserts":1,"retryReasons":[],"status":"passed","title":"should return null when admin auth is not available"},{"ancestorTitles":["Auth Utilities","verifyAuthToken"],"duration":13,"failureDetails":[],"failureMessages":[],"fullName":"Auth Utilities verifyAuthToken should return null when token verification fails","invocations":1,"location":{"column":5,"line":80},"numPassingAsserts":1,"retryReasons":[],"status":"passed","title":"should return null when token verification fails"},{"ancestorTitles":["Auth Utilities","verifyAuthToken"],"duration":1,"failureDetails":[],"failureMessages":[],"fullName":"Auth Utilities verifyAuthToken should handle missing email in decoded token","invocations":1,"location":{"column":5,"line":92},"numPassingAsserts":1,"retryReasons":[],"status":"passed","title":"should handle missing email in decoded token"},{"ancestorTitles":["Auth Utilities","syncUserToDatabase"],"duration":1,"failureDetails":[],"failureMessages":[],"fullName":"Auth Utilities syncUserToDatabase should create new user if not exists","invocations":1,"location":{"column":5,"line":109},"numPassingAsserts":2,"retryReasons":[],"status":"passed","title":"should create new user if not exists"},{"ancestorTitles":["Auth Utilities","syncUserToDatabase"],"duration":1,"failureDetails":[],"failureMessages":[],"fullName":"Auth Utilities syncUserToDatabase should give demo user 1000 credits and ULTRA plan","invocations":1,"location":{"column":5,"line":152},"numPassingAsserts":1,"retryReasons":[],"status":"passed","title":"should give demo user 1000 credits and ULTRA plan"},{"ancestorTitles":["Auth Utilities","syncUserToDatabase"],"duration":1,"failureDetails":[],"failureMessages":[],"fullName":"Auth Utilities syncUserToDatabase should update existing user on subsequent logins","invocations":1,"location":{"column":5,"line":188},"numPassingAsserts":1,"retryReasons":[],"status":"passed","title":"should update existing user on subsequent logins"},{"ancestorTitles":["Auth Utilities","resolveUserId"],"duration":1,"failureDetails":[],"failureMessages":[],"fullName":"Auth Utilities resolveUserId should return demo user ID when no token provided","invocations":1,"location":{"column":5,"line":226},"numPassingAsserts":2,"retryReasons":[],"status":"passed","title":"should return demo user ID when no token provided"},{"ancestorTitles":["Auth Utilities","resolveUserId"],"duration":2,"failureDetails":[],"failureMessages":[],"fullName":"Auth Utilities resolveUserId should return demo user ID for invalid token","invocations":1,"location":{"column":5,"line":242},"numPassingAsserts":1,"retryReasons":[],"status":"passed","title":"should return demo user ID for invalid token"},{"ancestorTitles":["Auth Utilities","resolveUserId"],"duration":1,"failureDetails":[],"failureMessages":[],"fullName":"Auth Utilities resolveUserId should return synced user ID for valid token","invocations":1,"location":{"column":5,"line":262},"numPassingAsserts":1,"retryReasons":[],"status":"passed","title":"should return synced user ID for valid token"},{"ancestorTitles":["Auth Utilities","resolveUserId"],"duration":1,"failureDetails":[],"failureMessages":[],"fullName":"Auth Utilities resolveUserId should handle DEMO_TOKEN","invocations":1,"location":{"column":5,"line":298},"numPassingAsserts":1,"retryReasons":[],"status":"passed","title":"should handle DEMO_TOKEN"},{"ancestorTitles":["Auth Utilities","getUserByEmail"],"duration":0,"failureDetails":[],"failureMessages":[],"fullName":"Auth Utilities getUserByEmail should return user when found","invocations":1,"location":{"column":5,"line":333},"numPassingAsserts":2,"retryReasons":[],"status":"passed","title":"should return user when found"},{"ancestorTitles":["Auth Utilities","getUserByEmail"],"duration":0,"failureDetails":[],"failureMessages":[],"fullName":"Auth Utilities getUserByEmail should return null when user not found","invocations":1,"location":{"column":5,"line":358},"numPassingAsserts":1,"retryReasons":[],"status":"passed","title":"should return null when user not found"}],"endTime":1769716072967,"message":"","name":"C:\\Projects\\ats-interview-app\\__tests__\\lib\\auth-utils.test.ts","startTime":1769716072655,"status":"passed","summary":""},{"assertionResults":[{"ancestorTitles":["POST /api/textbook/flashcards/[id]/review"],"duration":4,"failureDetails":[],"failureMessages":[],"fullName":"POST /api/textbook/flashcards/[id]/review returns 400 for invalid quality","invocations":1,"location":{"column":3,"line":24},"numPassingAsserts":2,"retryReasons":[],"status":"passed","title":"returns 400 for invalid quality"},{"ancestorTitles":["POST /api/textbook/flashcards/[id]/review"],"duration":2,"failureDetails":[],"failureMessages":[],"fullName":"POST /api/textbook/flashcards/[id]/review returns 404 when flashcard is missing","invocations":1,"location":{"column":3,"line":39},"numPassingAsserts":2,"retryReasons":[],"status":"passed","title":"returns 404 when flashcard is missing"},{"ancestorTitles":["POST /api/textbook/flashcards/[id]/review"],"duration":2,"failureDetails":[],"failureMessages":[],"fullName":"POST /api/textbook/flashcards/[id]/review updates flashcard schedule and records review","invocations":1,"location":{"column":3,"line":55},"numPassingAsserts":4,"retryReasons":[],"status":"passed","title":"updates flashcard schedule and records review"},{"ancestorTitles":["POST /api/textbook/flashcards/[id]/review"],"duration":6,"failureDetails":[],"failureMessages":[],"fullName":"POST /api/textbook/flashcards/[id]/review returns 500 when review fails","invocations":1,"location":{"column":3,"line":107},"numPassingAsserts":2,"retryReasons":[],"status":"passed","title":"returns 500 when review fails"}],"endTime":1769716073313,"message":"","name":"C:\\Projects\\ats-interview-app\\__tests__\\api\\textbook\\flashcards-review.test.ts","startTime":1769716072992,"status":"passed","summary":""},{"assertionResults":[{"ancestorTitles":["requireCredits Middleware"],"duration":3,"failureDetails":[],"failureMessages":[],"fullName":"requireCredits Middleware should resolve user ID and pass it to handler","invocations":1,"location":{"column":3,"line":31},"numPassingAsserts":1,"retryReasons":[],"status":"passed","title":"should resolve user ID and pass it to handler"},{"ancestorTitles":["requireCredits Middleware"],"duration":1,"failureDetails":[],"failureMessages":[],"fullName":"requireCredits Middleware should deduct credits before calling handler","invocations":1,"location":{"column":3,"line":47},"numPassingAsserts":2,"retryReasons":[],"status":"passed","title":"should deduct credits before calling handler"},{"ancestorTitles":["requireCredits Middleware"],"duration":1,"failureDetails":[],"failureMessages":[],"fullName":"requireCredits Middleware should return 402 when insufficient credits","invocations":1,"location":{"column":3,"line":65},"numPassingAsserts":3,"retryReasons":[],"status":"passed","title":"should return 402 when insufficient credits"},{"ancestorTitles":["requireCredits Middleware"],"duration":1,"failureDetails":[],"failureMessages":[],"fullName":"requireCredits Middleware should refund credits when handler fails","invocations":1,"location":{"column":3,"line":82},"numPassingAsserts":2,"retryReasons":[],"status":"passed","title":"should refund credits when handler fails"},{"ancestorTitles":["requireCredits Middleware"],"duration":1,"failureDetails":[],"failureMessages":[],"fullName":"requireCredits Middleware should refund credits when handler returns non-OK response","invocations":1,"location":{"column":3,"line":98},"numPassingAsserts":1,"retryReasons":[],"status":"passed","title":"should refund credits when handler returns non-OK response"},{"ancestorTitles":["requireCredits Middleware"],"duration":1,"failureDetails":[],"failureMessages":[],"fullName":"requireCredits Middleware should not refund credits when handler succeeds","invocations":1,"location":{"column":3,"line":115},"numPassingAsserts":1,"retryReasons":[],"status":"passed","title":"should not refund credits when handler succeeds"},{"ancestorTitles":["requireCredits Middleware"],"duration":2,"failureDetails":[],"failureMessages":[],"fullName":"requireCredits Middleware should handle User not found error from ensureCredits","invocations":1,"location":{"column":3,"line":131},"numPassingAsserts":2,"retryReasons":[],"status":"passed","title":"should handle User not found error from ensureCredits"},{"ancestorTitles":["requireCredits Middleware"],"duration":1,"failureDetails":[],"failureMessages":[],"fullName":"requireCredits Middleware should handle ATS_SCAN with cost 2","invocations":1,"location":{"column":4,"line":155},"numPassingAsserts":1,"retryReasons":[],"status":"passed","title":"should handle ATS_SCAN with cost 2"},{"ancestorTitles":["requireCredits Middleware"],"duration":1,"failureDetails":[],"failureMessages":[],"fullName":"requireCredits Middleware should handle COVER_LETTER with cost 3","invocations":1,"location":{"column":4,"line":155},"numPassingAsserts":1,"retryReasons":[],"status":"passed","title":"should handle COVER_LETTER with cost 3"},{"ancestorTitles":["requireCredits Middleware"],"duration":0,"failureDetails":[],"failureMessages":[],"fullName":"requireCredits Middleware should handle TECH_Q with cost 1","invocations":1,"location":{"column":4,"line":155},"numPassingAsserts":1,"retryReasons":[],"status":"passed","title":"should handle TECH_Q with cost 1"},{"ancestorTitles":["requireCredits Middleware"],"duration":1,"failureDetails":[],"failureMessages":[],"fullName":"requireCredits Middleware should handle BEHAV_Q with cost 1","invocations":1,"location":{"column":4,"line":155},"numPassingAsserts":1,"retryReasons":[],"status":"passed","title":"should handle BEHAV_Q with cost 1"},{"ancestorTitles":["requireCredits Middleware"],"duration":1,"failureDetails":[],"failureMessages":[],"fullName":"requireCredits Middleware should handle TEXTBOOK_UPLOAD with cost 5","invocations":1,"location":{"column":4,"line":155},"numPassingAsserts":1,"retryReasons":[],"status":"passed","title":"should handle TEXTBOOK_UPLOAD with cost 5"},{"ancestorTitles":["requireCredits Middleware"],"duration":1,"failureDetails":[],"failureMessages":[],"fullName":"requireCredits Middleware should handle TEXTBOOK_GENERATE_FLASHCARDS with cost 2","invocations":1,"location":{"column":4,"line":155},"numPassingAsserts":1,"retryReasons":[],"status":"passed","title":"should handle TEXTBOOK_GENERATE_FLASHCARDS with cost 2"},{"ancestorTitles":["requireCredits Middleware"],"duration":0,"failureDetails":[],"failureMessages":[],"fullName":"requireCredits Middleware should handle TEXTBOOK_GENERATE_QUIZ with cost 2","invocations":1,"location":{"column":4,"line":155},"numPassingAsserts":1,"retryReasons":[],"status":"passed","title":"should handle TEXTBOOK_GENERATE_QUIZ with cost 2"}],"endTime":1769716073656,"message":"","name":"C:\\Projects\\ats-interview-app\\__tests__\\lib\\requireCredits.test.ts","startTime":1769716073331,"status":"passed","summary":""},{"assertionResults":[{"ancestorTitles":["Spaced Repetition Algorithm (SuperMemo 2)","Quality Rating Validation"],"duration":2,"failureDetails":[],"failureMessages":[],"fullName":"Spaced Repetition Algorithm (SuperMemo 2) Quality Rating Validation should accept quality ratings 0-5","invocations":1,"location":{"column":5,"line":85},"numPassingAsserts":6,"retryReasons":[],"status":"passed","title":"should accept quality ratings 0-5"},{"ancestorTitles":["Spaced Repetition Algorithm (SuperMemo 2)","Quality Rating Validation"],"duration":5,"failureDetails":[],"failureMessages":[],"fullName":"Spaced Repetition Algorithm (SuperMemo 2) Quality Rating Validation should reject quality ratings < 0","invocations":1,"location":{"column":5,"line":91},"numPassingAsserts":1,"retryReasons":[],"status":"passed","title":"should reject quality ratings < 0"},{"ancestorTitles":["Spaced Repetition Algorithm (SuperMemo 2)","Quality Rating Validation"],"duration":1,"failureDetails":[],"failureMessages":[],"fullName":"Spaced Repetition Algorithm (SuperMemo 2) Quality Rating Validation should reject quality ratings > 5","invocations":1,"location":{"column":5,"line":95},"numPassingAsserts":1,"retryReasons":[],"status":"passed","title":"should reject quality ratings > 5"},{"ancestorTitles":["Spaced Repetition Algorithm (SuperMemo 2)","First Review (New Card)"],"duration":13,"failureDetails":[],"failureMessages":[],"fullName":"Spaced Repetition Algorithm (SuperMemo 2) First Review (New Card) should schedule 1 day interval for quality 3 (correct but difficult)","invocations":1,"location":{"column":5,"line":101},"numPassingAsserts":3,"retryReasons":[],"status":"passed","title":"should schedule 1 day interval for quality 3 (correct but difficult)"},{"ancestorTitles":["Spaced Repetition Algorithm (SuperMemo 2)","First Review (New Card)"],"duration":1,"failureDetails":[],"failureMessages":[],"fullName":"Spaced Repetition Algorithm (SuperMemo 2) First Review (New Card) should schedule 1 day interval for quality 4 (correct with hesitation)","invocations":1,"location":{"column":5,"line":109},"numPassingAsserts":3,"retryReasons":[],"status":"passed","title":"should schedule 1 day interval for quality 4 (correct with hesitation)"},{"ancestorTitles":["Spaced Repetition Algorithm (SuperMemo 2)","First Review (New Card)"],"duration":0,"failureDetails":[],"failureMessages":[],"fullName":"Spaced Repetition Algorithm (SuperMemo 2) First Review (New Card) should schedule 1 day interval for quality 5 (perfect recall)","invocations":1,"location":{"column":5,"line":117},"numPassingAsserts":3,"retryReasons":[],"status":"passed","title":"should schedule 1 day interval for quality 5 (perfect recall)"},{"ancestorTitles":["Spaced Repetition Algorithm (SuperMemo 2)","First Review (New Card)"],"duration":1,"failureDetails":[],"failureMessages":[],"fullName":"Spaced Repetition Algorithm (SuperMemo 2) First Review (New Card) should reset to 1 day for failed recall (quality < 3)","invocations":1,"location":{"column":5,"line":125},"numPassingAsserts":3,"retryReasons":[],"status":"passed","title":"should reset to 1 day for failed recall (quality < 3)"},{"ancestorTitles":["Spaced Repetition Algorithm (SuperMemo 2)","Second Review"],"duration":1,"failureDetails":[],"failureMessages":[],"fullName":"Spaced Repetition Algorithm (SuperMemo 2) Second Review should schedule 6 days for quality 3+","invocations":1,"location":{"column":5,"line":135},"numPassingAsserts":2,"retryReasons":[],"status":"passed","title":"should schedule 6 days for quality 3+"},{"ancestorTitles":["Spaced Repetition Algorithm (SuperMemo 2)","Second Review"],"duration":1,"failureDetails":[],"failureMessages":[],"fullName":"Spaced Repetition Algorithm (SuperMemo 2) Second Review should schedule 6 days for quality 5","invocations":1,"location":{"column":5,"line":142},"numPassingAsserts":3,"retryReasons":[],"status":"passed","title":"should schedule 6 days for quality 5"},{"ancestorTitles":["Spaced Repetition Algorithm (SuperMemo 2)","Second Review"],"duration":0,"failureDetails":[],"failureMessages":[],"fullName":"Spaced Repetition Algorithm (SuperMemo 2) Second Review should reset if failed (quality < 3)","invocations":1,"location":{"column":5,"line":150},"numPassingAsserts":2,"retryReasons":[],"status":"passed","title":"should reset if failed (quality < 3)"},{"ancestorTitles":["Spaced Repetition Algorithm (SuperMemo 2)","Third and Subsequent Reviews"],"duration":0,"failureDetails":[],"failureMessages":[],"fullName":"Spaced Repetition Algorithm (SuperMemo 2) Third and Subsequent Reviews should use exponential growth based on ease factor","invocations":1,"location":{"column":5,"line":159},"numPassingAsserts":4,"retryReasons":[],"status":"passed","title":"should use exponential growth based on ease factor"},{"ancestorTitles":["Spaced Repetition Algorithm (SuperMemo 2)","Third and Subsequent Reviews"],"duration":1,"failureDetails":[],"failureMessages":[],"fullName":"Spaced Repetition Algorithm (SuperMemo 2) Third and Subsequent Reviews should increase intervals faster with higher ease factor","invocations":1,"location":{"column":5,"line":171},"numPassingAsserts":2,"retryReasons":[],"status":"passed","title":"should increase intervals faster with higher ease factor"},{"ancestorTitles":["Spaced Repetition Algorithm (SuperMemo 2)","Ease Factor Adjustments"],"duration":0,"failureDetails":[],"failureMessages":[],"fullName":"Spaced Repetition Algorithm (SuperMemo 2) Ease Factor Adjustments should increase ease factor for perfect recall (quality 5)","invocations":1,"location":{"column":5,"line":183},"numPassingAsserts":1,"retryReasons":[],"status":"passed","title":"should increase ease factor for perfect recall (quality 5)"},{"ancestorTitles":["Spaced Repetition Algorithm (SuperMemo 2)","Ease Factor Adjustments"],"duration":0,"failureDetails":[],"failureMessages":[],"fullName":"Spaced Repetition Algorithm (SuperMemo 2) Ease Factor Adjustments should decrease ease factor for difficult recall (quality 3)","invocations":1,"location":{"column":5,"line":188},"numPassingAsserts":1,"retryReasons":[],"status":"passed","title":"should decrease ease factor for difficult recall (quality 3)"},{"ancestorTitles":["Spaced Repetition Algorithm (SuperMemo 2)","Ease Factor Adjustments"],"duration":0,"failureDetails":[],"failureMessages":[],"fullName":"Spaced Repetition Algorithm (SuperMemo 2) Ease Factor Adjustments should significantly decrease ease factor for failed recall","invocations":1,"location":{"column":5,"line":193},"numPassingAsserts":1,"retryReasons":[],"status":"passed","title":"should significantly decrease ease factor for failed recall"},{"ancestorTitles":["Spaced Repetition Algorithm (SuperMemo 2)","Ease Factor Adjustments"],"duration":1,"failureDetails":[],"failureMessages":[],"fullName":"Spaced Repetition Algorithm (SuperMemo 2) Ease Factor Adjustments should never go below minimum ease factor of 1.3","invocations":1,"location":{"column":5,"line":198},"numPassingAsserts":1,"retryReasons":[],"status":"passed","title":"should never go below minimum ease factor of 1.3"},{"ancestorTitles":["Spaced Repetition Algorithm (SuperMemo 2)","Realistic Learning Patterns"],"duration":1,"failureDetails":[],"failureMessages":[],"fullName":"Spaced Repetition Algorithm (SuperMemo 2) Realistic Learning Patterns should simulate a card learned well over time","invocations":1,"location":{"column":5,"line":210},"numPassingAsserts":10,"retryReasons":[],"status":"passed","title":"should simulate a card learned well over time"},{"ancestorTitles":["Spaced Repetition Algorithm (SuperMemo 2)","Realistic Learning Patterns"],"duration":1,"failureDetails":[],"failureMessages":[],"fullName":"Spaced Repetition Algorithm (SuperMemo 2) Realistic Learning Patterns should simulate a difficult card with mixed results","invocations":1,"location":{"column":5,"line":240},"numPassingAsserts":8,"retryReasons":[],"status":"passed","title":"should simulate a difficult card with mixed results"},{"ancestorTitles":["Spaced Repetition Algorithm (SuperMemo 2)","Realistic Learning Patterns"],"duration":1,"failureDetails":[],"failureMessages":[],"fullName":"Spaced Repetition Algorithm (SuperMemo 2) Realistic Learning Patterns should handle repeated failures gracefully","invocations":1,"location":{"column":5,"line":268},"numPassingAsserts":12,"retryReasons":[],"status":"passed","title":"should handle repeated failures gracefully"},{"ancestorTitles":["Spaced Repetition Algorithm (SuperMemo 2)","Next Review Date Calculation"],"duration":0,"failureDetails":[],"failureMessages":[],"fullName":"Spaced Repetition Algorithm (SuperMemo 2) Next Review Date Calculation should calculate correct date for 1-day interval","invocations":1,"location":{"column":5,"line":292},"numPassingAsserts":1,"retryReasons":[],"status":"passed","title":"should calculate correct date for 1-day interval"},{"ancestorTitles":["Spaced Repetition Algorithm (SuperMemo 2)","Next Review Date Calculation"],"duration":0,"failureDetails":[],"failureMessages":[],"fullName":"Spaced Repetition Algorithm (SuperMemo 2) Next Review Date Calculation should calculate correct date for 6-day interval","invocations":1,"location":{"column":5,"line":301},"numPassingAsserts":1,"retryReasons":[],"status":"passed","title":"should calculate correct date for 6-day interval"},{"ancestorTitles":["Spaced Repetition Algorithm (SuperMemo 2)","Next Review Date Calculation"],"duration":1,"failureDetails":[],"failureMessages":[],"fullName":"Spaced Repetition Algorithm (SuperMemo 2) Next Review Date Calculation should set time to start of day (00:00:00)","invocations":1,"location":{"column":5,"line":310},"numPassingAsserts":4,"retryReasons":[],"status":"passed","title":"should set time to start of day (00:00:00)"},{"ancestorTitles":["Spaced Repetition Algorithm (SuperMemo 2)","Edge Cases"],"duration":1,"failureDetails":[],"failureMessages":[],"fullName":"Spaced Repetition Algorithm (SuperMemo 2) Edge Cases should handle very high repetition counts","invocations":1,"location":{"column":5,"line":321},"numPassingAsserts":3,"retryReasons":[],"status":"passed","title":"should handle very high repetition counts"},{"ancestorTitles":["Spaced Repetition Algorithm (SuperMemo 2)","Edge Cases"],"duration":0,"failureDetails":[],"failureMessages":[],"fullName":"Spaced Repetition Algorithm (SuperMemo 2) Edge Cases should handle fractional intervals (round correctly)","invocations":1,"location":{"column":5,"line":329},"numPassingAsserts":2,"retryReasons":[],"status":"passed","title":"should handle fractional intervals (round correctly)"},{"ancestorTitles":["Spaced Repetition Algorithm (SuperMemo 2)","Edge Cases"],"duration":1,"failureDetails":[],"failureMessages":[],"fullName":"Spaced Repetition Algorithm (SuperMemo 2) Edge Cases should maintain consistency across multiple reviews","invocations":1,"location":{"column":5,"line":337},"numPassingAsserts":9,"retryReasons":[],"status":"passed","title":"should maintain consistency across multiple reviews"},{"ancestorTitles":["Spaced Repetition Algorithm (SuperMemo 2)","Performance Characteristics"],"duration":2,"failureDetails":[],"failureMessages":[],"fullName":"Spaced Repetition Algorithm (SuperMemo 2) Performance Characteristics should complete calculation in under 1ms","invocations":1,"location":{"column":5,"line":361},"numPassingAsserts":1,"retryReasons":[],"status":"passed","title":"should complete calculation in under 1ms"}],"endTime":1769716073937,"message":"","name":"C:\\Projects\\ats-interview-app\\__tests__\\lib\\spaced-repetition.test.ts","startTime":1769716073669,"status":"passed","summary":""},{"assertionResults":[{"ancestorTitles":["GET /api/textbook/flashcards/list"],"duration":8,"failureDetails":[],"failureMessages":[],"fullName":"GET /api/textbook/flashcards/list returns flashcards for the user","invocations":1,"location":{"column":3,"line":24},"numPassingAsserts":3,"retryReasons":[],"status":"passed","title":"returns flashcards for the user"},{"ancestorTitles":["GET /api/textbook/flashcards/list"],"duration":4,"failureDetails":[],"failureMessages":[],"fullName":"GET /api/textbook/flashcards/list filters by textbook when provided","invocations":1,"location":{"column":3,"line":59},"numPassingAsserts":2,"retryReasons":[],"status":"passed","title":"filters by textbook when provided"},{"ancestorTitles":["GET /api/textbook/flashcards/list"],"duration":3,"failureDetails":[],"failureMessages":[],"fullName":"GET /api/textbook/flashcards/list clamps invalid limits to the default","invocations":1,"location":{"column":3,"line":74},"numPassingAsserts":1,"retryReasons":[],"status":"passed","title":"clamps invalid limits to the default"},{"ancestorTitles":["GET /api/textbook/flashcards/list"],"duration":10,"failureDetails":[],"failureMessages":[],"fullName":"GET /api/textbook/flashcards/list handles errors gracefully","invocations":1,"location":{"column":3,"line":88},"numPassingAsserts":2,"retryReasons":[],"status":"passed","title":"handles errors gracefully"}],"endTime":1769716074281,"message":"","name":"C:\\Projects\\ats-interview-app\\__tests__\\api\\textbook\\flashcards-list.test.ts","startTime":1769716073952,"status":"passed","summary":""},{"assertionResults":[{"ancestorTitles":["GET /api/user/transactions"],"duration":4,"failureDetails":[],"failureMessages":[],"fullName":"GET /api/user/transactions should return user transactions","invocations":1,"location":{"column":3,"line":23},"numPassingAsserts":4,"retryReasons":[],"status":"passed","title":"should return user transactions"},{"ancestorTitles":["GET /api/user/transactions"],"duration":2,"failureDetails":[],"failureMessages":[],"fullName":"GET /api/user/transactions should return empty array for user with no transactions","invocations":1,"location":{"column":3,"line":40},"numPassingAsserts":2,"retryReasons":[],"status":"passed","title":"should return empty array for user with no transactions"},{"ancestorTitles":["GET /api/user/transactions"],"duration":2,"failureDetails":[],"failureMessages":[],"fullName":"GET /api/user/transactions should respect limit parameter","invocations":1,"location":{"column":3,"line":52},"numPassingAsserts":1,"retryReasons":[],"status":"passed","title":"should respect limit parameter"},{"ancestorTitles":["GET /api/user/transactions"],"duration":1,"failureDetails":[],"failureMessages":[],"fullName":"GET /api/user/transactions should cap limit at 100","invocations":1,"location":{"column":3,"line":68},"numPassingAsserts":1,"retryReasons":[],"status":"passed","title":"should cap limit at 100"},{"ancestorTitles":["GET /api/user/transactions"],"duration":1,"failureDetails":[],"failureMessages":[],"fullName":"GET /api/user/transactions should default to 50 transactions","invocations":1,"location":{"column":3,"line":82},"numPassingAsserts":1,"retryReasons":[],"status":"passed","title":"should default to 50 transactions"},{"ancestorTitles":["GET /api/user/transactions"],"duration":1,"failureDetails":[],"failureMessages":[],"fullName":"GET /api/user/transactions should order by createdAt descending","invocations":1,"location":{"column":3,"line":96},"numPassingAsserts":1,"retryReasons":[],"status":"passed","title":"should order by createdAt descending"},{"ancestorTitles":["GET /api/user/transactions"],"duration":1,"failureDetails":[],"failureMessages":[],"fullName":"GET /api/user/transactions should only select specific fields","invocations":1,"location":{"column":3,"line":110},"numPassingAsserts":1,"retryReasons":[],"status":"passed","title":"should only select specific fields"},{"ancestorTitles":["GET /api/user/transactions"],"duration":5,"failureDetails":[],"failureMessages":[],"fullName":"GET /api/user/transactions should handle database errors","invocations":1,"location":{"column":3,"line":129},"numPassingAsserts":1,"retryReasons":[],"status":"passed","title":"should handle database errors"}],"endTime":1769716074651,"message":"","name":"C:\\Projects\\ats-interview-app\\__tests__\\api\\user\\transactions.test.ts","startTime":1769716074302,"status":"passed","summary":""},{"assertionResults":[{"ancestorTitles":["Check-in API","GET /api/user/checkin"],"duration":4,"failureDetails":[],"failureMessages":[],"fullName":"Check-in API GET /api/user/checkin should return check-in status for new user","invocations":1,"location":{"column":5,"line":29},"numPassingAsserts":3,"retryReasons":[],"status":"passed","title":"should return check-in status for new user"},{"ancestorTitles":["Check-in API","GET /api/user/checkin"],"duration":3,"failureDetails":[],"failureMessages":[],"fullName":"Check-in API GET /api/user/checkin should return check-in status for existing user","invocations":1,"location":{"column":5,"line":42},"numPassingAsserts":3,"retryReasons":[],"status":"passed","title":"should return check-in status for existing user"},{"ancestorTitles":["Check-in API","GET /api/user/checkin"],"duration":2,"failureDetails":[],"failureMessages":[],"fullName":"Check-in API GET /api/user/checkin should indicate cannot check in if already checked in today","invocations":1,"location":{"column":5,"line":63},"numPassingAsserts":1,"retryReasons":[],"status":"passed","title":"should indicate cannot check in if already checked in today"},{"ancestorTitles":["Check-in API","POST /api/user/checkin"],"duration":2,"failureDetails":[],"failureMessages":[],"fullName":"Check-in API POST /api/user/checkin should perform first check-in successfully","invocations":1,"location":{"column":5,"line":83},"numPassingAsserts":3,"retryReasons":[],"status":"passed","title":"should perform first check-in successfully"},{"ancestorTitles":["Check-in API","POST /api/user/checkin"],"duration":2,"failureDetails":[],"failureMessages":[],"fullName":"Check-in API POST /api/user/checkin should return already checked in message","invocations":1,"location":{"column":5,"line":114},"numPassingAsserts":2,"retryReasons":[],"status":"passed","title":"should return already checked in message"},{"ancestorTitles":["Check-in API","POST /api/user/checkin"],"duration":2,"failureDetails":[],"failureMessages":[],"fullName":"Check-in API POST /api/user/checkin should increment streak for consecutive days","invocations":1,"location":{"column":5,"line":150},"numPassingAsserts":2,"retryReasons":[],"status":"passed","title":"should increment streak for consecutive days"},{"ancestorTitles":["Check-in API","POST /api/user/checkin"],"duration":1,"failureDetails":[],"failureMessages":[],"fullName":"Check-in API POST /api/user/checkin should reset streak after missed day","invocations":1,"location":{"column":5,"line":183},"numPassingAsserts":2,"retryReasons":[],"status":"passed","title":"should reset streak after missed day"},{"ancestorTitles":["Check-in API","POST /api/user/checkin"],"duration":2,"failureDetails":[],"failureMessages":[],"fullName":"Check-in API POST /api/user/checkin should give weekly bonus on 7-day streak","invocations":1,"location":{"column":5,"line":216},"numPassingAsserts":3,"retryReasons":[],"status":"passed","title":"should give weekly bonus on 7-day streak"},{"ancestorTitles":["Check-in API","POST /api/user/checkin"],"duration":2,"failureDetails":[],"failureMessages":[],"fullName":"Check-in API POST /api/user/checkin should handle concurrent check-in attempts idempotently","invocations":1,"location":{"column":5,"line":250},"numPassingAsserts":2,"retryReasons":[],"status":"passed","title":"should handle concurrent check-in attempts idempotently"},{"ancestorTitles":["Check-in API","Streak Bonuses"],"duration":2,"failureDetails":[],"failureMessages":[],"fullName":"Check-in API Streak Bonuses should calculate correct bonus for 3 day streak","invocations":1,"location":{"column":6,"line":296},"numPassingAsserts":2,"retryReasons":[],"status":"passed","title":"should calculate correct bonus for 3 day streak"},{"ancestorTitles":["Check-in API","Streak Bonuses"],"duration":1,"failureDetails":[],"failureMessages":[],"fullName":"Check-in API Streak Bonuses should calculate correct bonus for 5 day streak","invocations":1,"location":{"column":6,"line":296},"numPassingAsserts":2,"retryReasons":[],"status":"passed","title":"should calculate correct bonus for 5 day streak"},{"ancestorTitles":["Check-in API","Streak Bonuses"],"duration":2,"failureDetails":[],"failureMessages":[],"fullName":"Check-in API Streak Bonuses should calculate correct bonus for 7 day streak","invocations":1,"location":{"column":6,"line":296},"numPassingAsserts":2,"retryReasons":[],"status":"passed","title":"should calculate correct bonus for 7 day streak"},{"ancestorTitles":["Check-in API","Streak Bonuses"],"duration":2,"failureDetails":[],"failureMessages":[],"fullName":"Check-in API Streak Bonuses should calculate correct bonus for 14 day streak","invocations":1,"location":{"column":6,"line":296},"numPassingAsserts":2,"retryReasons":[],"status":"passed","title":"should calculate correct bonus for 14 day streak"},{"ancestorTitles":["Check-in API","Streak Bonuses"],"duration":2,"failureDetails":[],"failureMessages":[],"fullName":"Check-in API Streak Bonuses should calculate correct bonus for 30 day streak","invocations":1,"location":{"column":6,"line":296},"numPassingAsserts":2,"retryReasons":[],"status":"passed","title":"should calculate correct bonus for 30 day streak"}],"endTime":1769716075003,"message":"","name":"C:\\Projects\\ats-interview-app\\__tests__\\api\\user\\checkin.test.ts","startTime":1769716074666,"status":"passed","summary":""},{"assertionResults":[{"ancestorTitles":["Profile API","GET /api/user/profile"],"duration":3,"failureDetails":[],"failureMessages":[],"fullName":"Profile API GET /api/user/profile should return user profile","invocations":1,"location":{"column":5,"line":24},"numPassingAsserts":4,"retryReasons":[],"status":"passed","title":"should return user profile"},{"ancestorTitles":["Profile API","GET /api/user/profile"],"duration":1,"failureDetails":[],"failureMessages":[],"fullName":"Profile API GET /api/user/profile should return 404 when user not found","invocations":1,"location":{"column":5,"line":49},"numPassingAsserts":1,"retryReasons":[],"status":"passed","title":"should return 404 when user not found"},{"ancestorTitles":["Profile API","GET /api/user/profile"],"duration":6,"failureDetails":[],"failureMessages":[],"fullName":"Profile API GET /api/user/profile should handle errors gracefully","invocations":1,"location":{"column":5,"line":59},"numPassingAsserts":1,"retryReasons":[],"status":"passed","title":"should handle errors gracefully"},{"ancestorTitles":["Profile API","PATCH /api/user/profile"],"duration":1,"failureDetails":[],"failureMessages":[],"fullName":"Profile API PATCH /api/user/profile should update allowed fields","invocations":1,"location":{"column":5,"line":71},"numPassingAsserts":3,"retryReasons":[],"status":"passed","title":"should update allowed fields"},{"ancestorTitles":["Profile API","PATCH /api/user/profile"],"duration":1,"failureDetails":[],"failureMessages":[],"fullName":"Profile API PATCH /api/user/profile should reject non-string values","invocations":1,"location":{"column":5,"line":103},"numPassingAsserts":1,"retryReasons":[],"status":"passed","title":"should reject non-string values"},{"ancestorTitles":["Profile API","PATCH /api/user/profile"],"duration":1,"failureDetails":[],"failureMessages":[],"fullName":"Profile API PATCH /api/user/profile should return 400 when no valid fields provided","invocations":1,"location":{"column":5,"line":131},"numPassingAsserts":1,"retryReasons":[],"status":"passed","title":"should return 400 when no valid fields provided"},{"ancestorTitles":["Profile API","PATCH /api/user/profile"],"duration":1,"failureDetails":[],"failureMessages":[],"fullName":"Profile API PATCH /api/user/profile should not allow updating email","invocations":1,"location":{"column":5,"line":146},"numPassingAsserts":1,"retryReasons":[],"status":"passed","title":"should not allow updating email"},{"ancestorTitles":["Profile API","PATCH /api/user/profile"],"duration":1,"failureDetails":[],"failureMessages":[],"fullName":"Profile API PATCH /api/user/profile should not allow updating credits directly","invocations":1,"location":{"column":5,"line":178},"numPassingAsserts":1,"retryReasons":[],"status":"passed","title":"should not allow updating credits directly"}],"endTime":1769716075397,"message":"","name":"C:\\Projects\\ats-interview-app\\__tests__\\api\\user\\profile.test.ts","startTime":1769716075023,"status":"passed","summary":""},{"assertionResults":[{"ancestorTitles":["GET /api/textbook/list"],"duration":5,"failureDetails":[],"failureMessages":[],"fullName":"GET /api/textbook/list returns textbooks with counts for the user","invocations":1,"location":{"column":3,"line":24},"numPassingAsserts":4,"retryReasons":[],"status":"passed","title":"returns textbooks with counts for the user"},{"ancestorTitles":["GET /api/textbook/list"],"duration":2,"failureDetails":[],"failureMessages":[],"fullName":"GET /api/textbook/list returns an empty list when no textbooks exist","invocations":1,"location":{"column":3,"line":56},"numPassingAsserts":2,"retryReasons":[],"status":"passed","title":"returns an empty list when no textbooks exist"},{"ancestorTitles":["GET /api/textbook/list"],"duration":4,"failureDetails":[],"failureMessages":[],"fullName":"GET /api/textbook/list handles errors gracefully","invocations":1,"location":{"column":3,"line":68},"numPassingAsserts":2,"retryReasons":[],"status":"passed","title":"handles errors gracefully"}],"endTime":1769716075729,"message":"","name":"C:\\Projects\\ats-interview-app\\__tests__\\api\\textbook\\list.test.ts","startTime":1769716075414,"status":"passed","summary":""},{"assertionResults":[{"ancestorTitles":["GET /api/user/credits"],"duration":2,"failureDetails":[],"failureMessages":[],"fullName":"GET /api/user/credits should return user credits and plan","invocations":1,"location":{"column":3,"line":24},"numPassingAsserts":3,"retryReasons":[],"status":"passed","title":"should return user credits and plan"},{"ancestorTitles":["GET /api/user/credits"],"duration":1,"failureDetails":[],"failureMessages":[],"fullName":"GET /api/user/credits should return 404 when user not found","invocations":1,"location":{"column":3,"line":40},"numPassingAsserts":1,"retryReasons":[],"status":"passed","title":"should return 404 when user not found"},{"ancestorTitles":["GET /api/user/credits"],"duration":6,"failureDetails":[],"failureMessages":[],"fullName":"GET /api/user/credits should handle database errors gracefully","invocations":1,"location":{"column":3,"line":50},"numPassingAsserts":1,"retryReasons":[],"status":"passed","title":"should handle database errors gracefully"},{"ancestorTitles":["GET /api/user/credits"],"duration":1,"failureDetails":[],"failureMessages":[],"fullName":"GET /api/user/credits should select only credits and plan fields","invocations":1,"location":{"column":3,"line":60},"numPassingAsserts":1,"retryReasons":[],"status":"passed","title":"should select only credits and plan fields"}],"endTime":1769716076107,"message":"","name":"C:\\Projects\\ats-interview-app\\__tests__\\api\\user\\credits.test.ts","startTime":1769716075743,"status":"passed","summary":""},{"assertionResults":[{"ancestorTitles":["Credits System","ensureCredits"],"duration":2,"failureDetails":[],"failureMessages":[],"fullName":"Credits System ensureCredits should deduct credits when user has sufficient balance","invocations":1,"location":{"column":5,"line":21},"numPassingAsserts":1,"retryReasons":[],"status":"passed","title":"should deduct credits when user has sufficient balance"},{"ancestorTitles":["Credits System","ensureCredits"],"duration":3,"failureDetails":[],"failureMessages":[],"fullName":"Credits System ensureCredits should throw error when user has insufficient credits","invocations":1,"location":{"column":5,"line":41},"numPassingAsserts":1,"retryReasons":[],"status":"passed","title":"should throw error when user has insufficient credits"},{"ancestorTitles":["Credits System","ensureCredits"],"duration":1,"failureDetails":[],"failureMessages":[],"fullName":"Credits System ensureCredits should throw error when user not found","invocations":1,"location":{"column":5,"line":61},"numPassingAsserts":1,"retryReasons":[],"status":"passed","title":"should throw error when user not found"},{"ancestorTitles":["Credits System","ensureCredits"],"duration":1,"failureDetails":[],"failureMessages":[],"fullName":"Credits System ensureCredits should create transaction record with correct type","invocations":1,"location":{"column":5,"line":81},"numPassingAsserts":1,"retryReasons":[],"status":"passed","title":"should create transaction record with correct type"},{"ancestorTitles":["Credits System","ensureCredits"],"duration":1,"failureDetails":[],"failureMessages":[],"fullName":"Credits System ensureCredits should handle zero cost correctly","invocations":1,"location":{"column":5,"line":107},"numPassingAsserts":1,"retryReasons":[],"status":"passed","title":"should handle zero cost correctly"},{"ancestorTitles":["Credits System","addCredits"],"duration":1,"failureDetails":[],"failureMessages":[],"fullName":"Credits System addCredits should add credits to user account","invocations":1,"location":{"column":5,"line":129},"numPassingAsserts":2,"retryReasons":[],"status":"passed","title":"should add credits to user account"},{"ancestorTitles":["Credits System","addCredits"],"duration":1,"failureDetails":[],"failureMessages":[],"fullName":"Credits System addCredits should create positive delta transaction","invocations":1,"location":{"column":5,"line":140},"numPassingAsserts":1,"retryReasons":[],"status":"passed","title":"should create positive delta transaction"},{"ancestorTitles":["Credits System","addCredits"],"duration":0,"failureDetails":[],"failureMessages":[],"fullName":"Credits System addCredits should default to STRIPE_TOPUP transaction type","invocations":1,"location":{"column":5,"line":151},"numPassingAsserts":1,"retryReasons":[],"status":"passed","title":"should default to STRIPE_TOPUP transaction type"},{"ancestorTitles":["Credits System","refundCredits"],"duration":1,"failureDetails":[],"failureMessages":[],"fullName":"Credits System refundCredits should refund credits to user account","invocations":1,"location":{"column":5,"line":161},"numPassingAsserts":1,"retryReasons":[],"status":"passed","title":"should refund credits to user account"},{"ancestorTitles":["Credits System","refundCredits"],"duration":1,"failureDetails":[],"failureMessages":[],"fullName":"Credits System refundCredits should default to REWARD transaction type","invocations":1,"location":{"column":5,"line":170},"numPassingAsserts":1,"retryReasons":[],"status":"passed","title":"should default to REWARD transaction type"},{"ancestorTitles":["Credits System","Transaction Types"],"duration":1,"failureDetails":[],"failureMessages":[],"fullName":"Credits System Transaction Types should handle ATS_SCAN transaction type with cost 2","invocations":1,"location":{"column":6,"line":188},"numPassingAsserts":1,"retryReasons":[],"status":"passed","title":"should handle ATS_SCAN transaction type with cost 2"},{"ancestorTitles":["Credits System","Transaction Types"],"duration":1,"failureDetails":[],"failureMessages":[],"fullName":"Credits System Transaction Types should handle COVER_LETTER transaction type with cost 3","invocations":1,"location":{"column":6,"line":188},"numPassingAsserts":1,"retryReasons":[],"status":"passed","title":"should handle COVER_LETTER transaction type with cost 3"},{"ancestorTitles":["Credits System","Transaction Types"],"duration":1,"failureDetails":[],"failureMessages":[],"fullName":"Credits System Transaction Types should handle TECH_Q transaction type with cost 1","invocations":1,"location":{"column":6,"line":188},"numPassingAsserts":1,"retryReasons":[],"status":"passed","title":"should handle TECH_Q transaction type with cost 1"},{"ancestorTitles":["Credits System","Transaction Types"],"duration":0,"failureDetails":[],"failureMessages":[],"fullName":"Credits System Transaction Types should handle BEHAV_Q transaction type with cost 1","invocations":1,"location":{"column":6,"line":188},"numPassingAsserts":1,"retryReasons":[],"status":"passed","title":"should handle BEHAV_Q transaction type with cost 1"},{"ancestorTitles":["Credits System","Transaction Types"],"duration":1,"failureDetails":[],"failureMessages":[],"fullName":"Credits System Transaction Types should handle TEXTBOOK_UPLOAD transaction type with cost 5","invocations":1,"location":{"column":6,"line":188},"numPassingAsserts":1,"retryReasons":[],"status":"passed","title":"should handle TEXTBOOK_UPLOAD transaction type with cost 5"},{"ancestorTitles":["Credits System","Transaction Types"],"duration":0,"failureDetails":[],"failureMessages":[],"fullName":"Credits System Transaction Types should handle TEXTBOOK_GENERATE_FLASHCARDS transaction type with cost 2","invocations":1,"location":{"column":6,"line":188},"numPassingAsserts":1,"retryReasons":[],"status":"passed","title":"should handle TEXTBOOK_GENERATE_FLASHCARDS transaction type with cost 2"},{"ancestorTitles":["Credits System","Transaction Types"],"duration":1,"failureDetails":[],"failureMessages":[],"fullName":"Credits System Transaction Types should handle TEXTBOOK_GENERATE_QUIZ transaction type with cost 2","invocations":1,"location":{"column":6,"line":188},"numPassingAsserts":1,"retryReasons":[],"status":"passed","title":"should handle TEXTBOOK_GENERATE_QUIZ transaction type with cost 2"},{"ancestorTitles":["Credits System","Concurrency Safety"],"duration":1,"failureDetails":[],"failureMessages":[],"fullName":"Credits System Concurrency Safety should use atomic updateMany for credit deduction","invocations":1,"location":{"column":5,"line":210},"numPassingAsserts":1,"retryReasons":[],"status":"passed","title":"should use atomic updateMany for credit deduction"}],"endTime":1769716076453,"message":"","name":"C:\\Projects\\ats-interview-app\\__tests__\\lib\\credits.test.ts","startTime":1769716076123,"status":"passed","summary":""},{"assertionResults":[{"ancestorTitles":["POST /api/stripe/webhook (disabled)"],"duration":2,"failureDetails":[],"failureMessages":[],"fullName":"POST /api/stripe/webhook (disabled) returns 404 when Stripe is disabled","invocations":1,"location":{"column":3,"line":8},"numPassingAsserts":2,"retryReasons":[],"status":"passed","title":"returns 404 when Stripe is disabled"}],"endTime":1769716076802,"message":"","name":"C:\\Projects\\ats-interview-app\\__tests__\\api\\stripe\\webhook.test.ts","startTime":1769716076469,"status":"passed","summary":""},{"assertionResults":[{"ancestorTitles":["File Security","sanitizeFilename"],"duration":1,"failureDetails":[],"failureMessages":[],"fullName":"File Security sanitizeFilename strips directory traversal","invocations":1,"location":{"column":5,"line":14},"numPassingAsserts":2,"retryReasons":[],"status":"passed","title":"strips directory traversal"},{"ancestorTitles":["File Security","sanitizeFilename"],"duration":1,"failureDetails":[],"failureMessages":[],"fullName":"File Security sanitizeFilename replaces unsafe characters","invocations":1,"location":{"column":5,"line":19},"numPassingAsserts":1,"retryReasons":[],"status":"passed","title":"replaces unsafe characters"},{"ancestorTitles":["File Security","validateFile"],"duration":4,"failureDetails":[],"failureMessages":[],"fullName":"File Security validateFile accepts markdown files with .md extension","invocations":1,"location":{"column":5,"line":25},"numPassingAsserts":2,"retryReasons":[],"status":"passed","title":"accepts markdown files with .md extension"},{"ancestorTitles":["File Security","validateFile"],"duration":1,"failureDetails":[],"failureMessages":[],"fullName":"File Security validateFile rejects unsupported extensions","invocations":1,"location":{"column":5,"line":38},"numPassingAsserts":2,"retryReasons":[],"status":"passed","title":"rejects unsupported extensions"},{"ancestorTitles":["File Security","validateFile"],"duration":1,"failureDetails":[],"failureMessages":[],"fullName":"File Security validateFile rejects non-matching PDF magic bytes","invocations":1,"location":{"column":5,"line":49},"numPassingAsserts":2,"retryReasons":[],"status":"passed","title":"rejects non-matching PDF magic bytes"}],"endTime":1769716077144,"message":"","name":"C:\\Projects\\ats-interview-app\\__tests__\\lib\\file-security.test.ts","startTime":1769716076831,"status":"passed","summary":""}],"wasInterrupted":false}
