TN:
SF:app\error.tsx
FN:8,Error
FN:15,(anonymous_2)
FN:49,(anonymous_3)
FN:58,(anonymous_4)
FNF:4
FNH:0
FNDA:0,Error
FNDA:0,(anonymous_2)
FNDA:0,(anonymous_3)
FNDA:0,(anonymous_4)
DA:3,0
DA:4,0
DA:5,0
DA:6,0
DA:8,0
DA:15,0
DA:17,0
DA:49,0
DA:58,0
LF:9
LH:0
BRDA:39,0,0,0
BRDA:39,0,1,0
BRDA:41,1,0,0
BRF:3
BRH:0
end_of_record
TN:
SF:app\icon.tsx
FN:1,Icon
FNF:1
FNH:0
FNDA:0,Icon
DA:1,0
DA:2,0
LF:2
LH:0
BRF:0
BRH:0
end_of_record
TN:
SF:app\layout.tsx
FN:113,RootLayout
FNF:1
FNH:0
FNDA:0,RootLayout
DA:3,0
DA:4,0
DA:5,0
DA:6,0
DA:7,0
DA:8,0
DA:9,0
DA:10,0
DA:12,0
DA:13,0
DA:15,0
DA:94,0
DA:113,0
LF:13
LH:0
BRDA:16,0,0,0
BRDA:16,0,1,0
BRF:2
BRH:0
end_of_record
TN:
SF:app\loading.tsx
FN:4,Loading
FN:15,(anonymous_2)
FNF:2
FNH:0
FNDA:0,Loading
FNDA:0,(anonymous_2)
DA:1,0
DA:2,0
DA:4,0
DA:16,0
LF:4
LH:0
BRF:0
BRH:0
end_of_record
TN:
SF:app\manifest.ts
FN:3,manifest
FNF:1
FNH:0
FNDA:0,manifest
DA:3,0
DA:4,0
LF:2
LH:0
BRF:0
BRH:0
end_of_record
TN:
SF:app\not-found.tsx
FN:6,NotFound
FNF:1
FNH:0
FNDA:0,NotFound
DA:1,0
DA:2,0
DA:3,0
DA:4,0
DA:6,0
LF:5
LH:0
BRF:0
BRH:0
end_of_record
TN:
SF:app\page.tsx
FN:9,HomePage
FN:309,(anonymous_3)
FN:356,(anonymous_4)
FN:415,(anonymous_5)
FN:452,(anonymous_6)
FN:476,(anonymous_7)
FNF:6
FNH:0
FNDA:0,HomePage
FNDA:0,(anonymous_3)
FNDA:0,(anonymous_4)
FNDA:0,(anonymous_5)
FNDA:0,(anonymous_6)
FNDA:0,(anonymous_7)
DA:1,0
DA:2,0
DA:3,0
DA:4,0
DA:5,0
DA:7,0
DA:9,0
DA:10,0
DA:310,0
DA:311,0
DA:357,0
DA:358,0
DA:416,0
DA:453,0
DA:477,0
DA:478,0
LF:16
LH:0
BRF:0
BRH:0
end_of_record
TN:
SF:app\robots.ts
FN:3,robots
FNF:1
FNH:0
FNDA:0,robots
DA:3,0
DA:4,0
DA:6,0
LF:3
LH:0
BRDA:4,0,0,0
BRDA:4,0,1,0
BRF:2
BRH:0
end_of_record
TN:
SF:app\sitemap.ts
FN:3,sitemap
FNF:1
FNH:1
FNDA:1,sitemap
DA:3,1
DA:4,1
DA:6,1
DA:87,1
LF:4
LH:4
BRDA:4,0,0,1
BRDA:4,0,1,0
BRF:2
BRH:1
end_of_record
TN:
SF:app\api\ats\cover-letter\route.ts
FN:6,hasMessage
FN:15,getErrorMessage
FN:22,handler
FNF:3
FNH:0
FNDA:0,hasMessage
FNDA:0,getErrorMessage
FNDA:0,handler
DA:1,0
DA:2,0
DA:4,0
DA:7,0
DA:16,0
DA:17,0
DA:18,0
DA:19,0
DA:23,0
DA:24,0
DA:25,0
DA:26,0
DA:27,0
DA:29,0
DA:30,0
DA:33,0
DA:35,0
DA:36,0
DA:37,0
DA:39,0
DA:40,0
DA:43,0
DA:44,0
DA:46,0
DA:49,0
DA:53,0
LF:26
LH:0
BRDA:8,0,0,0
BRDA:8,0,1,0
BRDA:8,0,2,0
BRDA:8,0,3,0
BRDA:16,1,0,0
BRDA:17,2,0,0
BRDA:18,3,0,0
BRDA:29,4,0,0
BRDA:29,5,0,0
BRDA:29,5,1,0
BRDA:33,6,0,0
BRDA:33,6,1,0
BRDA:46,7,0,0
BRDA:46,7,1,0
BRDA:49,8,0,0
BRDA:49,8,1,0
BRF:16
BRH:0
end_of_record
TN:
SF:app\api\ats\scan\route.ts
FN:6,hasMessage
FN:15,getErrorMessage
FN:22,handler
FNF:3
FNH:1
FNDA:0,hasMessage
FNDA:0,getErrorMessage
FNDA:6,handler
DA:1,1
DA:2,1
DA:4,1
DA:7,0
DA:16,0
DA:17,0
DA:18,0
DA:19,0
DA:23,6
DA:24,6
DA:25,6
DA:26,6
DA:27,6
DA:29,6
DA:30,2
DA:33,4
DA:35,4
DA:36,4
DA:37,4
DA:39,4
DA:40,4
DA:43,4
DA:44,4
DA:46,1
DA:49,0
DA:54,7
LF:26
LH:20
BRDA:8,0,0,0
BRDA:8,0,1,0
BRDA:8,0,2,0
BRDA:8,0,3,0
BRDA:16,1,0,0
BRDA:17,2,0,0
BRDA:18,3,0,0
BRDA:29,4,0,2
BRDA:29,5,0,6
BRDA:29,5,1,5
BRDA:33,6,0,4
BRDA:33,6,1,0
BRDA:46,7,0,1
BRDA:46,7,1,0
BRDA:49,8,0,0
BRDA:49,8,1,0
BRF:16
BRH:5
end_of_record
TN:
SF:app\api\auth\[...nextauth]\route.ts
FN:3,GET
FN:7,POST
FNF:2
FNH:0
FNDA:0,GET
FNDA:0,POST
DA:1,0
DA:3,0
DA:4,0
DA:7,0
DA:8,0
LF:5
LH:0
BRF:0
BRH:0
end_of_record
TN:
SF:app\api\career\company-research\route.ts
FN:8,handler
FNF:1
FNH:1
FNDA:4,handler
DA:1,1
DA:2,1
DA:3,1
DA:5,1
DA:6,1
DA:9,4
DA:10,4
DA:11,4
DA:12,4
DA:13,4
DA:15,4
DA:50,4
DA:69,4
DA:70,4
DA:72,4
DA:81,3
DA:83,3
DA:84,3
DA:86,1
DA:89,2
DA:91,1
DA:92,1
DA:96,4
LF:23
LH:23
BRDA:13,0,0,0
BRDA:54,1,0,4
BRDA:54,1,1,4
BRDA:55,2,0,4
BRDA:55,2,1,4
BRDA:70,3,0,4
BRDA:70,3,1,4
BRDA:81,4,0,3
BRDA:81,4,1,1
BRDA:91,5,0,1
BRDA:91,5,1,0
BRF:11
BRH:9
end_of_record
TN:
SF:app\api\career\elevator-pitch\route.ts
FN:8,handler
FNF:1
FNH:1
FNDA:4,handler
DA:1,1
DA:2,1
DA:3,1
DA:5,1
DA:6,1
DA:9,4
DA:10,4
DA:11,4
DA:12,4
DA:13,4
DA:15,4
DA:36,4
DA:55,4
DA:56,4
DA:58,4
DA:67,3
DA:69,3
DA:70,3
DA:72,1
DA:75,2
DA:77,1
DA:78,1
DA:82,4
LF:23
LH:23
BRDA:13,0,0,0
BRDA:39,1,0,4
BRDA:39,1,1,0
BRDA:40,2,0,4
BRDA:40,2,1,3
BRDA:41,3,0,4
BRDA:41,3,1,3
BRDA:42,4,0,4
BRDA:42,4,1,3
BRDA:43,5,0,4
BRDA:43,5,1,3
BRDA:44,6,0,4
BRDA:44,6,1,3
BRDA:56,7,0,4
BRDA:56,7,1,4
BRDA:67,8,0,3
BRDA:67,8,1,0
BRDA:77,9,0,1
BRDA:77,9,1,0
BRF:19
BRH:15
end_of_record
TN:
SF:app\api\career\linkedin-optimizer\route.ts
FN:8,handler
FNF:1
FNH:1
FNDA:4,handler
DA:1,1
DA:2,1
DA:3,1
DA:5,1
DA:6,1
DA:9,4
DA:10,4
DA:11,4
DA:12,4
DA:13,4
DA:15,4
DA:47,4
DA:67,4
DA:68,4
DA:70,4
DA:79,3
DA:81,3
DA:82,3
DA:84,1
DA:87,2
DA:89,1
DA:90,1
DA:94,4
LF:23
LH:23
BRDA:13,0,0,0
BRDA:49,1,0,4
BRDA:49,1,1,3
BRDA:51,2,0,4
BRDA:51,2,1,1
BRDA:52,3,0,4
BRDA:52,3,1,3
BRDA:53,4,0,4
BRDA:53,4,1,3
BRDA:54,5,0,4
BRDA:54,5,1,3
BRDA:68,6,0,4
BRDA:68,6,1,4
BRDA:79,7,0,3
BRDA:79,7,1,0
BRDA:89,8,0,1
BRDA:89,8,1,0
BRF:17
BRH:14
end_of_record
TN:
SF:app\api\career\networking-email\route.ts
FN:8,handler
FNF:1
FNH:1
FNDA:4,handler
DA:1,1
DA:2,1
DA:3,1
DA:5,1
DA:6,1
DA:9,4
DA:10,4
DA:11,4
DA:12,4
DA:13,4
DA:15,4
DA:30,4
DA:48,4
DA:49,4
DA:51,4
DA:60,3
DA:62,3
DA:63,3
DA:65,1
DA:68,2
DA:70,1
DA:71,1
DA:75,4
LF:23
LH:23
BRDA:13,0,0,0
BRDA:34,1,0,4
BRDA:34,1,1,2
BRDA:35,2,0,4
BRDA:35,2,1,3
BRDA:36,3,0,4
BRDA:36,3,1,3
BRDA:37,4,0,4
BRDA:37,4,1,3
BRDA:49,5,0,4
BRDA:49,5,1,4
BRDA:60,6,0,3
BRDA:60,6,1,0
BRDA:70,7,0,1
BRDA:70,7,1,0
BRF:15
BRH:12
end_of_record
TN:
SF:app\api\career\roadmap\route.ts
FN:8,handler
FNF:1
FNH:1
FNDA:3,handler
DA:1,1
DA:2,1
DA:3,1
DA:5,1
DA:6,1
DA:9,3
DA:10,3
DA:11,3
DA:12,3
DA:13,3
DA:15,3
DA:62,3
DA:82,3
DA:83,3
DA:85,3
DA:94,2
DA:96,2
DA:97,2
DA:99,0
DA:102,2
DA:104,1
DA:105,1
DA:109,3
LF:23
LH:22
BRDA:13,0,0,0
BRDA:65,1,0,3
BRDA:65,1,1,0
BRDA:66,2,0,3
BRDA:66,2,1,0
BRDA:67,3,0,3
BRDA:67,3,1,2
BRDA:68,4,0,3
BRDA:68,4,1,3
BRDA:69,5,0,3
BRDA:69,5,1,2
BRDA:83,6,0,3
BRDA:83,6,1,3
BRDA:94,7,0,2
BRDA:94,7,1,0
BRDA:104,8,0,1
BRDA:104,8,1,0
BRF:17
BRH:12
end_of_record
TN:
SF:app\api\career\salary-negotiation\route.ts
FN:8,handler
FNF:1
FNH:1
FNDA:2,handler
DA:1,2
DA:2,2
DA:3,2
DA:5,2
DA:6,2
DA:9,2
DA:10,2
DA:11,2
DA:12,2
DA:13,2
DA:15,1
DA:45,1
DA:65,1
DA:66,1
DA:68,1
DA:77,1
DA:79,1
DA:80,1
DA:82,0
DA:85,1
DA:87,0
DA:88,0
DA:92,2
LF:23
LH:20
BRDA:13,0,0,1
BRDA:51,1,0,1
BRDA:51,1,1,0
BRDA:52,2,0,1
BRDA:52,2,1,0
BRDA:53,3,0,1
BRDA:53,3,1,0
BRDA:66,4,0,1
BRDA:66,4,1,1
BRDA:77,5,0,1
BRDA:77,5,1,0
BRDA:87,6,0,0
BRDA:87,6,1,0
BRF:13
BRH:7
end_of_record
TN:
SF:app\api\dev\demo-credits\route.ts
FN:6,POST
FNF:1
FNH:0
FNDA:0,POST
DA:1,0
DA:2,0
DA:3,0
DA:4,0
DA:6,0
DA:7,0
DA:8,0
DA:12,0
DA:14,0
DA:18,0
DA:19,0
LF:11
LH:0
BRDA:7,0,0,0
BRF:1
BRH:0
end_of_record
TN:
SF:app\api\health\route.ts
FN:4,GET
FNF:1
FNH:1
FNDA:3,GET
DA:1,1
DA:2,1
DA:4,3
DA:5,3
DA:7,3
DA:10,2
DA:11,2
DA:12,2
DA:13,2
DA:14,2
DA:17,1
DA:20,1
DA:23,2
DA:33,1
LF:14
LH:14
BRDA:13,0,0,2
BRDA:17,1,0,1
BRDA:17,1,1,0
BRDA:41,2,0,1
BRDA:41,2,1,0
BRF:5
BRH:3
end_of_record
TN:
SF:app\api\interview\behavioral\route.ts
FN:9,isRecord
FN:13,hasMessage
FN:22,getErrorMessage
FN:29,handler
FN:77,(anonymous_5)
FN:86,(anonymous_6)
FNF:6
FNH:4
FNDA:7,isRecord
FNDA:0,hasMessage
FNDA:0,getErrorMessage
FNDA:4,handler
FNDA:6,(anonymous_5)
FNDA:6,(anonymous_6)
DA:1,1
DA:2,1
DA:3,1
DA:4,1
DA:6,1
DA:7,1
DA:10,7
DA:14,0
DA:23,0
DA:24,0
DA:25,0
DA:26,0
DA:30,4
DA:31,4
DA:32,4
DA:33,4
DA:34,4
DA:36,3
DA:43,3
DA:47,3
DA:52,3
DA:53,3
DA:55,3
DA:60,3
DA:66,3
DA:68,3
DA:69,3
DA:71,1
DA:73,2
DA:74,2
DA:75,1
DA:77,2
DA:78,6
DA:79,5
DA:80,5
DA:81,3
DA:82,1
DA:83,0
DA:86,2
DA:87,6
DA:89,6
DA:93,6
DA:94,6
DA:98,6
DA:99,6
DA:103,6
DA:104,6
DA:105,6
DA:108,2
DA:109,2
DA:110,2
DA:112,0
DA:116,4
LF:53
LH:46
BRDA:10,0,0,7
BRDA:10,0,1,6
BRDA:15,1,0,0
BRDA:15,1,1,0
BRDA:15,1,2,0
BRDA:15,1,3,0
BRDA:23,2,0,0
BRDA:24,3,0,0
BRDA:25,4,0,0
BRDA:34,5,0,1
BRDA:49,6,0,3
BRDA:49,6,1,0
BRDA:49,7,0,3
BRDA:49,7,1,0
BRDA:53,8,0,3
BRDA:53,8,1,3
BRDA:66,9,0,3
BRDA:66,9,1,0
BRDA:74,10,0,1
BRDA:74,10,1,1
BRDA:75,11,0,1
BRDA:75,12,0,1
BRDA:75,12,1,1
BRDA:78,13,0,1
BRDA:80,14,0,2
BRDA:81,15,0,2
BRDA:82,16,0,1
BRDA:87,17,0,5
BRDA:87,17,1,1
BRDA:89,18,0,5
BRDA:89,18,1,1
BRDA:91,19,0,1
BRDA:91,19,1,0
BRDA:94,20,0,5
BRDA:94,20,1,1
BRDA:94,21,0,6
BRDA:94,21,1,5
BRDA:99,22,0,5
BRDA:99,22,1,1
BRDA:99,23,0,6
BRDA:99,23,1,5
BRDA:104,24,0,0
BRDA:104,24,1,6
BRDA:110,25,0,0
BRDA:110,25,1,2
BRDA:112,26,0,0
BRDA:112,26,1,0
BRF:47
BRH:32
end_of_record
TN:
SF:app\api\interview\evaluate\route.ts
FN:31,hasMessage
FN:40,getErrorMessage
FN:54,extractKeywords
FN:56,(anonymous_4)
FN:57,(anonymous_5)
FN:61,(anonymous_6)
FN:66,heuristicEvaluate
FN:71,(anonymous_8)
FN:80,calculateReward
FN:117,POST
FN:265,(anonymous_11)
FN:397,(anonymous_12)
FNF:12
FNH:10
FNDA:0,hasMessage
FNDA:2,getErrorMessage
FNDA:12,extractKeywords
FNDA:0,(anonymous_4)
FNDA:19,(anonymous_5)
FNDA:67,(anonymous_6)
FNDA:13,heuristicEvaluate
FNDA:38,(anonymous_8)
FNDA:10,calculateReward
FNDA:31,POST
FNDA:21,(anonymous_11)
FNDA:10,(anonymous_12)
DA:1,2
DA:2,2
DA:3,2
DA:4,2
DA:6,2
DA:7,2
DA:8,2
DA:10,2
DA:11,2
DA:13,2
DA:15,2
DA:16,2
DA:32,0
DA:41,2
DA:42,0
DA:43,0
DA:44,0
DA:47,2
DA:55,12
DA:56,12
DA:57,19
DA:58,12
DA:61,67
DA:62,12
DA:63,12
DA:67,13
DA:68,13
DA:69,12
DA:70,12
DA:71,38
DA:72,12
DA:81,10
DA:83,10
DA:85,10
DA:87,10
DA:88,10
DA:90,10
DA:91,0
DA:92,10
DA:93,0
DA:94,10
DA:95,1
DA:96,1
DA:98,9
DA:99,9
DA:102,10
DA:103,10
DA:104,10
DA:105,10
DA:106,10
DA:108,10
DA:109,10
DA:111,10
DA:112,10
DA:113,5
DA:114,0
DA:117,31
DA:118,31
DA:119,31
DA:120,31
DA:122,31
DA:124,31
DA:125,31
DA:127,31
DA:129,31
DA:130,31
DA:131,3
DA:134,28
DA:135,28
DA:136,28
DA:139,28
DA:141,28
DA:145,28
DA:146,1
DA:149,27
DA:150,16
DA:151,1
DA:153,15
DA:154,1
DA:156,14
DA:157,1
DA:159,13
DA:167,13
DA:168,1
DA:172,23
DA:173,22
DA:175,22
DA:176,22
DA:177,22
DA:178,22
DA:182,22
DA:183,10
DA:184,10
DA:185,10
DA:187,10
DA:195,10
DA:207,10
DA:209,10
DA:223,10
DA:233,10
DA:234,10
DA:235,10
DA:236,10
DA:237,9
DA:238,9
DA:240,1
DA:241,1
DA:242,1
DA:247,0
DA:248,0
DA:249,0
DA:250,0
DA:255,12
DA:256,12
DA:257,12
DA:262,22
DA:263,22
DA:265,22
DA:266,21
DA:267,21
DA:268,9
DA:279,21
DA:292,21
DA:293,0
DA:296,21
DA:304,21
DA:305,0
DA:308,21
DA:319,21
DA:322,21
DA:324,21
DA:325,21
DA:326,0
DA:332,21
DA:335,21
DA:336,21
DA:337,21
DA:339,21
DA:342,21
DA:343,10
DA:344,10
DA:349,10
DA:350,10
DA:352,10
DA:359,10
DA:360,10
DA:361,10
DA:363,10
DA:372,10
DA:373,10
DA:375,10
DA:376,1
DA:379,10
DA:380,5
DA:381,5
DA:382,5
DA:392,5
DA:393,3
DA:397,10
DA:398,10
DA:403,10
DA:404,0
DA:408,0
DA:411,10
DA:412,8
DA:416,8
DA:421,10
DA:422,8
DA:439,2
DA:453,10
DA:456,10
DA:464,21
DA:476,2
DA:477,2
DA:478,1
DA:484,2
DA:485,2
DA:494,2
LF:178
LH:162
BRDA:33,0,0,0
BRDA:33,0,1,0
BRDA:33,0,2,0
BRDA:33,0,3,0
BRDA:41,1,0,2
BRDA:42,2,0,0
BRDA:43,3,0,0
BRDA:61,4,0,67
BRDA:61,4,1,39
BRDA:61,4,2,37
BRDA:68,5,0,1
BRDA:70,6,0,0
BRDA:71,7,0,38
BRDA:71,7,1,38
BRDA:81,8,0,0
BRDA:83,9,0,0
BRDA:83,10,0,10
BRDA:83,10,1,0
BRDA:85,11,0,0
BRDA:85,12,0,10
BRDA:85,12,1,0
BRDA:90,13,0,0
BRDA:90,13,1,10
BRDA:92,14,0,0
BRDA:92,14,1,10
BRDA:94,15,0,1
BRDA:94,15,1,9
BRDA:102,16,0,0
BRDA:103,17,0,0
BRDA:104,18,0,0
BRDA:105,19,0,10
BRDA:106,20,0,1
BRDA:109,21,0,1
BRDA:112,22,0,5
BRDA:113,23,0,5
BRDA:125,24,0,0
BRDA:130,25,0,3
BRDA:136,26,0,5
BRDA:136,26,1,23
BRDA:139,27,0,5
BRDA:139,27,1,23
BRDA:141,28,0,17
BRDA:141,28,1,11
BRDA:145,29,0,1
BRDA:145,30,0,28
BRDA:145,30,1,17
BRDA:149,31,0,16
BRDA:150,32,0,1
BRDA:153,33,0,1
BRDA:156,34,0,1
BRDA:156,35,0,14
BRDA:156,35,1,13
BRDA:167,36,0,1
BRDA:175,37,0,22
BRDA:175,37,1,12
BRDA:178,38,0,5
BRDA:178,38,1,17
BRDA:182,39,0,10
BRDA:182,39,1,12
BRDA:185,40,0,10
BRDA:185,40,1,10
BRDA:207,41,0,1
BRDA:207,41,1,9
BRDA:209,42,0,1
BRDA:209,42,1,9
BRDA:233,43,0,10
BRDA:233,43,1,0
BRDA:236,44,0,9
BRDA:236,44,1,1
BRDA:242,45,0,1
BRDA:242,45,1,0
BRDA:250,46,0,0
BRDA:250,46,1,0
BRDA:257,47,0,4
BRDA:257,47,1,8
BRDA:262,48,0,16
BRDA:262,48,1,6
BRDA:263,49,0,13
BRDA:263,49,1,9
BRDA:267,50,0,9
BRDA:288,51,0,16
BRDA:288,51,1,5
BRDA:292,52,0,0
BRDA:304,53,0,0
BRDA:322,54,0,0
BRDA:325,55,0,0
BRDA:325,56,0,21
BRDA:325,56,1,12
BRDA:342,57,0,10
BRDA:342,58,0,21
BRDA:342,58,1,12
BRDA:349,59,0,10
BRDA:349,59,1,0
BRDA:350,60,0,10
BRDA:350,60,1,0
BRDA:353,61,0,10
BRDA:353,61,1,0
BRDA:372,62,0,10
BRDA:372,62,1,0
BRDA:375,63,0,1
BRDA:375,64,0,10
BRDA:375,64,1,5
BRDA:379,65,0,5
BRDA:392,66,0,3
BRDA:393,67,0,2
BRDA:393,67,1,1
BRDA:403,68,0,0
BRDA:408,69,0,0
BRDA:408,69,1,0
BRDA:411,70,0,8
BRDA:421,71,0,8
BRDA:421,71,1,2
BRDA:477,72,0,1
BRDA:477,73,0,2
BRDA:477,73,1,1
BRDA:484,74,0,2
BRDA:484,74,1,0
BRDA:485,75,0,1
BRDA:485,75,1,1
BRDA:487,76,0,0
BRDA:487,76,1,1
BRDA:489,77,0,0
BRDA:489,77,1,1
BRDA:491,78,0,0
BRDA:491,78,1,1
BRDA:491,79,0,1
BRDA:491,79,1,1
BRDA:491,79,2,1
BRF:128
BRH:91
end_of_record
TN:
SF:app\api\interview\technical\route.ts
FN:8,isRecord
FN:12,hasMessage
FN:21,getErrorMessage
FN:28,handler
FN:75,(anonymous_5)
FN:84,(anonymous_6)
FNF:6
FNH:4
FNDA:6,isRecord
FNDA:0,hasMessage
FNDA:0,getErrorMessage
FNDA:3,handler
FNDA:5,(anonymous_5)
FNDA:5,(anonymous_6)
DA:1,1
DA:2,1
DA:3,1
DA:5,1
DA:6,1
DA:9,6
DA:13,0
DA:22,0
DA:23,0
DA:24,0
DA:25,0
DA:29,3
DA:30,3
DA:31,3
DA:32,3
DA:33,3
DA:35,2
DA:42,2
DA:46,2
DA:50,2
DA:51,2
DA:53,2
DA:58,2
DA:63,2
DA:65,2
DA:66,2
DA:68,1
DA:71,1
DA:72,1
DA:73,1
DA:75,1
DA:76,5
DA:77,3
DA:78,3
DA:79,2
DA:80,1
DA:81,0
DA:84,1
DA:85,5
DA:87,5
DA:91,5
DA:92,5
DA:96,5
DA:97,5
DA:101,5
DA:102,5
DA:103,5
DA:106,1
DA:107,1
DA:109,1
DA:111,0
DA:116,3
LF:52
LH:45
BRDA:9,0,0,6
BRDA:9,0,1,6
BRDA:14,1,0,0
BRDA:14,1,1,0
BRDA:14,1,2,0
BRDA:14,1,3,0
BRDA:22,2,0,0
BRDA:23,3,0,0
BRDA:24,4,0,0
BRDA:33,5,0,1
BRDA:51,6,0,2
BRDA:51,6,1,2
BRDA:63,7,0,2
BRDA:63,7,1,0
BRDA:72,8,0,0
BRDA:72,8,1,1
BRDA:73,9,0,1
BRDA:73,10,0,1
BRDA:73,10,1,1
BRDA:76,11,0,2
BRDA:78,12,0,1
BRDA:79,13,0,1
BRDA:80,14,0,1
BRDA:85,15,0,5
BRDA:85,15,1,0
BRDA:87,16,0,5
BRDA:87,16,1,0
BRDA:89,17,0,0
BRDA:89,17,1,0
BRDA:92,18,0,1
BRDA:92,18,1,4
BRDA:92,19,0,5
BRDA:92,19,1,1
BRDA:97,20,0,0
BRDA:97,20,1,5
BRDA:97,21,0,5
BRDA:97,21,1,0
BRDA:102,22,0,0
BRDA:102,22,1,5
BRDA:109,23,0,1
BRDA:109,23,1,0
BRDA:111,24,0,0
BRDA:111,24,1,0
BRF:43
BRH:24
end_of_record
TN:
SF:app\api\qa\route.ts
FN:5,GET
FNF:1
FNH:1
FNDA:2,GET
DA:1,1
DA:2,1
DA:3,1
DA:5,2
DA:6,2
DA:8,2
DA:10,2
DA:14,1
DA:16,1
DA:17,1
LF:10
LH:10
BRF:0
BRH:0
end_of_record
TN:
SF:app\api\speech\synthesize\route.ts
FN:6,hasMessage
FN:15,getErrorMessage
FN:29,POST
FNF:3
FNH:1
FNDA:0,hasMessage
FNDA:0,getErrorMessage
FNDA:4,POST
DA:1,1
DA:2,1
DA:4,1
DA:7,0
DA:16,0
DA:17,0
DA:18,0
DA:19,0
DA:22,1
DA:29,4
DA:30,4
DA:32,4
DA:33,1
DA:39,3
DA:40,3
DA:42,3
DA:43,1
DA:50,2
DA:51,1
DA:58,1
DA:67,1
DA:69,1
DA:77,0
DA:78,0
LF:24
LH:17
BRDA:8,0,0,0
BRDA:8,0,1,0
BRDA:8,0,2,0
BRDA:8,0,3,0
BRDA:16,1,0,0
BRDA:17,2,0,0
BRDA:18,3,0,0
BRDA:32,4,0,1
BRDA:32,5,0,4
BRDA:32,5,1,3
BRDA:40,6,0,2
BRDA:42,7,0,1
BRDA:42,8,0,3
BRDA:42,8,1,2
BRDA:50,9,0,1
BRDA:79,10,0,0
BRDA:79,10,1,0
BRF:17
BRH:8
end_of_record
TN:
SF:app\api\speech\transcribe\route.ts
FN:6,hasMessage
FN:15,getErrorMessage
FN:26,POST
FNF:3
FNH:1
FNDA:0,hasMessage
FNDA:0,getErrorMessage
FNDA:3,POST
DA:1,1
DA:2,1
DA:4,1
DA:7,0
DA:16,0
DA:17,0
DA:18,0
DA:19,0
DA:22,1
DA:26,3
DA:27,3
DA:29,3
DA:30,1
DA:36,2
DA:37,2
DA:39,2
DA:40,1
DA:47,1
DA:54,1
DA:59,0
DA:60,0
LF:21
LH:14
BRDA:8,0,0,0
BRDA:8,0,1,0
BRDA:8,0,2,0
BRDA:8,0,3,0
BRDA:16,1,0,0
BRDA:17,2,0,0
BRDA:18,3,0,0
BRDA:29,4,0,1
BRDA:29,5,0,3
BRDA:29,5,1,2
BRDA:39,6,0,1
BRDA:61,7,0,0
BRDA:61,7,1,0
BRF:13
BRH:4
end_of_record
TN:
SF:app\api\stripe\create-checkout\route.ts
FN:3,GET
FN:7,POST
FNF:2
FNH:0
FNDA:0,GET
FNDA:0,POST
DA:1,0
DA:3,0
DA:4,0
DA:7,0
DA:8,0
LF:5
LH:0
BRF:0
BRH:0
end_of_record
TN:
SF:app\api\stripe\webhook\route.ts
FN:3,GET
FN:7,POST
FNF:2
FNH:1
FNDA:0,GET
FNDA:1,POST
DA:1,1
DA:3,0
DA:4,0
DA:7,1
DA:8,1
LF:5
LH:3
BRF:0
BRH:0
end_of_record
TN:
SF:app\api\textbook\feynman\route.ts
FN:8,hasMessage
FN:17,getErrorMessage
FN:24,handler
FNF:3
FNH:0
FNDA:0,hasMessage
FNDA:0,getErrorMessage
FNDA:0,handler
DA:1,0
DA:2,0
DA:3,0
DA:4,0
DA:6,0
DA:9,0
DA:18,0
DA:19,0
DA:20,0
DA:21,0
DA:25,0
DA:26,0
DA:28,0
DA:29,0
DA:35,0
DA:39,0
DA:40,0
DA:44,0
DA:45,0
DA:46,0
DA:50,0
DA:57,0
DA:62,0
DA:67,0
DA:68,0
DA:75,0
LF:26
LH:0
BRDA:10,0,0,0
BRDA:10,0,1,0
BRDA:10,0,2,0
BRDA:10,0,3,0
BRDA:18,1,0,0
BRDA:19,2,0,0
BRDA:20,3,0,0
BRDA:28,4,0,0
BRDA:28,5,0,0
BRDA:28,5,1,0
BRDA:28,5,2,0
BRDA:39,6,0,0
BRDA:45,7,0,0
BRDA:69,8,0,0
BRDA:69,8,1,0
BRF:15
BRH:0
end_of_record
TN:
SF:app\api\textbook\flashcards\route.ts
FN:18,hasMessage
FN:27,getErrorMessage
FN:34,handler
FN:68,(anonymous_4)
FN:70,(anonymous_5)
FN:76,(anonymous_6)
FN:81,(anonymous_7)
FNF:7
FNH:0
FNDA:0,hasMessage
FNDA:0,getErrorMessage
FNDA:0,handler
FNDA:0,(anonymous_4)
FNDA:0,(anonymous_5)
FNDA:0,(anonymous_6)
FNDA:0,(anonymous_7)
DA:1,0
DA:2,0
DA:3,0
DA:4,0
DA:7,0
DA:19,0
DA:28,0
DA:29,0
DA:30,0
DA:31,0
DA:35,0
DA:36,0
DA:38,0
DA:39,0
DA:43,0
DA:48,0
DA:49,0
DA:53,0
DA:54,0
DA:55,0
DA:59,0
DA:60,0
DA:63,0
DA:64,0
DA:66,0
DA:67,0
DA:68,0
DA:69,0
DA:71,0
DA:72,0
DA:75,0
DA:76,0
DA:80,0
DA:81,0
DA:82,0
DA:83,0
DA:84,0
DA:85,0
DA:89,0
DA:90,0
DA:91,0
DA:93,0
DA:94,0
DA:95,0
DA:97,0
DA:114,0
DA:118,0
DA:123,0
DA:129,0
DA:130,0
DA:135,0
LF:51
LH:0
BRDA:20,0,0,0
BRDA:20,0,1,0
BRDA:20,0,2,0
BRDA:20,0,3,0
BRDA:28,1,0,0
BRDA:29,2,0,0
BRDA:30,3,0,0
BRDA:38,4,0,0
BRDA:48,5,0,0
BRDA:54,6,0,0
BRDA:66,7,0,0
BRDA:66,7,1,0
BRDA:83,8,0,0
BRDA:104,9,0,0
BRDA:104,9,1,0
BRDA:105,10,0,0
BRDA:105,10,1,0
BRDA:106,11,0,0
BRDA:106,11,1,0
BRDA:107,12,0,0
BRDA:107,12,1,0
BRDA:107,13,0,0
BRDA:107,13,1,0
BRDA:130,14,0,0
BRDA:130,14,1,0
BRF:25
BRH:0
end_of_record
TN:
SF:app\api\textbook\flashcards\[id]\review\route.ts
FN:7,hasMessage
FN:16,getErrorMessage
FN:24,calculateNextReview
FN:49,POST
FNF:4
FNH:3
FNDA:0,hasMessage
FNDA:1,getErrorMessage
FNDA:1,calculateNextReview
FNDA:4,POST
DA:1,1
DA:2,1
DA:3,1
DA:5,1
DA:8,0
DA:17,1
DA:18,0
DA:19,0
DA:20,0
DA:25,1
DA:26,1
DA:27,1
DA:29,1
DA:31,1
DA:32,1
DA:33,0
DA:34,1
DA:35,0
DA:37,1
DA:39,1
DA:42,0
DA:43,0
DA:46,1
DA:49,4
DA:53,4
DA:55,4
DA:57,4
DA:58,4
DA:60,4
DA:61,1
DA:65,3
DA:69,2
DA:70,1
DA:74,1
DA:81,1
DA:82,1
DA:85,1
DA:97,1
DA:104,1
DA:109,1
DA:110,1
LF:41
LH:33
BRDA:9,0,0,0
BRDA:9,0,1,0
BRDA:9,0,2,0
BRDA:9,0,3,0
BRDA:17,1,0,1
BRDA:18,2,0,0
BRDA:19,3,0,0
BRDA:29,4,0,1
BRDA:29,4,1,0
BRDA:32,5,0,0
BRDA:32,5,1,1
BRDA:34,6,0,0
BRDA:34,6,1,1
BRDA:60,7,0,1
BRDA:60,8,0,4
BRDA:60,8,1,4
BRDA:69,9,0,1
BRDA:110,10,0,1
BRDA:110,10,1,0
BRF:19
BRH:9
end_of_record
TN:
SF:app\api\textbook\flashcards\list\route.ts
FN:7,hasMessage
FN:16,getErrorMessage
FN:23,GET
FNF:3
FNH:2
FNDA:0,hasMessage
FNDA:1,getErrorMessage
FNDA:4,GET
DA:1,1
DA:2,1
DA:3,1
DA:5,1
DA:8,0
DA:17,1
DA:18,0
DA:19,0
DA:20,0
DA:23,4
DA:24,4
DA:25,4
DA:26,4
DA:27,4
DA:28,4
DA:31,4
DA:33,4
DA:35,4
DA:57,3
DA:59,1
DA:60,1
LF:21
LH:17
BRDA:9,0,0,0
BRDA:9,0,1,0
BRDA:9,0,2,0
BRDA:9,0,3,0
BRDA:17,1,0,1
BRDA:18,2,0,0
BRDA:19,3,0,0
BRDA:26,4,0,4
BRDA:26,4,1,3
BRDA:27,5,0,4
BRDA:27,5,1,2
BRDA:28,6,0,3
BRDA:28,6,1,1
BRDA:33,7,0,1
BRDA:33,7,1,3
BRDA:60,8,0,1
BRDA:60,8,1,0
BRF:17
BRH:10
end_of_record
TN:
SF:app\api\textbook\list\route.ts
FN:7,hasMessage
FN:16,getErrorMessage
FN:23,GET
FNF:3
FNH:2
FNDA:0,hasMessage
FNDA:1,getErrorMessage
FNDA:3,GET
DA:1,1
DA:2,1
DA:3,1
DA:5,1
DA:8,0
DA:17,1
DA:18,0
DA:19,0
DA:20,0
DA:23,3
DA:24,3
DA:26,3
DA:28,3
DA:52,2
DA:54,1
DA:55,1
LF:16
LH:12
BRDA:9,0,0,0
BRDA:9,0,1,0
BRDA:9,0,2,0
BRDA:9,0,3,0
BRDA:17,1,0,1
BRDA:18,2,0,0
BRDA:19,3,0,0
BRDA:55,4,0,1
BRDA:55,4,1,0
BRF:9
BRH:2
end_of_record
TN:
SF:app\api\textbook\local-feynman\route.ts
FN:10,hasMessage
FN:19,getErrorMessage
FN:26,handler
FNF:3
FNH:0
FNDA:0,hasMessage
FNDA:0,getErrorMessage
FNDA:0,handler
DA:1,0
DA:2,0
DA:3,0
DA:6,0
DA:8,0
DA:11,0
DA:20,0
DA:21,0
DA:22,0
DA:23,0
DA:27,0
DA:28,0
DA:29,0
DA:31,0
DA:32,0
DA:38,0
DA:39,0
DA:40,0
DA:43,0
DA:47,0
DA:48,0
DA:51,0
DA:53,0
DA:59,0
DA:61,0
DA:62,0
DA:70,0
LF:27
LH:0
BRDA:12,0,0,0
BRDA:12,0,1,0
BRDA:12,0,2,0
BRDA:12,0,3,0
BRDA:20,1,0,0
BRDA:21,2,0,0
BRDA:22,3,0,0
BRDA:31,4,0,0
BRDA:31,5,0,0
BRDA:31,5,1,0
BRDA:31,5,2,0
BRDA:39,6,0,0
BRDA:47,7,0,0
BRDA:47,8,0,0
BRDA:47,8,1,0
BRDA:63,9,0,0
BRDA:63,9,1,0
BRF:17
BRH:0
end_of_record
TN:
SF:app\api\textbook\local-generate\route.ts
FN:11,isRecord
FN:15,hasMessage
FN:24,getErrorMessage
FN:65,shuffleArray
FN:74,handler
FN:115,(anonymous_8)
FN:125,(anonymous_9)
FN:161,(anonymous_10)
FN:170,(anonymous_11)
FN:176,(anonymous_12)
FNF:10
FNH:0
FNDA:0,isRecord
FNDA:0,hasMessage
FNDA:0,getErrorMessage
FNDA:0,shuffleArray
FNDA:0,handler
FNDA:0,(anonymous_8)
FNDA:0,(anonymous_9)
FNDA:0,(anonymous_10)
FNDA:0,(anonymous_11)
FNDA:0,(anonymous_12)
DA:1,0
DA:2,0
DA:3,0
DA:4,0
DA:7,0
DA:9,0
DA:12,0
DA:16,0
DA:25,0
DA:26,0
DA:27,0
DA:28,0
DA:66,0
DA:67,0
DA:68,0
DA:69,0
DA:71,0
DA:75,0
DA:76,0
DA:77,0
DA:78,0
DA:79,0
DA:81,0
DA:82,0
DA:89,0
DA:90,0
DA:91,0
DA:92,0
DA:94,0
DA:99,0
DA:100,0
DA:103,0
DA:106,0
DA:107,0
DA:108,0
DA:111,0
DA:114,0
DA:115,0
DA:116,0
DA:117,0
DA:118,0
DA:119,0
DA:120,0
DA:121,0
DA:124,0
DA:125,0
DA:126,0
DA:127,0
DA:128,0
DA:129,0
DA:130,0
DA:135,0
DA:138,0
DA:139,0
DA:141,0
DA:145,0
DA:146,0
DA:148,0
DA:151,0
DA:152,0
DA:155,0
DA:156,0
DA:159,0
DA:161,0
DA:171,0
DA:172,0
DA:176,0
DA:184,0
DA:185,0
DA:186,0
DA:189,0
DA:190,0
DA:191,0
DA:194,0
DA:205,0
DA:207,0
DA:208,0
DA:209,0
DA:211,0
DA:212,0
DA:218,0
DA:223,0
LF:82
LH:0
BRDA:12,0,0,0
BRDA:12,0,1,0
BRDA:17,1,0,0
BRDA:17,1,1,0
BRDA:17,1,2,0
BRDA:17,1,3,0
BRDA:25,2,0,0
BRDA:26,3,0,0
BRDA:27,4,0,0
BRDA:79,5,0,0
BRDA:79,5,1,0
BRDA:81,6,0,0
BRDA:92,7,0,0
BRDA:92,7,1,0
BRDA:95,8,0,0
BRDA:95,8,1,0
BRDA:99,9,0,0
BRDA:99,10,0,0
BRDA:99,10,1,0
BRDA:103,11,0,0
BRDA:103,11,1,0
BRDA:107,12,0,0
BRDA:115,13,0,0
BRDA:115,13,1,0
BRDA:116,14,0,0
BRDA:116,15,0,0
BRDA:116,15,1,0
BRDA:116,15,2,0
BRDA:117,16,0,0
BRDA:119,17,0,0
BRDA:125,18,0,0
BRDA:125,18,1,0
BRDA:126,19,0,0
BRDA:126,20,0,0
BRDA:126,20,1,0
BRDA:126,20,2,0
BRDA:128,21,0,0
BRDA:166,22,0,0
BRDA:166,22,1,0
BRDA:167,23,0,0
BRDA:167,23,1,0
BRDA:169,24,0,0
BRDA:169,24,1,0
BRDA:172,25,0,0
BRDA:172,25,1,0
BRDA:179,26,0,0
BRDA:179,26,1,0
BRDA:180,27,0,0
BRDA:180,27,1,0
BRDA:181,28,0,0
BRDA:181,28,1,0
BRDA:208,29,0,0
BRDA:208,29,1,0
BRDA:208,30,0,0
BRDA:208,30,1,0
BRDA:211,31,0,0
BRDA:211,32,0,0
BRDA:211,32,1,0
BRDA:218,33,0,0
BRDA:218,33,1,0
BRF:60
BRH:0
end_of_record
TN:
SF:app\api\textbook\quiz\route.ts
FN:11,hasMessage
FN:20,getErrorMessage
FN:27,handler
FNF:3
FNH:0
FNDA:0,hasMessage
FNDA:0,getErrorMessage
FNDA:0,handler
DA:1,0
DA:2,0
DA:3,0
DA:4,0
DA:6,0
DA:7,0
DA:9,0
DA:12,0
DA:21,0
DA:22,0
DA:23,0
DA:24,0
DA:28,0
DA:29,0
DA:31,0
DA:32,0
DA:36,0
DA:40,0
DA:41,0
DA:45,0
DA:46,0
DA:47,0
DA:50,0
DA:51,0
DA:53,0
DA:63,0
DA:64,0
DA:72,0
DA:77,0
DA:83,0
DA:84,0
DA:87,0
DA:97,0
DA:98,0
DA:99,0
DA:112,0
DA:121,0
DA:123,0
DA:124,0
DA:129,0
LF:40
LH:0
BRDA:13,0,0,0
BRDA:13,0,1,0
BRDA:13,0,2,0
BRDA:13,0,3,0
BRDA:21,1,0,0
BRDA:22,2,0,0
BRDA:23,3,0,0
BRDA:31,4,0,0
BRDA:40,5,0,0
BRDA:46,6,0,0
BRDA:51,7,0,0
BRDA:51,7,1,0
BRDA:83,8,0,0
BRDA:83,8,1,0
BRDA:91,9,0,0
BRDA:91,9,1,0
BRDA:92,10,0,0
BRDA:92,10,1,0
BRDA:97,11,0,0
BRDA:97,11,1,0
BRDA:103,12,0,0
BRDA:103,12,1,0
BRDA:124,13,0,0
BRDA:124,13,1,0
BRF:24
BRH:0
end_of_record
TN:
SF:app\api\textbook\upload\route.ts
FN:17,hasMessage
FN:26,getErrorMessage
FN:33,sanitizeText
FN:40,handler
FNF:4
FNH:3
FNDA:0,hasMessage
FNDA:3,getErrorMessage
FNDA:7,sanitizeText
FNDA:13,handler
DA:1,1
DA:2,1
DA:3,1
DA:4,1
DA:6,1
DA:7,1
DA:8,1
DA:9,1
DA:10,1
DA:13,1
DA:15,1
DA:18,0
DA:27,3
DA:28,0
DA:29,0
DA:30,0
DA:35,7
DA:41,13
DA:43,13
DA:44,13
DA:45,0
DA:49,13
DA:50,0
DA:51,0
DA:60,13
DA:61,13
DA:62,13
DA:64,13
DA:65,1
DA:69,12
DA:75,12
DA:76,2
DA:80,10
DA:81,0
DA:85,10
DA:89,10
DA:90,10
DA:91,7
DA:92,7
DA:94,3
DA:99,7
DA:100,0
DA:106,7
DA:118,7
DA:119,7
DA:120,0
DA:121,0
DA:122,0
DA:124,0
DA:132,0
DA:139,0
DA:144,0
DA:150,0
DA:151,0
DA:154,0
DA:155,0
DA:167,0
DA:171,7
DA:179,0
DA:180,0
DA:185,14
LF:61
LH:38
BRDA:19,0,0,0
BRDA:19,0,1,0
BRDA:19,0,2,0
BRDA:19,0,3,0
BRDA:27,1,0,3
BRDA:28,2,0,0
BRDA:29,3,0,0
BRDA:44,4,0,0
BRDA:49,5,0,0
BRDA:64,6,0,1
BRDA:75,7,0,2
BRDA:80,8,0,0
BRDA:80,9,0,10
BRDA:80,9,1,0
BRDA:95,10,0,3
BRDA:95,10,1,0
BRDA:99,11,0,0
BRDA:99,12,0,7
BRDA:99,12,1,7
BRDA:109,13,0,7
BRDA:109,13,1,7
BRDA:119,14,0,0
BRDA:119,15,0,7
BRDA:119,15,1,7
BRDA:122,16,0,0
BRDA:122,16,1,0
BRDA:150,17,0,0
BRDA:150,17,1,0
BRDA:151,18,0,0
BRDA:151,18,1,0
BRDA:162,19,0,0
BRDA:162,19,1,0
BRDA:180,20,0,0
BRDA:180,20,1,0
BRF:34
BRH:11
end_of_record
TN:
SF:app\api\user\checkin\route.ts
FN:9,POST
FN:16,(anonymous_4)
FN:142,GET
FNF:3
FNH:3
FNDA:11,POST
FNDA:11,(anonymous_4)
FNDA:3,GET
DA:1,1
DA:2,1
DA:3,1
DA:9,11
DA:10,11
DA:12,11
DA:14,11
DA:16,11
DA:17,11
DA:23,11
DA:26,11
DA:28,10
DA:32,10
DA:33,1
DA:38,10
DA:39,10
DA:40,9
DA:41,9
DA:44,9
DA:48,9
DA:49,8
DA:54,10
DA:55,10
DA:56,10
DA:58,10
DA:60,3
DA:61,3
DA:62,7
DA:64,1
DA:65,1
DA:66,6
DA:68,4
DA:71,10
DA:72,10
DA:74,10
DA:84,10
DA:85,1
DA:86,1
DA:89,9
DA:94,9
DA:102,9
DA:113,11
DA:114,2
DA:122,9
DA:133,0
DA:134,0
DA:142,3
DA:143,3
DA:145,3
DA:147,3
DA:151,3
DA:152,1
DA:159,2
DA:160,2
DA:162,2
DA:163,2
DA:165,2
DA:169,2
DA:172,2
DA:181,0
DA:182,0
LF:61
LH:57
BRDA:26,0,0,10
BRDA:28,1,0,10
BRDA:28,1,1,10
BRDA:28,1,2,10
BRDA:32,2,0,1
BRDA:39,3,0,9
BRDA:44,4,0,9
BRDA:44,4,1,9
BRDA:44,4,2,9
BRDA:48,5,0,8
BRDA:58,6,0,3
BRDA:58,6,1,7
BRDA:62,7,0,1
BRDA:62,7,1,6
BRDA:66,8,0,4
BRDA:75,9,0,10
BRDA:75,9,1,1
BRDA:84,10,0,1
BRDA:86,11,0,1
BRDA:86,11,1,0
BRDA:109,12,0,7
BRDA:109,12,1,2
BRDA:113,13,0,2
BRDA:151,14,0,1
BRDA:163,15,0,2
BRDA:165,16,0,2
BRDA:165,16,1,2
BRDA:165,16,2,2
BRF:28
BRH:27
end_of_record
TN:
SF:app\api\user\credits\route.ts
FN:5,GET
FNF:1
FNH:1
FNDA:4,GET
DA:1,1
DA:2,1
DA:3,1
DA:5,4
DA:6,4
DA:8,4
DA:10,4
DA:15,3
DA:16,1
DA:22,2
DA:24,1
DA:25,1
LF:12
LH:12
BRDA:15,0,0,1
BRF:1
BRH:1
end_of_record
TN:
SF:app\api\user\profile\route.ts
FN:5,GET
FN:43,PATCH
FNF:2
FNH:2
FNDA:3,GET
FNDA:5,PATCH
DA:1,1
DA:2,1
DA:3,1
DA:5,3
DA:6,3
DA:8,3
DA:10,3
DA:26,2
DA:27,1
DA:33,1
DA:35,1
DA:36,1
DA:43,5
DA:44,5
DA:46,5
DA:48,5
DA:51,5
DA:52,5
DA:54,5
DA:55,20
DA:56,6
DA:60,5
DA:61,2
DA:67,3
DA:82,3
DA:84,0
DA:85,0
LF:27
LH:25
BRDA:26,0,0,1
BRDA:55,1,0,6
BRDA:55,2,0,20
BRDA:55,2,1,6
BRDA:60,3,0,2
BRF:5
BRH:5
end_of_record
TN:
SF:app\api\user\transactions\route.ts
FN:5,GET
FNF:1
FNH:1
FNDA:8,GET
DA:1,1
DA:2,1
DA:3,1
DA:5,8
DA:6,8
DA:8,8
DA:10,8
DA:11,8
DA:13,8
DA:25,7
DA:27,1
DA:28,1
LF:12
LH:12
BRDA:11,0,0,8
BRDA:11,0,1,6
BRF:2
BRH:2
end_of_record
TN:
SF:app\ats\page.tsx
FN:12,AtsPage
FN:18,(anonymous_2)
FN:34,(anonymous_3)
FN:54,(anonymous_4)
FNF:4
FNH:0
FNDA:0,AtsPage
FNDA:0,(anonymous_2)
FNDA:0,(anonymous_3)
FNDA:0,(anonymous_4)
DA:3,0
DA:4,0
DA:5,0
DA:6,0
DA:7,0
DA:8,0
DA:9,0
DA:10,0
DA:12,0
DA:13,0
DA:14,0
DA:15,0
DA:16,0
DA:18,0
DA:19,0
DA:20,0
DA:21,0
DA:23,0
DA:24,0
DA:25,0
DA:27,0
DA:28,0
DA:30,0
DA:34,0
DA:35,0
DA:36,0
DA:37,0
DA:39,0
DA:40,0
DA:42,0
DA:54,0
LF:31
LH:0
BRDA:19,0,0,0
BRDA:23,1,0,0
BRDA:35,2,0,0
BRDA:35,3,0,0
BRDA:35,3,1,0
BRDA:58,4,0,0
BRDA:58,4,1,0
BRDA:61,5,0,0
BRDA:61,5,1,0
BRDA:64,6,0,0
BRDA:73,7,0,0
BRF:11
BRH:0
end_of_record
TN:
SF:app\ats-scanner\ats-scanner-client.tsx
FN:17,ATSScannerPage
FN:29,(anonymous_2)
FN:46,(anonymous_3)
FN:145,(anonymous_4)
FN:211,(anonymous_5)
FN:261,(anonymous_6)
FN:289,(anonymous_7)
FN:309,(anonymous_8)
FNF:8
FNH:0
FNDA:0,ATSScannerPage
FNDA:0,(anonymous_2)
FNDA:0,(anonymous_3)
FNDA:0,(anonymous_4)
FNDA:0,(anonymous_5)
FNDA:0,(anonymous_6)
FNDA:0,(anonymous_7)
FNDA:0,(anonymous_8)
DA:3,0
DA:4,0
DA:5,0
DA:6,0
DA:7,0
DA:8,0
DA:9,0
DA:10,0
DA:11,0
DA:12,0
DA:13,0
DA:14,0
DA:15,0
DA:17,0
DA:18,0
DA:19,0
DA:20,0
DA:21,0
DA:22,0
DA:25,0
DA:29,0
DA:46,0
DA:47,0
DA:48,0
DA:53,0
DA:56,0
DA:57,0
DA:58,0
DA:63,0
DA:64,0
DA:145,0
DA:212,0
DA:262,0
DA:289,0
DA:309,0
LF:35
LH:0
BRDA:25,0,0,0
BRDA:25,0,1,0
BRDA:28,1,0,0
BRDA:28,1,1,0
BRDA:31,2,0,0
BRDA:31,2,1,0
BRDA:31,3,0,0
BRDA:31,3,1,0
BRDA:32,4,0,0
BRDA:32,4,1,0
BRDA:34,5,0,0
BRDA:34,5,1,0
BRDA:36,6,0,0
BRDA:36,6,1,0
BRDA:37,7,0,0
BRDA:37,7,1,0
BRDA:38,8,0,0
BRDA:38,8,1,0
BRDA:39,9,0,0
BRDA:39,9,1,0
BRDA:39,10,0,0
BRDA:39,10,1,0
BRDA:39,11,0,0
BRDA:39,11,1,0
BRDA:40,12,0,0
BRDA:40,12,1,0
BRDA:40,13,0,0
BRDA:40,13,1,0
BRDA:40,14,0,0
BRDA:40,14,1,0
BRDA:41,15,0,0
BRDA:41,15,1,0
BRDA:41,16,0,0
BRDA:41,16,1,0
BRDA:42,17,0,0
BRDA:42,17,1,0
BRDA:47,18,0,0
BRDA:47,19,0,0
BRDA:47,19,1,0
BRDA:63,20,0,0
BRDA:63,20,1,0
BRDA:115,21,0,0
BRDA:148,22,0,0
BRDA:170,23,0,0
BRDA:170,23,1,0
BRDA:170,23,2,0
BRDA:176,24,0,0
BRDA:194,25,0,0
BRDA:229,26,0,0
BRDA:229,26,1,0
BRDA:245,27,0,0
BRDA:249,28,0,0
BRDA:249,28,1,0
BRDA:305,29,0,0
BRF:54
BRH:0
end_of_record
TN:
SF:app\ats-scanner\page.tsx
FN:65,(anonymous_4)
FN:75,Page
FNF:2
FNH:0
FNDA:0,(anonymous_4)
FNDA:0,Page
DA:2,0
DA:3,0
DA:5,0
DA:27,0
DA:46,0
DA:62,0
DA:65,0
DA:75,0
LF:8
LH:0
BRF:0
BRH:0
end_of_record
TN:
SF:app\behavioral-interview\behavioral-interview-client.tsx
FN:23,BehavioralInterviewPage
FN:32,(anonymous_2)
FN:34,(anonymous_3)
FN:45,(anonymous_4)
FN:48,(anonymous_5)
FN:80,(anonymous_6)
FN:93,(anonymous_7)
FN:128,(anonymous_8)
FN:242,(anonymous_9)
FN:246,(anonymous_10)
FNF:10
FNH:0
FNDA:0,BehavioralInterviewPage
FNDA:0,(anonymous_2)
FNDA:0,(anonymous_3)
FNDA:0,(anonymous_4)
FNDA:0,(anonymous_5)
FNDA:0,(anonymous_6)
FNDA:0,(anonymous_7)
FNDA:0,(anonymous_8)
FNDA:0,(anonymous_9)
FNDA:0,(anonymous_10)
DA:3,0
DA:4,0
DA:5,0
DA:6,0
DA:7,0
DA:8,0
DA:9,0
DA:10,0
DA:11,0
DA:12,0
DA:13,0
DA:23,0
DA:24,0
DA:25,0
DA:26,0
DA:27,0
DA:28,0
DA:29,0
DA:30,0
DA:32,0
DA:33,0
DA:34,0
DA:35,0
DA:36,0
DA:37,0
DA:38,0
DA:39,0
DA:45,0
DA:48,0
DA:49,0
DA:50,0
DA:55,0
DA:58,0
DA:60,0
DA:61,0
DA:68,0
DA:69,0
DA:70,0
DA:73,0
DA:75,0
DA:78,0
DA:79,0
DA:81,0
DA:82,0
DA:83,0
DA:85,0
DA:93,0
DA:95,0
DA:96,0
DA:100,0
DA:101,0
DA:104,0
DA:105,0
DA:111,0
DA:128,0
DA:242,0
DA:246,0
LF:57
LH:0
BRDA:37,0,0,0
BRDA:39,1,0,0
BRDA:49,2,0,0
BRDA:49,3,0,0
BRDA:49,3,1,0
BRDA:68,4,0,0
BRDA:70,5,0,0
BRDA:70,5,1,0
BRDA:75,6,0,0
BRDA:75,6,1,0
BRDA:75,7,0,0
BRDA:75,7,1,0
BRDA:75,7,2,0
BRDA:78,8,0,0
BRDA:78,8,1,0
BRDA:81,9,0,0
BRDA:81,9,1,0
BRDA:81,10,0,0
BRDA:81,10,1,0
BRDA:82,11,0,0
BRDA:82,11,1,0
BRDA:83,12,0,0
BRDA:86,13,0,0
BRDA:86,13,1,0
BRDA:88,14,0,0
BRDA:88,14,1,0
BRDA:89,15,0,0
BRDA:89,15,1,0
BRDA:90,16,0,0
BRDA:90,16,1,0
BRDA:100,17,0,0
BRDA:104,18,0,0
BRDA:104,18,1,0
BRDA:138,19,0,0
BRDA:196,20,0,0
BRDA:196,20,1,0
BRDA:199,21,0,0
BRDA:199,21,1,0
BRDA:202,22,0,0
BRDA:202,22,1,0
BRDA:205,23,0,0
BRDA:205,23,1,0
BRDA:220,24,0,0
BRDA:220,24,1,0
BRDA:220,24,2,0
BRDA:225,25,0,0
BRDA:246,26,0,0
BRF:47
BRH:0
end_of_record
TN:
SF:app\behavioral-interview\page.tsx
FN:52,(anonymous_4)
FN:62,Page
FNF:2
FNH:0
FNDA:0,(anonymous_4)
FNDA:0,Page
DA:2,0
DA:3,0
DA:5,0
DA:19,0
DA:38,0
DA:49,0
DA:52,0
DA:62,0
LF:8
LH:0
BRF:0
BRH:0
end_of_record
TN:
SF:app\career-roadmap\career-roadmap-client.tsx
FN:33,CareerRoadmapClient
FN:43,(anonymous_2)
FN:57,(anonymous_3)
FN:71,(anonymous_4)
FN:98,(anonymous_5)
FN:102,(anonymous_6)
FN:107,(anonymous_7)
FN:115,(anonymous_8)
FN:126,(anonymous_9)
FN:160,(anonymous_10)
FN:180,(anonymous_11)
FN:187,(anonymous_12)
FN:218,(anonymous_13)
FN:234,(anonymous_14)
FN:250,(anonymous_15)
FN:259,(anonymous_16)
FN:274,(anonymous_17)
FN:299,(anonymous_18)
FN:329,(anonymous_19)
FNF:19
FNH:3
FNDA:8,CareerRoadmapClient
FNDA:0,(anonymous_2)
FNDA:0,(anonymous_3)
FNDA:0,(anonymous_4)
FNDA:0,(anonymous_5)
FNDA:0,(anonymous_6)
FNDA:0,(anonymous_7)
FNDA:40,(anonymous_8)
FNDA:40,(anonymous_9)
FNDA:0,(anonymous_10)
FNDA:0,(anonymous_11)
FNDA:0,(anonymous_12)
FNDA:0,(anonymous_13)
FNDA:0,(anonymous_14)
FNDA:0,(anonymous_15)
FNDA:0,(anonymous_16)
FNDA:0,(anonymous_17)
FNDA:0,(anonymous_18)
FNDA:0,(anonymous_19)
DA:3,1
DA:4,1
DA:5,1
DA:6,1
DA:7,1
DA:8,1
DA:9,1
DA:10,1
DA:11,1
DA:12,1
DA:13,1
DA:14,1
DA:15,1
DA:16,1
DA:33,8
DA:34,8
DA:35,8
DA:36,8
DA:37,8
DA:38,8
DA:39,8
DA:40,8
DA:41,8
DA:43,8
DA:44,0
DA:45,0
DA:46,0
DA:48,0
DA:49,0
DA:50,0
DA:56,0
DA:57,0
DA:58,0
DA:60,0
DA:61,0
DA:62,0
DA:63,0
DA:65,0
DA:67,0
DA:71,8
DA:72,0
DA:73,0
DA:74,0
DA:98,0
DA:102,0
DA:107,0
DA:116,40
DA:127,40
DA:160,0
DA:181,0
DA:188,0
DA:219,0
DA:235,0
DA:251,0
DA:260,0
DA:275,0
DA:300,0
DA:330,0
LF:58
LH:27
BRDA:44,0,0,0
BRDA:44,1,0,0
BRDA:44,1,1,0
BRDA:56,2,0,0
BRDA:58,3,0,0
BRDA:58,3,1,0
BRDA:63,4,0,0
BRDA:65,5,0,0
BRDA:65,5,1,0
BRDA:72,6,0,0
BRDA:73,7,0,0
BRDA:86,8,0,8
BRDA:141,9,0,8
BRDA:141,9,1,8
BRDA:141,9,2,0
BRDA:143,10,0,0
BRDA:239,11,0,0
BRDA:311,12,0,0
BRF:18
BRH:3
end_of_record
TN:
SF:app\career-roadmap\page.tsx
FN:34,Page
FNF:1
FNH:0
FNDA:0,Page
DA:2,0
DA:3,0
DA:5,0
DA:19,0
DA:34,0
LF:5
LH:0
BRF:0
BRH:0
end_of_record
TN:
SF:app\career-tools\career-tools-client.tsx
FN:26,CareerToolsClient
FN:39,(anonymous_2)
FN:50,(anonymous_3)
FNF:3
FNH:3
FNDA:13,CareerToolsClient
FNDA:78,(anonymous_2)
FNDA:5,(anonymous_3)
DA:3,1
DA:4,1
DA:8,1
DA:9,1
DA:10,1
DA:11,1
DA:12,1
DA:13,1
DA:14,1
DA:15,1
DA:17,1
DA:26,8
DA:27,13
DA:40,78
DA:41,78
DA:42,78
DA:50,5
LF:17
LH:17
BRDA:46,0,0,13
BRDA:46,0,1,65
BRDA:53,1,0,13
BRDA:53,1,1,65
BRDA:54,2,0,13
BRDA:54,2,1,65
BRDA:55,3,0,78
BRDA:64,4,0,13
BRDA:64,4,1,8
BRDA:65,5,0,13
BRDA:65,5,1,1
BRDA:66,6,0,13
BRDA:66,6,1,1
BRDA:67,7,0,13
BRDA:67,7,1,1
BRDA:68,8,0,13
BRDA:68,8,1,1
BRDA:69,9,0,13
BRDA:69,9,1,1
BRF:19
BRH:19
end_of_record
TN:
SF:app\career-tools\page.tsx
FN:18,Page
FNF:1
FNH:0
FNDA:0,Page
DA:2,0
DA:4,0
DA:18,0
DA:19,0
LF:4
LH:0
BRF:0
BRH:0
end_of_record
TN:
SF:app\daily-challenge\daily-challenge-client.tsx
FN:63,getTodayString
FN:67,getDailyQuestion
FN:73,loadStreak
FN:82,saveStreak
FN:87,loadTodayAnswer
FN:95,saveTodayAnswer
FN:100,DailyChallengeClient
FN:109,(anonymous_8)
FN:130,(anonymous_9)
FN:153,(anonymous_10)
FN:160,(anonymous_11)
FN:164,(anonymous_12)
FN:182,(anonymous_13)
FN:183,(anonymous_14)
FN:204,(anonymous_15)
FN:249,(anonymous_16)
FN:254,(anonymous_17)
FN:313,(anonymous_18)
FNF:18
FNH:18
FNDA:72,getTodayString
FNDA:50,getDailyQuestion
FNDA:69,loadStreak
FNDA:4,saveStreak
FNDA:19,loadTodayAnswer
FNDA:3,saveTodayAnswer
FNDA:50,DailyChallengeClient
FNDA:19,(anonymous_8)
FNDA:4,(anonymous_9)
FNDA:50,(anonymous_10)
FNDA:1500,(anonymous_11)
FNDA:90,(anonymous_12)
FNDA:3,(anonymous_13)
FNDA:200,(anonymous_14)
FNDA:1500,(anonymous_15)
FNDA:6,(anonymous_16)
FNDA:3,(anonymous_17)
FNDA:400,(anonymous_18)
DA:3,1
DA:4,1
DA:5,1
DA:6,1
DA:7,1
DA:9,1
DA:10,1
DA:11,1
DA:30,1
DA:64,72
DA:68,50
DA:69,50
DA:70,50
DA:74,69
DA:75,69
DA:76,69
DA:77,69
DA:79,63
DA:83,4
DA:84,4
DA:88,19
DA:89,19
DA:90,19
DA:91,19
DA:92,0
DA:96,3
DA:97,3
DA:100,19
DA:101,50
DA:102,50
DA:103,50
DA:104,50
DA:105,50
DA:106,50
DA:107,50
DA:109,50
DA:110,19
DA:111,19
DA:112,19
DA:113,19
DA:114,1
DA:115,1
DA:118,19
DA:119,1
DA:120,1
DA:121,1
DA:122,1
DA:123,1
DA:124,1
DA:125,1
DA:130,50
DA:131,4
DA:132,1
DA:133,1
DA:135,3
DA:136,3
DA:138,3
DA:139,3
DA:140,3
DA:147,3
DA:148,3
DA:149,3
DA:153,50
DA:154,50
DA:155,0
DA:156,0
DA:160,50
DA:161,1500
DA:162,1500
DA:163,1500
DA:164,1500
DA:165,1500
DA:182,3
DA:184,200
DA:185,200
DA:205,1500
DA:249,6
DA:254,3
DA:314,400
DA:317,400
LF:80
LH:77
BRDA:74,0,0,0
BRDA:77,1,0,6
BRDA:83,2,0,0
BRDA:88,3,0,0
BRDA:91,4,0,19
BRDA:91,4,1,18
BRDA:96,5,0,0
BRDA:113,6,0,1
BRDA:118,7,0,1
BRDA:122,8,0,1
BRDA:131,9,0,1
BRDA:131,10,0,4
BRDA:131,10,1,4
BRDA:139,11,0,3
BRDA:149,12,0,0
BRDA:149,12,1,3
BRDA:154,13,0,50
BRDA:155,14,0,0
BRDA:165,15,0,1500
BRDA:165,15,1,1497
BRDA:182,16,0,5
BRDA:182,16,1,45
BRDA:208,17,0,50
BRDA:208,17,1,1450
BRDA:210,18,0,0
BRDA:210,18,1,1450
BRDA:245,19,0,46
BRDA:255,20,0,2
BRDA:255,20,1,44
BRDA:256,21,0,2
BRDA:256,21,1,44
BRDA:265,22,0,46
BRDA:279,23,0,4
BRDA:314,24,0,0
BRDA:314,24,1,400
BRDA:321,25,0,5
BRDA:321,25,1,395
BRF:37
BRH:29
end_of_record
TN:
SF:app\daily-challenge\page.tsx
FN:18,Page
FNF:1
FNH:0
FNDA:0,Page
DA:2,0
DA:4,0
DA:18,0
DA:19,0
LF:4
LH:0
BRF:0
BRH:0
end_of_record
TN:
SF:app\disclaimer\page.tsx
FN:3,DisclaimerPage
FNF:1
FNH:0
FNDA:0,DisclaimerPage
DA:1,0
DA:3,0
LF:2
LH:0
BRF:0
BRH:0
end_of_record
TN:
SF:app\interview\behavioral\page.tsx
FN:10,BehavioralInterviewPage
FN:16,(anonymous_2)
FN:26,(anonymous_3)
FN:27,(anonymous_4)
FN:38,(anonymous_5)
FN:46,(anonymous_6)
FNF:6
FNH:0
FNDA:0,BehavioralInterviewPage
FNDA:0,(anonymous_2)
FNDA:0,(anonymous_3)
FNDA:0,(anonymous_4)
FNDA:0,(anonymous_5)
FNDA:0,(anonymous_6)
DA:3,0
DA:4,0
DA:5,0
DA:6,0
DA:7,0
DA:8,0
DA:10,0
DA:11,0
DA:12,0
DA:13,0
DA:14,0
DA:16,0
DA:17,0
DA:18,0
DA:19,0
DA:26,0
DA:27,0
DA:39,0
DA:47,0
DA:48,0
DA:49,0
LF:21
LH:0
BRDA:17,0,0,0
BRDA:17,1,0,0
BRDA:17,1,1,0
BRDA:30,2,0,0
BRDA:30,2,1,0
BRDA:45,3,0,0
BRDA:45,3,1,0
BRF:7
BRH:0
end_of_record
TN:
SF:app\interview\technical\page.tsx
FN:11,TechnicalInterviewPage
FN:21,(anonymous_2)
FN:31,(anonymous_3)
FN:66,(anonymous_4)
FN:67,(anonymous_5)
FN:68,(anonymous_6)
FN:74,(anonymous_7)
FN:82,(anonymous_8)
FN:89,(anonymous_9)
FNF:9
FNH:0
FNDA:0,TechnicalInterviewPage
FNDA:0,(anonymous_2)
FNDA:0,(anonymous_3)
FNDA:0,(anonymous_4)
FNDA:0,(anonymous_5)
FNDA:0,(anonymous_6)
FNDA:0,(anonymous_7)
FNDA:0,(anonymous_8)
FNDA:0,(anonymous_9)
DA:3,0
DA:4,0
DA:5,0
DA:6,0
DA:7,0
DA:8,0
DA:9,0
DA:11,0
DA:12,0
DA:13,0
DA:14,0
DA:16,0
DA:17,0
DA:18,0
DA:19,0
DA:21,0
DA:22,0
DA:23,0
DA:24,0
DA:26,0
DA:27,0
DA:28,0
DA:31,0
DA:32,0
DA:33,0
DA:34,0
DA:35,0
DA:36,0
DA:37,0
DA:38,0
DA:41,0
DA:47,0
DA:48,0
DA:49,0
DA:50,0
DA:51,0
DA:52,0
DA:55,0
DA:57,0
DA:66,0
DA:67,0
DA:68,0
DA:75,0
DA:83,0
DA:84,0
DA:85,0
DA:89,0
LF:47
LH:0
BRDA:22,0,0,0
BRDA:22,1,0,0
BRDA:22,1,1,0
BRDA:22,1,2,0
BRDA:33,2,0,0
BRDA:34,3,0,0
BRDA:38,4,0,0
BRDA:38,4,1,0
BRDA:39,5,0,0
BRDA:39,5,1,0
BRDA:51,6,0,0
BRDA:71,7,0,0
BRDA:71,7,1,0
BRDA:81,8,0,0
BRDA:81,8,1,0
BRDA:90,9,0,0
BRDA:91,10,0,0
BRDA:91,10,1,0
BRDA:92,11,0,0
BRDA:92,11,1,0
BRDA:92,12,0,0
BRDA:92,12,1,0
BRF:22
BRH:0
end_of_record
TN:
SF:app\legal\disclaimer\page.tsx
FN:1,DisclaimerPage
FNF:1
FNH:0
FNDA:0,DisclaimerPage
DA:1,0
LF:1
LH:0
BRF:0
BRH:0
end_of_record
TN:
SF:app\legal\privacy\page.tsx
FN:1,PrivacyPage
FNF:1
FNH:0
FNDA:0,PrivacyPage
DA:1,0
LF:1
LH:0
BRF:0
BRH:0
end_of_record
TN:
SF:app\legal\terms\page.tsx
FN:1,TermsPage
FNF:1
FNH:0
FNDA:0,TermsPage
DA:1,0
LF:1
LH:0
BRF:0
BRH:0
end_of_record
TN:
SF:app\linkedin-optimizer\linkedin-optimizer-client.tsx
FN:59,LinkedInOptimizerClient
FN:69,(anonymous_2)
FN:83,(anonymous_3)
FN:97,(anonymous_4)
FN:100,(anonymous_5)
FN:104,(anonymous_6)
FN:110,(anonymous_7)
FN:116,(anonymous_8)
FN:142,(anonymous_9)
FN:146,(anonymous_10)
FN:151,(anonymous_11)
FN:155,(anonymous_12)
FN:181,(anonymous_13)
FN:244,(anonymous_14)
FN:252,(anonymous_15)
FN:272,(anonymous_16)
FN:281,(anonymous_17)
FN:292,(anonymous_18)
FN:310,(anonymous_19)
FN:322,(anonymous_20)
FN:334,(anonymous_21)
FN:348,(anonymous_22)
FN:370,(anonymous_23)
FN:391,(anonymous_24)
FNF:24
FNH:1
FNDA:7,LinkedInOptimizerClient
FNDA:0,(anonymous_2)
FNDA:0,(anonymous_3)
FNDA:0,(anonymous_4)
FNDA:0,(anonymous_5)
FNDA:0,(anonymous_6)
FNDA:0,(anonymous_7)
FNDA:0,(anonymous_8)
FNDA:0,(anonymous_9)
FNDA:0,(anonymous_10)
FNDA:0,(anonymous_11)
FNDA:0,(anonymous_12)
FNDA:0,(anonymous_13)
FNDA:0,(anonymous_14)
FNDA:0,(anonymous_15)
FNDA:0,(anonymous_16)
FNDA:0,(anonymous_17)
FNDA:0,(anonymous_18)
FNDA:0,(anonymous_19)
FNDA:0,(anonymous_20)
FNDA:0,(anonymous_21)
FNDA:0,(anonymous_22)
FNDA:0,(anonymous_23)
FNDA:0,(anonymous_24)
DA:3,1
DA:4,1
DA:5,1
DA:6,1
DA:7,1
DA:8,1
DA:9,1
DA:10,1
DA:11,1
DA:12,1
DA:13,1
DA:14,1
DA:15,1
DA:59,7
DA:60,7
DA:61,7
DA:62,7
DA:63,7
DA:64,7
DA:65,7
DA:66,7
DA:67,7
DA:69,7
DA:70,0
DA:71,0
DA:72,0
DA:74,0
DA:75,0
DA:76,0
DA:82,0
DA:83,0
DA:84,0
DA:86,0
DA:87,0
DA:88,0
DA:89,0
DA:91,0
DA:93,0
DA:97,7
DA:98,0
DA:99,0
DA:100,0
DA:101,0
DA:104,7
DA:105,0
DA:106,0
DA:107,0
DA:110,7
DA:111,0
DA:112,0
DA:113,0
DA:116,7
DA:117,0
DA:118,0
DA:119,0
DA:142,0
DA:146,0
DA:151,0
DA:155,0
DA:181,0
DA:244,0
DA:253,0
DA:273,0
DA:282,0
DA:292,0
DA:311,0
DA:323,0
DA:335,0
DA:349,0
DA:371,0
DA:392,0
LF:71
LH:27
BRDA:70,0,0,0
BRDA:70,1,0,0
BRDA:70,1,1,0
BRDA:82,2,0,0
BRDA:84,3,0,0
BRDA:84,3,1,0
BRDA:89,4,0,0
BRDA:91,5,0,0
BRDA:91,5,1,0
BRDA:105,6,0,0
BRDA:106,7,0,0
BRDA:111,8,0,0
BRDA:112,9,0,0
BRDA:117,10,0,0
BRDA:118,11,0,0
BRDA:131,12,0,7
BRDA:166,13,0,7
BRDA:166,13,1,7
BRDA:166,13,2,7
BRDA:168,14,0,0
BRDA:239,15,0,0
BRDA:239,15,1,0
BRDA:245,16,0,0
BRDA:293,17,0,0
BRF:24
BRH:4
end_of_record
TN:
SF:app\linkedin-optimizer\page.tsx
FN:34,Page
FNF:1
FNH:0
FNDA:0,Page
DA:2,0
DA:3,0
DA:5,0
DA:19,0
DA:34,0
LF:5
LH:0
BRF:0
BRH:0
end_of_record
TN:
SF:app\privacy\page.tsx
FN:3,PrivacyPage
FNF:1
FNH:0
FNDA:0,PrivacyPage
DA:1,0
DA:3,0
LF:2
LH:0
BRF:0
BRH:0
end_of_record
TN:
SF:app\profile\page.tsx
FN:23,ProfilePage
FN:46,(anonymous_2)
FN:47,(anonymous_3)
FN:89,(anonymous_4)
FN:127,(anonymous_5)
FN:128,(anonymous_6)
FN:153,(anonymous_7)
FN:153,(anonymous_8)
FN:157,(anonymous_9)
FN:157,(anonymous_10)
FN:162,(anonymous_11)
FN:170,(anonymous_12)
FN:170,(anonymous_13)
FN:177,(anonymous_14)
FN:227,(anonymous_15)
FN:242,(anonymous_16)
FN:242,(anonymous_17)
FN:253,(anonymous_18)
FN:253,(anonymous_19)
FN:264,(anonymous_20)
FN:264,(anonymous_21)
FN:310,(anonymous_22)
FN:310,(anonymous_23)
FN:322,(anonymous_24)
FN:322,(anonymous_25)
FN:377,(anonymous_26)
FN:408,(anonymous_27)
FN:522,(anonymous_28)
FN:556,(anonymous_29)
FN:590,(anonymous_30)
FN:616,(anonymous_31)
FN:623,(anonymous_32)
FN:630,(anonymous_33)
FNF:33
FNH:0
FNDA:0,ProfilePage
FNDA:0,(anonymous_2)
FNDA:0,(anonymous_3)
FNDA:0,(anonymous_4)
FNDA:0,(anonymous_5)
FNDA:0,(anonymous_6)
FNDA:0,(anonymous_7)
FNDA:0,(anonymous_8)
FNDA:0,(anonymous_9)
FNDA:0,(anonymous_10)
FNDA:0,(anonymous_11)
FNDA:0,(anonymous_12)
FNDA:0,(anonymous_13)
FNDA:0,(anonymous_14)
FNDA:0,(anonymous_15)
FNDA:0,(anonymous_16)
FNDA:0,(anonymous_17)
FNDA:0,(anonymous_18)
FNDA:0,(anonymous_19)
FNDA:0,(anonymous_20)
FNDA:0,(anonymous_21)
FNDA:0,(anonymous_22)
FNDA:0,(anonymous_23)
FNDA:0,(anonymous_24)
FNDA:0,(anonymous_25)
FNDA:0,(anonymous_26)
FNDA:0,(anonymous_27)
FNDA:0,(anonymous_28)
FNDA:0,(anonymous_29)
FNDA:0,(anonymous_30)
FNDA:0,(anonymous_31)
FNDA:0,(anonymous_32)
FNDA:0,(anonymous_33)
DA:3,0
DA:5,0
DA:6,0
DA:7,0
DA:8,0
DA:9,0
DA:10,0
DA:11,0
DA:12,0
DA:13,0
DA:14,0
DA:15,0
DA:16,0
DA:17,0
DA:18,0
DA:19,0
DA:20,0
DA:21,0
DA:23,0
DA:24,0
DA:25,0
DA:32,0
DA:33,0
DA:34,0
DA:35,0
DA:36,0
DA:37,0
DA:38,0
DA:41,0
DA:42,0
DA:43,0
DA:46,0
DA:47,0
DA:48,0
DA:49,0
DA:50,0
DA:51,0
DA:52,0
DA:54,0
DA:60,0
DA:61,0
DA:62,0
DA:70,0
DA:71,0
DA:73,0
DA:74,0
DA:75,0
DA:76,0
DA:78,0
DA:79,0
DA:80,0
DA:83,0
DA:86,0
DA:89,0
DA:90,0
DA:91,0
DA:92,0
DA:103,0
DA:104,0
DA:107,0
DA:108,0
DA:109,0
DA:114,0
DA:120,0
DA:125,0
DA:126,0
DA:127,0
DA:128,0
DA:130,0
DA:131,0
DA:153,0
DA:157,0
DA:163,0
DA:170,0
DA:177,0
DA:227,0
DA:242,0
DA:253,0
DA:264,0
DA:310,0
DA:322,0
DA:378,0
DA:409,0
DA:422,0
DA:423,0
DA:424,0
DA:425,0
DA:523,0
DA:557,0
DA:590,0
DA:616,0
DA:623,0
DA:630,0
LF:93
LH:0
BRDA:50,0,0,0
BRDA:50,1,0,0
BRDA:50,1,1,0
BRDA:60,2,0,0
BRDA:63,3,0,0
BRDA:63,3,1,0
BRDA:64,4,0,0
BRDA:64,4,1,0
BRDA:65,5,0,0
BRDA:65,5,1,0
BRDA:66,6,0,0
BRDA:66,6,1,0
BRDA:67,7,0,0
BRDA:67,7,1,0
BRDA:70,8,0,0
BRDA:70,8,1,0
BRDA:70,8,2,0
BRDA:73,9,0,0
BRDA:75,10,0,0
BRDA:75,10,1,0
BRDA:76,11,0,0
BRDA:76,11,1,0
BRDA:78,12,0,0
BRDA:80,13,0,0
BRDA:80,13,1,0
BRDA:86,14,0,0
BRDA:103,15,0,0
BRDA:127,16,0,0
BRDA:127,16,1,0
BRDA:131,17,0,0
BRDA:131,17,1,0
BRDA:131,18,0,0
BRDA:131,18,1,0
BRDA:175,19,0,0
BRDA:175,19,1,0
BRDA:227,20,0,0
BRDA:227,20,1,0
BRDA:228,21,0,0
BRDA:228,21,1,0
BRDA:231,22,0,0
BRDA:231,22,1,0
BRDA:357,23,0,0
BRDA:357,23,1,0
BRDA:405,24,0,0
BRDA:405,24,1,0
BRDA:422,25,0,0
BRDA:422,25,1,0
BRDA:424,26,0,0
BRDA:424,26,1,0
BRDA:440,27,0,0
BRDA:440,27,1,0
BRDA:443,28,0,0
BRDA:443,28,1,0
BRDA:472,29,0,0
BRDA:472,29,1,0
BRF:55
BRH:0
end_of_record
TN:
SF:app\review\page.tsx
FN:20,ReviewPage
FN:23,(anonymous_2)
FN:25,(anonymous_3)
FN:35,(anonymous_4)
FN:58,(anonymous_5)
FN:65,(anonymous_6)
FN:70,(anonymous_7)
FN:71,(anonymous_8)
FN:110,(anonymous_9)
FN:145,(anonymous_10)
FNF:10
FNH:0
FNDA:0,ReviewPage
FNDA:0,(anonymous_2)
FNDA:0,(anonymous_3)
FNDA:0,(anonymous_4)
FNDA:0,(anonymous_5)
FNDA:0,(anonymous_6)
FNDA:0,(anonymous_7)
FNDA:0,(anonymous_8)
FNDA:0,(anonymous_9)
FNDA:0,(anonymous_10)
DA:3,0
DA:4,0
DA:5,0
DA:6,0
DA:7,0
DA:8,0
DA:9,0
DA:20,0
DA:21,0
DA:23,0
DA:24,0
DA:25,0
DA:26,0
DA:27,0
DA:28,0
DA:30,0
DA:33,0
DA:34,0
DA:36,0
DA:37,0
DA:38,0
DA:40,0
DA:41,0
DA:42,0
DA:43,0
DA:45,0
DA:47,0
DA:56,0
DA:58,0
DA:60,0
DA:65,0
DA:66,0
DA:70,0
DA:71,0
DA:111,0
DA:146,0
LF:36
LH:0
BRDA:30,0,0,0
BRDA:30,0,1,0
BRDA:30,1,0,0
BRDA:30,1,1,0
BRDA:30,1,2,0
BRDA:33,2,0,0
BRDA:33,2,1,0
BRDA:36,3,0,0
BRDA:36,3,1,0
BRDA:36,4,0,0
BRDA:36,4,1,0
BRDA:37,5,0,0
BRDA:37,5,1,0
BRDA:40,6,0,0
BRDA:40,6,1,0
BRDA:40,7,0,0
BRDA:40,7,1,0
BRDA:41,8,0,0
BRDA:41,8,1,0
BRDA:42,9,0,0
BRDA:42,9,1,0
BRDA:43,10,0,0
BRDA:43,10,1,0
BRDA:45,11,0,0
BRDA:45,12,0,0
BRDA:45,12,1,0
BRDA:45,12,2,0
BRDA:45,12,3,0
BRDA:52,13,0,0
BRDA:52,13,1,0
BRDA:60,14,0,0
BRDA:100,15,0,0
BRDA:100,15,1,0
BRDA:115,16,0,0
BRDA:115,16,1,0
BRDA:135,17,0,0
BRDA:135,17,1,0
BRF:37
BRH:0
end_of_record
TN:
SF:app\salary-negotiation\page.tsx
FN:34,Page
FNF:1
FNH:0
FNDA:0,Page
DA:2,0
DA:3,0
DA:5,0
DA:19,0
DA:34,0
LF:5
LH:0
BRF:0
BRH:0
end_of_record
TN:
SF:app\salary-negotiation\salary-negotiation-client.tsx
FN:58,SalaryNegotiationClient
FN:70,(anonymous_2)
FN:84,(anonymous_3)
FN:98,(anonymous_4)
FN:101,(anonymous_5)
FN:105,(anonymous_6)
FN:130,(anonymous_7)
FN:137,(anonymous_8)
FN:148,(anonymous_9)
FN:156,(anonymous_10)
FN:160,(anonymous_11)
FN:164,(anonymous_12)
FN:190,(anonymous_13)
FN:243,(anonymous_14)
FN:250,(anonymous_15)
FN:262,(anonymous_16)
FN:276,(anonymous_17)
FN:299,(anonymous_18)
FN:316,(anonymous_19)
FN:342,(anonymous_20)
FNF:20
FNH:3
FNDA:8,SalaryNegotiationClient
FNDA:0,(anonymous_2)
FNDA:0,(anonymous_3)
FNDA:0,(anonymous_4)
FNDA:0,(anonymous_5)
FNDA:0,(anonymous_6)
FNDA:0,(anonymous_7)
FNDA:80,(anonymous_8)
FNDA:40,(anonymous_9)
FNDA:0,(anonymous_10)
FNDA:0,(anonymous_11)
FNDA:0,(anonymous_12)
FNDA:0,(anonymous_13)
FNDA:0,(anonymous_14)
FNDA:0,(anonymous_15)
FNDA:0,(anonymous_16)
FNDA:0,(anonymous_17)
FNDA:0,(anonymous_18)
FNDA:0,(anonymous_19)
FNDA:0,(anonymous_20)
DA:3,1
DA:4,1
DA:5,1
DA:6,1
DA:7,1
DA:8,1
DA:9,1
DA:10,1
DA:11,1
DA:13,1
DA:14,1
DA:15,1
DA:16,1
DA:58,8
DA:59,8
DA:60,8
DA:61,8
DA:62,8
DA:63,8
DA:64,8
DA:65,8
DA:66,8
DA:67,8
DA:68,8
DA:70,8
DA:71,0
DA:72,0
DA:73,0
DA:75,0
DA:76,0
DA:77,0
DA:83,0
DA:84,0
DA:85,0
DA:87,0
DA:88,0
DA:89,0
DA:90,0
DA:92,0
DA:94,0
DA:98,8
DA:99,0
DA:100,0
DA:101,0
DA:102,0
DA:105,8
DA:106,0
DA:130,0
DA:138,80
DA:149,40
DA:156,0
DA:160,0
DA:164,0
DA:190,0
DA:244,0
DA:250,0
DA:263,0
DA:277,0
DA:300,0
DA:317,0
DA:343,0
LF:61
LH:29
BRDA:71,0,0,0
BRDA:71,1,0,0
BRDA:71,1,1,0
BRDA:71,1,2,0
BRDA:83,2,0,0
BRDA:85,3,0,0
BRDA:85,3,1,0
BRDA:90,4,0,0
BRDA:92,5,0,0
BRDA:92,5,1,0
BRDA:118,6,0,8
BRDA:175,7,0,8
BRDA:175,7,1,8
BRDA:175,7,2,0
BRDA:175,7,3,0
BRDA:177,8,0,0
BRDA:251,9,0,0
BRDA:322,10,0,0
BRF:18
BRH:3
end_of_record
TN:
SF:app\technical-interview\page.tsx
FN:52,(anonymous_4)
FN:62,Page
FNF:2
FNH:0
FNDA:0,(anonymous_4)
FNDA:0,Page
DA:2,0
DA:3,0
DA:5,0
DA:19,0
DA:38,0
DA:49,0
DA:52,0
DA:62,0
LF:8
LH:0
BRF:0
BRH:0
end_of_record
TN:
SF:app\technical-interview\technical-interview-client.tsx
FN:24,TechnicalInterviewPage
FN:32,(anonymous_2)
FN:64,(anonymous_3)
FN:77,(anonymous_4)
FN:125,(anonymous_5)
FN:139,(anonymous_6)
FN:182,(anonymous_7)
FNF:7
FNH:0
FNDA:0,TechnicalInterviewPage
FNDA:0,(anonymous_2)
FNDA:0,(anonymous_3)
FNDA:0,(anonymous_4)
FNDA:0,(anonymous_5)
FNDA:0,(anonymous_6)
FNDA:0,(anonymous_7)
DA:3,0
DA:4,0
DA:5,0
DA:6,0
DA:7,0
DA:8,0
DA:9,0
DA:10,0
DA:11,0
DA:12,0
DA:13,0
DA:14,0
DA:24,0
DA:25,0
DA:26,0
DA:27,0
DA:28,0
DA:29,0
DA:30,0
DA:32,0
DA:33,0
DA:34,0
DA:39,0
DA:42,0
DA:44,0
DA:45,0
DA:52,0
DA:53,0
DA:54,0
DA:57,0
DA:59,0
DA:62,0
DA:63,0
DA:65,0
DA:66,0
DA:67,0
DA:69,0
DA:77,0
DA:79,0
DA:80,0
DA:84,0
DA:85,0
DA:88,0
DA:89,0
DA:95,0
DA:126,0
DA:140,0
DA:182,0
LF:48
LH:0
BRDA:33,0,0,0
BRDA:33,1,0,0
BRDA:33,1,1,0
BRDA:33,1,2,0
BRDA:52,2,0,0
BRDA:54,3,0,0
BRDA:54,3,1,0
BRDA:59,4,0,0
BRDA:59,4,1,0
BRDA:59,5,0,0
BRDA:59,5,1,0
BRDA:59,5,2,0
BRDA:62,6,0,0
BRDA:62,6,1,0
BRDA:65,7,0,0
BRDA:65,7,1,0
BRDA:65,8,0,0
BRDA:65,8,1,0
BRDA:66,9,0,0
BRDA:66,9,1,0
BRDA:67,10,0,0
BRDA:70,11,0,0
BRDA:70,11,1,0
BRDA:72,12,0,0
BRDA:72,12,1,0
BRDA:73,13,0,0
BRDA:73,13,1,0
BRDA:74,14,0,0
BRDA:74,14,1,0
BRDA:84,15,0,0
BRDA:88,16,0,0
BRDA:88,16,1,0
BRDA:108,17,0,0
BRDA:161,18,0,0
BRDA:161,18,1,0
BRDA:161,18,2,0
BRDA:161,18,3,0
BRDA:165,19,0,0
BRF:38
BRH:0
end_of_record
TN:
SF:app\terms\page.tsx
FN:3,TermsPage
FNF:1
FNH:0
FNDA:0,TermsPage
DA:1,0
DA:3,0
LF:2
LH:0
BRF:0
BRH:0
end_of_record
TN:
SF:app\textbook-learning\page.tsx
FN:50,(anonymous_4)
FN:60,Page
FNF:2
FNH:0
FNDA:0,(anonymous_4)
FNDA:0,Page
DA:2,0
DA:3,0
DA:5,0
DA:19,0
DA:38,0
DA:47,0
DA:50,0
DA:60,0
LF:8
LH:0
BRF:0
BRH:0
end_of_record
TN:
SF:app\textbook-learning\textbook-learning-client.tsx
FN:35,getEstimatedCounts
FN:44,estimatePagesFromFileSize
FN:50,TextbookLearningPage
FN:70,(anonymous_4)
FN:74,(anonymous_5)
FN:81,(anonymous_6)
FN:85,(anonymous_7)
FN:91,(anonymous_8)
FN:96,(anonymous_9)
FN:113,(anonymous_10)
FN:150,(anonymous_11)
FN:151,(anonymous_12)
FN:155,(anonymous_13)
FN:186,(anonymous_14)
FN:188,(anonymous_15)
FN:204,(anonymous_16)
FN:205,(anonymous_17)
FN:221,(anonymous_18)
FN:231,(anonymous_19)
FN:369,(anonymous_20)
FN:475,(anonymous_21)
FN:509,(anonymous_22)
FN:519,(anonymous_23)
FN:554,(anonymous_24)
FN:569,(anonymous_25)
FN:573,(anonymous_26)
FN:574,(anonymous_27)
FN:578,(anonymous_28)
FN:579,(anonymous_29)
FN:581,(anonymous_30)
FN:599,(anonymous_31)
FN:639,(anonymous_32)
FN:647,(anonymous_33)
FN:678,(anonymous_34)
FN:684,(anonymous_35)
FN:714,(anonymous_36)
FN:730,(anonymous_37)
FN:780,(anonymous_38)
FN:784,(anonymous_39)
FN:797,(anonymous_40)
FN:821,(anonymous_41)
FNF:41
FNH:0
FNDA:0,getEstimatedCounts
FNDA:0,estimatePagesFromFileSize
FNDA:0,TextbookLearningPage
FNDA:0,(anonymous_4)
FNDA:0,(anonymous_5)
FNDA:0,(anonymous_6)
FNDA:0,(anonymous_7)
FNDA:0,(anonymous_8)
FNDA:0,(anonymous_9)
FNDA:0,(anonymous_10)
FNDA:0,(anonymous_11)
FNDA:0,(anonymous_12)
FNDA:0,(anonymous_13)
FNDA:0,(anonymous_14)
FNDA:0,(anonymous_15)
FNDA:0,(anonymous_16)
FNDA:0,(anonymous_17)
FNDA:0,(anonymous_18)
FNDA:0,(anonymous_19)
FNDA:0,(anonymous_20)
FNDA:0,(anonymous_21)
FNDA:0,(anonymous_22)
FNDA:0,(anonymous_23)
FNDA:0,(anonymous_24)
FNDA:0,(anonymous_25)
FNDA:0,(anonymous_26)
FNDA:0,(anonymous_27)
FNDA:0,(anonymous_28)
FNDA:0,(anonymous_29)
FNDA:0,(anonymous_30)
FNDA:0,(anonymous_31)
FNDA:0,(anonymous_32)
FNDA:0,(anonymous_33)
FNDA:0,(anonymous_34)
FNDA:0,(anonymous_35)
FNDA:0,(anonymous_36)
FNDA:0,(anonymous_37)
FNDA:0,(anonymous_38)
FNDA:0,(anonymous_39)
FNDA:0,(anonymous_40)
FNDA:0,(anonymous_41)
DA:3,0
DA:4,0
DA:5,0
DA:6,0
DA:7,0
DA:8,0
DA:9,0
DA:10,0
DA:11,0
DA:12,0
DA:13,0
DA:14,0
DA:15,0
DA:16,0
DA:17,0
DA:18,0
DA:25,0
DA:36,0
DA:37,0
DA:38,0
DA:39,0
DA:40,0
DA:41,0
DA:46,0
DA:47,0
DA:50,0
DA:51,0
DA:52,0
DA:53,0
DA:54,0
DA:55,0
DA:56,0
DA:63,0
DA:64,0
DA:65,0
DA:66,0
DA:67,0
DA:70,0
DA:71,0
DA:72,0
DA:73,0
DA:74,0
DA:75,0
DA:77,0
DA:81,0
DA:82,0
DA:83,0
DA:85,0
DA:86,0
DA:87,0
DA:90,0
DA:91,0
DA:92,0
DA:96,0
DA:97,0
DA:98,0
DA:100,0
DA:101,0
DA:102,0
DA:107,0
DA:108,0
DA:111,0
DA:112,0
DA:113,0
DA:115,0
DA:116,0
DA:117,0
DA:120,0
DA:121,0
DA:122,0
DA:123,0
DA:126,0
DA:132,0
DA:134,0
DA:135,0
DA:136,0
DA:137,0
DA:139,0
DA:143,0
DA:144,0
DA:147,0
DA:150,0
DA:151,0
DA:152,0
DA:154,0
DA:155,0
DA:156,0
DA:158,0
DA:160,0
DA:161,0
DA:164,0
DA:169,0
DA:175,0
DA:176,0
DA:178,0
DA:179,0
DA:180,0
DA:182,0
DA:186,0
DA:188,0
DA:189,0
DA:190,0
DA:195,0
DA:198,0
DA:199,0
DA:200,0
DA:201,0
DA:204,0
DA:205,0
DA:206,0
DA:207,0
DA:212,0
DA:215,0
DA:216,0
DA:217,0
DA:221,0
DA:224,0
DA:225,0
DA:226,0
DA:227,0
DA:231,0
DA:369,0
DA:476,0
DA:477,0
DA:509,0
DA:519,0
DA:555,0
DA:556,0
DA:570,0
DA:571,0
DA:574,0
DA:575,0
DA:579,0
DA:582,0
DA:583,0
DA:600,0
DA:601,0
DA:602,0
DA:603,0
DA:604,0
DA:639,0
DA:648,0
DA:678,0
DA:685,0
DA:715,0
DA:730,0
DA:781,0
DA:785,0
DA:786,0
DA:797,0
DA:821,0
LF:151
LH:0
BRDA:47,0,0,0
BRDA:47,0,1,0
BRDA:71,1,0,0
BRDA:75,2,0,0
BRDA:75,2,1,0
BRDA:82,3,0,0
BRDA:83,4,0,0
BRDA:98,5,0,0
BRDA:111,6,0,0
BRDA:132,7,0,0
BRDA:136,8,0,0
BRDA:136,8,1,0
BRDA:156,9,0,0
BRDA:156,9,1,0
BRDA:160,10,0,0
BRDA:171,11,0,0
BRDA:171,11,1,0
BRDA:175,12,0,0
BRDA:175,13,0,0
BRDA:175,13,1,0
BRDA:189,14,0,0
BRDA:189,15,0,0
BRDA:189,15,1,0
BRDA:206,16,0,0
BRDA:206,17,0,0
BRDA:206,17,1,0
BRDA:216,18,0,0
BRDA:216,18,1,0
BRDA:375,19,0,0
BRDA:375,19,1,0
BRDA:379,20,0,0
BRDA:391,21,0,0
BRDA:391,21,1,0
BRDA:392,22,0,0
BRDA:392,22,1,0
BRDA:392,22,2,0
BRDA:393,23,0,0
BRDA:393,23,1,0
BRDA:393,23,2,0
BRDA:394,24,0,0
BRDA:394,24,1,0
BRDA:394,24,2,0
BRDA:395,25,0,0
BRDA:395,25,1,0
BRDA:436,26,0,0
BRDA:470,27,0,0
BRDA:476,28,0,0
BRDA:476,28,1,0
BRDA:490,29,0,0
BRDA:490,29,1,0
BRDA:496,30,0,0
BRDA:496,30,1,0
BRDA:499,31,0,0
BRDA:499,31,1,0
BRDA:540,32,0,0
BRDA:539,33,0,0
BRDA:539,33,1,0
BRDA:539,33,2,0
BRDA:565,34,0,0
BRDA:565,34,1,0
BRDA:597,35,0,0
BRDA:600,36,0,0
BRDA:617,37,0,0
BRDA:639,38,0,0
BRDA:639,38,1,0
BRDA:651,39,0,0
BRDA:651,39,1,0
BRDA:660,40,0,0
BRDA:675,41,0,0
BRDA:702,42,0,0
BRDA:723,43,0,0
BRDA:723,43,1,0
BRDA:750,44,0,0
BRDA:768,45,0,0
BRDA:797,46,0,0
BRDA:797,46,1,0
BRDA:811,47,0,0
BRDA:811,47,1,0
BRDA:821,48,0,0
BRDA:821,48,1,0
BRF:80
BRH:0
end_of_record
TN:
SF:components\ats-guidance.tsx
FN:7,ATSGuidance
FN:115,(anonymous_2)
FN:142,(anonymous_3)
FNF:3
FNH:0
FNDA:0,ATSGuidance
FNDA:0,(anonymous_2)
FNDA:0,(anonymous_3)
DA:3,0
DA:4,0
DA:5,0
DA:7,0
DA:116,0
DA:143,0
LF:6
LH:0
BRF:0
BRH:0
end_of_record
TN:
SF:components\ats-result.tsx
FN:12,AtsResult
FN:30,(anonymous_2)
FNF:2
FNH:0
FNDA:0,AtsResult
FNDA:0,(anonymous_2)
DA:3,0
DA:12,0
DA:31,0
LF:3
LH:0
BRDA:29,0,0,0
BRF:1
BRH:0
end_of_record
TN:
SF:components\ats-results.tsx
FN:22,ATSResults
FN:23,(anonymous_2)
FN:29,(anonymous_3)
FN:36,(anonymous_4)
FN:242,(anonymous_5)
FN:273,(anonymous_6)
FN:317,(anonymous_7)
FNF:7
FNH:0
FNDA:0,ATSResults
FNDA:0,(anonymous_2)
FNDA:0,(anonymous_3)
FNDA:0,(anonymous_4)
FNDA:0,(anonymous_5)
FNDA:0,(anonymous_6)
FNDA:0,(anonymous_7)
DA:3,0
DA:4,0
DA:5,0
DA:6,0
DA:22,0
DA:23,0
DA:24,0
DA:25,0
DA:26,0
DA:29,0
DA:30,0
DA:31,0
DA:32,0
DA:33,0
DA:36,0
DA:37,0
DA:39,0
DA:41,0
DA:43,0
DA:45,0
DA:50,0
DA:243,0
DA:274,0
DA:318,0
LF:24
LH:0
BRDA:24,0,0,0
BRDA:25,1,0,0
BRDA:30,2,0,0
BRDA:31,3,0,0
BRDA:32,4,0,0
BRDA:37,5,0,0
BRDA:37,5,1,0
BRDA:37,5,2,0
BRDA:37,5,3,0
BRDA:242,6,0,0
BRDA:292,7,0,0
BRF:11
BRH:0
end_of_record
TN:
SF:components\breathing-exercise.tsx
FN:20,BreathingExercise
FN:27,(anonymous_2)
FN:31,(anonymous_3)
FN:32,(anonymous_4)
FN:39,(anonymous_5)
FN:49,(anonymous_6)
FN:54,(anonymous_7)
FN:65,(anonymous_8)
FN:72,(anonymous_9)
FN:76,(anonymous_10)
FNF:10
FNH:0
FNDA:0,BreathingExercise
FNDA:0,(anonymous_2)
FNDA:0,(anonymous_3)
FNDA:0,(anonymous_4)
FNDA:0,(anonymous_5)
FNDA:0,(anonymous_6)
FNDA:0,(anonymous_7)
FNDA:0,(anonymous_8)
FNDA:0,(anonymous_9)
FNDA:0,(anonymous_10)
DA:3,0
DA:4,0
DA:5,0
DA:6,0
DA:12,0
DA:20,0
DA:21,0
DA:22,0
DA:23,0
DA:24,0
DA:25,0
DA:27,0
DA:30,0
DA:31,0
DA:32,0
DA:33,0
DA:34,0
DA:35,0
DA:36,0
DA:38,0
DA:39,0
DA:42,0
DA:44,0
DA:49,0
DA:50,0
DA:54,0
DA:56,0
DA:57,0
DA:58,0
DA:59,0
DA:61,0
DA:65,0
DA:66,0
DA:67,0
DA:68,0
DA:69,0
DA:72,0
DA:73,0
DA:76,0
DA:77,0
DA:78,0
DA:79,0
DA:80,0
DA:81,0
DA:84,0
LF:45
LH:0
BRDA:30,0,0,0
BRDA:33,1,0,0
BRDA:38,2,0,0
BRDA:50,3,0,0
BRDA:56,4,0,0
BRDA:56,4,1,0
BRDA:58,5,0,0
BRDA:58,5,1,0
BRDA:114,6,0,0
BRDA:122,7,0,0
BRDA:122,7,1,0
BRDA:123,8,0,0
BRDA:123,8,1,0
BRDA:124,9,0,0
BRDA:124,9,1,0
BRDA:132,10,0,0
BRF:16
BRH:0
end_of_record
TN:
SF:components\check-in-streak.tsx
FN:19,CheckInStreak
FN:25,(anonymous_2)
FN:31,(anonymous_3)
FN:46,(anonymous_4)
FNF:4
FNH:0
FNDA:0,CheckInStreak
FNDA:0,(anonymous_2)
FNDA:0,(anonymous_3)
FNDA:0,(anonymous_4)
DA:3,0
DA:4,0
DA:5,0
DA:6,0
DA:7,0
DA:8,0
DA:9,0
DA:19,0
DA:20,0
DA:21,0
DA:22,0
DA:23,0
DA:25,0
DA:26,0
DA:27,0
DA:31,0
DA:32,0
DA:33,0
DA:34,0
DA:35,0
DA:36,0
DA:37,0
DA:40,0
DA:42,0
DA:46,0
DA:47,0
DA:48,0
DA:49,0
DA:57,0
DA:59,0
DA:60,0
DA:63,0
DA:64,0
DA:66,0
DA:68,0
DA:71,0
DA:72,0
DA:74,0
DA:78,0
LF:39
LH:0
BRDA:26,0,0,0
BRDA:35,1,0,0
BRDA:59,2,0,0
BRDA:59,2,1,0
BRDA:59,3,0,0
BRDA:59,3,1,0
BRDA:61,4,0,0
BRDA:61,4,1,0
BRDA:63,5,0,0
BRDA:68,6,0,0
BRDA:68,6,1,0
BRDA:78,7,0,0
BRDA:102,8,0,0
BRDA:110,9,0,0
BRDA:110,9,1,0
BRDA:119,10,0,0
BRDA:119,10,1,0
BRDA:124,11,0,0
BRDA:124,11,1,0
BRDA:129,12,0,0
BRDA:129,12,1,0
BRDA:141,13,0,0
BRDA:141,13,1,0
BRDA:147,14,0,0
BRF:24
BRH:0
end_of_record
TN:
SF:components\cover-letter-generator.tsx
FN:18,CoverLetterGenerator
FN:23,(anonymous_2)
FN:81,(anonymous_3)
FN:89,(anonymous_4)
FN:202,(anonymous_5)
FNF:5
FNH:0
FNDA:0,CoverLetterGenerator
FNDA:0,(anonymous_2)
FNDA:0,(anonymous_3)
FNDA:0,(anonymous_4)
FNDA:0,(anonymous_5)
DA:3,0
DA:4,0
DA:5,0
DA:6,0
DA:7,0
DA:8,0
DA:9,0
DA:10,0
DA:18,0
DA:19,0
DA:20,0
DA:21,0
DA:23,0
DA:24,0
DA:25,0
DA:30,0
DA:33,0
DA:35,0
DA:36,0
DA:37,0
DA:38,0
DA:40,0
DA:42,0
DA:48,0
DA:49,0
DA:50,0
DA:51,0
DA:52,0
DA:54,0
DA:58,0
DA:59,0
DA:61,0
DA:62,0
DA:65,0
DA:70,0
DA:71,0
DA:77,0
DA:81,0
DA:82,0
DA:83,0
DA:89,0
DA:90,0
DA:91,0
DA:92,0
DA:93,0
DA:94,0
DA:95,0
DA:96,0
DA:98,0
DA:202,0
LF:50
LH:0
BRDA:24,0,0,0
BRDA:40,1,0,0
BRDA:40,1,1,0
BRDA:40,2,0,0
BRDA:40,2,1,0
BRDA:48,3,0,0
BRDA:52,4,0,0
BRDA:52,4,1,0
BRDA:54,5,0,0
BRDA:54,5,1,0
BRDA:61,6,0,0
BRDA:70,7,0,0
BRDA:70,7,1,0
BRDA:125,8,0,0
BRDA:131,9,0,0
BRDA:131,9,1,0
BRDA:155,10,0,0
BRDA:168,11,0,0
BRF:18
BRH:0
end_of_record
TN:
SF:components\dev-demo.tsx
FN:8,DevDemoButton
FN:14,enableDemoAndAddCredits
FNF:2
FNH:0
FNDA:0,DevDemoButton
FNDA:0,enableDemoAndAddCredits
DA:3,0
DA:4,0
DA:5,0
DA:6,0
DA:8,0
DA:9,0
DA:12,0
DA:15,0
DA:16,0
DA:18,0
DA:19,0
DA:22,0
DA:25,0
DA:27,0
DA:30,0
DA:32,0
DA:34,0
LF:17
LH:0
BRDA:12,0,0,0
BRDA:18,1,0,0
BRDA:27,2,0,0
BRDA:46,3,0,0
BRDA:46,3,1,0
BRF:5
BRH:0
end_of_record
TN:
SF:components\faq-section.tsx
FN:18,FAQSection
FN:38,(anonymous_2)
FNF:2
FNH:0
FNDA:0,FAQSection
FNDA:0,(anonymous_2)
DA:3,0
DA:4,0
DA:18,0
DA:24,0
DA:39,0
LF:5
LH:0
BRDA:19,0,0,0
BRDA:20,1,0,0
BRDA:21,2,0,0
BRDA:24,3,0,0
BRDA:24,4,0,0
BRDA:24,4,1,0
BRF:6
BRH:0
end_of_record
TN:
SF:components\feynman-practice.tsx
FN:36,FeynmanPractice
FN:43,(anonymous_2)
FN:97,(anonymous_3)
FN:103,(anonymous_4)
FN:146,(anonymous_5)
FN:170,(anonymous_6)
FN:194,(anonymous_7)
FN:274,(anonymous_8)
FN:283,(anonymous_9)
FN:310,(anonymous_10)
FNF:10
FNH:0
FNDA:0,FeynmanPractice
FNDA:0,(anonymous_2)
FNDA:0,(anonymous_3)
FNDA:0,(anonymous_4)
FNDA:0,(anonymous_5)
FNDA:0,(anonymous_6)
FNDA:0,(anonymous_7)
FNDA:0,(anonymous_8)
FNDA:0,(anonymous_9)
FNDA:0,(anonymous_10)
DA:3,0
DA:4,0
DA:5,0
DA:6,0
DA:7,0
DA:8,0
DA:18,0
DA:19,0
DA:20,0
DA:36,0
DA:37,0
DA:38,0
DA:39,0
DA:40,0
DA:41,0
DA:43,0
DA:44,0
DA:45,0
DA:50,0
DA:53,0
DA:54,0
DA:59,0
DA:62,0
DA:63,0
DA:64,0
DA:65,0
DA:66,0
DA:77,0
DA:78,0
DA:81,0
DA:82,0
DA:83,0
DA:84,0
DA:87,0
DA:93,0
DA:97,0
DA:98,0
DA:99,0
DA:100,0
DA:103,0
DA:104,0
DA:105,0
DA:106,0
DA:107,0
DA:111,0
DA:147,0
DA:171,0
DA:195,0
DA:275,0
DA:283,0
DA:310,0
LF:51
LH:0
BRDA:44,0,0,0
BRDA:44,1,0,0
BRDA:44,1,1,0
BRDA:53,2,0,0
BRDA:65,3,0,0
BRDA:65,3,1,0
BRDA:65,4,0,0
BRDA:65,4,1,0
BRDA:77,5,0,0
BRDA:83,6,0,0
BRDA:104,7,0,0
BRDA:105,8,0,0
BRDA:106,9,0,0
BRDA:111,10,0,0
BRDA:145,11,0,0
BRDA:169,12,0,0
BRDA:193,13,0,0
BRDA:273,14,0,0
BRDA:277,15,0,0
BRDA:277,15,1,0
BRDA:279,16,0,0
BRDA:279,16,1,0
BRDA:323,17,0,0
BRDA:323,17,1,0
BRDA:323,17,2,0
BRDA:328,18,0,0
BRF:26
BRH:0
end_of_record
TN:
SF:components\file-upload.tsx
FN:16,FileUpload
FN:20,(anonymous_2)
FN:32,(anonymous_3)
FN:37,(anonymous_4)
FNF:4
FNH:0
FNDA:0,FileUpload
FNDA:0,(anonymous_2)
FNDA:0,(anonymous_3)
FNDA:0,(anonymous_4)
DA:3,0
DA:4,0
DA:5,0
DA:6,0
DA:7,0
DA:8,0
DA:16,0
DA:17,0
DA:19,0
DA:21,0
DA:22,0
DA:23,0
DA:24,0
DA:30,0
DA:32,0
DA:37,0
DA:38,0
DA:39,0
DA:42,0
LF:19
LH:0
BRDA:22,0,0,0
BRDA:42,1,0,0
BRDA:72,2,0,0
BRDA:72,2,1,0
BRDA:72,2,2,0
BRDA:73,3,0,0
BRDA:73,3,1,0
BRDA:74,4,0,0
BRDA:74,4,1,0
BRDA:80,5,0,0
BRF:10
BRH:0
end_of_record
TN:
SF:components\flashcard-study.tsx
FN:77,FlashcardStudy
FN:86,(anonymous_2)
FN:90,(anonymous_3)
FN:107,(anonymous_4)
FN:112,(anonymous_5)
FN:120,(anonymous_6)
FN:195,(anonymous_7)
FN:233,(anonymous_8)
FN:257,(anonymous_9)
FN:274,(anonymous_10)
FN:280,(anonymous_11)
FN:298,(anonymous_12)
FN:300,(anonymous_13)
FN:311,(anonymous_14)
FN:323,(anonymous_15)
FN:325,(anonymous_16)
FNF:16
FNH:0
FNDA:0,FlashcardStudy
FNDA:0,(anonymous_2)
FNDA:0,(anonymous_3)
FNDA:0,(anonymous_4)
FNDA:0,(anonymous_5)
FNDA:0,(anonymous_6)
FNDA:0,(anonymous_7)
FNDA:0,(anonymous_8)
FNDA:0,(anonymous_9)
FNDA:0,(anonymous_10)
FNDA:0,(anonymous_11)
FNDA:0,(anonymous_12)
FNDA:0,(anonymous_13)
FNDA:0,(anonymous_14)
FNDA:0,(anonymous_15)
FNDA:0,(anonymous_16)
DA:3,0
DA:4,0
DA:5,0
DA:6,0
DA:7,0
DA:21,0
DA:22,0
DA:23,0
DA:46,0
DA:77,0
DA:78,0
DA:79,0
DA:80,0
DA:81,0
DA:82,0
DA:83,0
DA:86,0
DA:87,0
DA:88,0
DA:90,0
DA:91,0
DA:92,0
DA:94,0
DA:95,0
DA:102,0
DA:104,0
DA:107,0
DA:112,0
DA:114,0
DA:115,0
DA:119,0
DA:120,0
DA:121,0
DA:124,0
DA:128,0
DA:131,0
DA:137,0
DA:141,0
DA:195,0
DA:234,0
DA:257,0
DA:275,0
DA:276,0
DA:280,0
DA:299,0
DA:300,0
DA:301,0
DA:312,0
DA:313,0
DA:314,0
DA:315,0
DA:324,0
DA:325,0
DA:326,0
LF:54
LH:0
BRDA:88,0,0,0
BRDA:88,0,1,0
BRDA:91,1,0,0
BRDA:91,2,0,0
BRDA:91,2,1,0
BRDA:102,3,0,0
BRDA:108,4,0,0
BRDA:108,4,1,0
BRDA:109,5,0,0
BRDA:109,5,1,0
BRDA:114,6,0,0
BRDA:119,7,0,0
BRDA:119,7,1,0
BRDA:126,8,0,0
BRDA:126,8,1,0
BRDA:141,9,0,0
BRDA:192,10,0,0
BRDA:195,11,0,0
BRDA:195,11,1,0
BRDA:200,12,0,0
BRDA:200,12,1,0
BRDA:209,13,0,0
BRDA:209,13,1,0
BRDA:220,14,0,0
BRDA:231,15,0,0
BRDA:231,15,1,0
BRDA:242,16,0,0
BRDA:255,17,0,0
BRDA:268,18,0,0
BRDA:268,18,1,0
BRDA:299,19,0,0
BRDA:324,20,0,0
BRF:32
BRH:0
end_of_record
TN:
SF:components\floating-credits.tsx
FN:22,FloatingCredits
FN:29,(anonymous_2)
FN:44,(anonymous_3)
FN:45,onCreditsUpdate
FN:52,(anonymous_5)
FN:60,(anonymous_6)
FN:69,fetchCredits
FN:81,fetchTransactions
FN:97,(anonymous_9)
FN:116,(anonymous_10)
FN:146,(anonymous_11)
FNF:11
FNH:0
FNDA:0,FloatingCredits
FNDA:0,(anonymous_2)
FNDA:0,(anonymous_3)
FNDA:0,onCreditsUpdate
FNDA:0,(anonymous_5)
FNDA:0,(anonymous_6)
FNDA:0,fetchCredits
FNDA:0,fetchTransactions
FNDA:0,(anonymous_9)
FNDA:0,(anonymous_10)
FNDA:0,(anonymous_11)
DA:3,0
DA:4,0
DA:5,0
DA:6,0
DA:7,0
DA:8,0
DA:9,0
DA:12,0
DA:13,0
DA:22,0
DA:23,0
DA:24,0
DA:25,0
DA:26,0
DA:27,0
DA:29,0
DA:30,0
DA:31,0
DA:32,0
DA:33,0
DA:34,0
DA:35,0
DA:37,0
DA:38,0
DA:39,0
DA:40,0
DA:44,0
DA:46,0
DA:47,0
DA:49,0
DA:50,0
DA:52,0
DA:53,0
DA:54,0
DA:60,0
DA:61,0
DA:62,0
DA:63,0
DA:64,0
DA:65,0
DA:66,0
DA:70,0
DA:71,0
DA:72,0
DA:73,0
DA:74,0
DA:77,0
DA:82,0
DA:83,0
DA:84,0
DA:85,0
DA:86,0
DA:89,0
DA:93,0
DA:94,0
DA:97,0
DA:98,0
DA:106,0
DA:116,0
DA:147,0
LF:60
LH:0
BRDA:30,0,0,0
BRDA:31,1,0,0
BRDA:33,2,0,0
BRDA:49,3,0,0
BRDA:53,4,0,0
BRDA:61,5,0,0
BRDA:62,6,0,0
BRDA:64,7,0,0
BRDA:72,8,0,0
BRDA:74,9,0,0
BRDA:74,9,1,0
BRDA:84,10,0,0
BRDA:93,11,0,0
BRDA:106,12,0,0
BRDA:106,12,1,0
BRDA:114,13,0,0
BRDA:114,13,1,0
BRDA:140,14,0,0
BRDA:152,15,0,0
BRDA:152,15,1,0
BRDA:157,16,0,0
BRDA:157,16,1,0
BRF:22
BRH:0
end_of_record
TN:
SF:components\interview-questions.tsx
FN:48,InterviewQuestions
FN:63,(anonymous_2)
FN:90,(anonymous_3)
FN:98,(anonymous_4)
FN:137,(anonymous_5)
FN:145,(anonymous_6)
FN:176,(anonymous_7)
FN:176,(anonymous_8)
FN:190,(anonymous_9)
FN:208,(anonymous_10)
FN:296,(anonymous_11)
FN:304,(anonymous_12)
FN:316,(anonymous_13)
FN:317,(anonymous_14)
FN:326,(anonymous_15)
FN:327,(anonymous_16)
FN:370,(anonymous_17)
FN:385,(anonymous_18)
FN:395,(anonymous_19)
FN:425,(anonymous_20)
FN:425,(anonymous_21)
FN:432,(anonymous_22)
FN:432,(anonymous_23)
FNF:23
FNH:0
FNDA:0,InterviewQuestions
FNDA:0,(anonymous_2)
FNDA:0,(anonymous_3)
FNDA:0,(anonymous_4)
FNDA:0,(anonymous_5)
FNDA:0,(anonymous_6)
FNDA:0,(anonymous_7)
FNDA:0,(anonymous_8)
FNDA:0,(anonymous_9)
FNDA:0,(anonymous_10)
FNDA:0,(anonymous_11)
FNDA:0,(anonymous_12)
FNDA:0,(anonymous_13)
FNDA:0,(anonymous_14)
FNDA:0,(anonymous_15)
FNDA:0,(anonymous_16)
FNDA:0,(anonymous_17)
FNDA:0,(anonymous_18)
FNDA:0,(anonymous_19)
FNDA:0,(anonymous_20)
FNDA:0,(anonymous_21)
FNDA:0,(anonymous_22)
FNDA:0,(anonymous_23)
DA:3,0
DA:4,0
DA:5,0
DA:6,0
DA:7,0
DA:8,0
DA:9,0
DA:10,0
DA:11,0
DA:12,0
DA:13,0
DA:14,0
DA:48,0
DA:49,0
DA:50,0
DA:51,0
DA:52,0
DA:53,0
DA:54,0
DA:55,0
DA:56,0
DA:57,0
DA:58,0
DA:61,0
DA:64,0
DA:72,0
DA:73,0
DA:75,0
DA:77,0
DA:81,0
DA:85,0
DA:90,0
DA:91,0
DA:92,0
DA:94,0
DA:98,0
DA:99,0
DA:100,0
DA:101,0
DA:102,0
DA:107,0
DA:110,0
DA:112,0
DA:113,0
DA:114,0
DA:118,0
DA:130,0
DA:131,0
DA:134,0
DA:135,0
DA:136,0
DA:137,0
DA:141,0
DA:142,0
DA:145,0
DA:146,0
DA:147,0
DA:151,0
DA:152,0
DA:157,0
DA:158,0
DA:160,0
DA:167,0
DA:175,0
DA:176,0
DA:180,0
DA:186,0
DA:190,0
DA:191,0
DA:192,0
DA:193,0
DA:195,0
DA:196,0
DA:201,0
DA:208,0
DA:209,0
DA:211,0
DA:213,0
DA:216,0
DA:296,0
DA:304,0
DA:317,0
DA:327,0
DA:371,0
DA:386,0
DA:396,0
DA:425,0
DA:432,0
LF:88
LH:0
BRDA:77,0,0,0
BRDA:77,0,1,0
BRDA:77,1,0,0
BRDA:77,1,1,0
BRDA:77,1,2,0
BRDA:81,2,0,0
BRDA:81,2,1,0
BRDA:81,3,0,0
BRDA:81,3,1,0
BRDA:81,3,2,0
BRDA:85,4,0,0
BRDA:85,4,1,0
BRDA:85,5,0,0
BRDA:85,5,1,0
BRDA:85,5,2,0
BRDA:91,6,0,0
BRDA:91,6,1,0
BRDA:100,7,0,0
BRDA:100,7,1,0
BRDA:101,8,0,0
BRDA:110,9,0,0
BRDA:114,10,0,0
BRDA:114,10,1,0
BRDA:115,11,0,0
BRDA:115,11,1,0
BRDA:127,12,0,0
BRDA:127,12,1,0
BRDA:130,13,0,0
BRDA:136,14,0,0
BRDA:141,15,0,0
BRDA:141,16,0,0
BRDA:141,16,1,0
BRDA:146,17,0,0
BRDA:151,18,0,0
BRDA:151,18,1,0
BRDA:157,19,0,0
BRDA:157,19,1,0
BRDA:168,20,0,0
BRDA:168,20,1,0
BRDA:169,21,0,0
BRDA:169,21,1,0
BRDA:172,22,0,0
BRDA:172,22,1,0
BRDA:175,23,0,0
BRDA:182,24,0,0
BRDA:182,24,1,0
BRDA:192,25,0,0
BRDA:192,25,1,0
BRDA:193,26,0,0
BRDA:193,26,1,0
BRDA:195,27,0,0
BRDA:195,27,1,0
BRDA:209,28,0,0
BRDA:209,28,1,0
BRDA:209,28,2,0
BRDA:209,28,3,0
BRDA:263,29,0,0
BRDA:263,29,1,0
BRDA:267,30,0,0
BRDA:267,30,1,0
BRDA:270,31,0,0
BRDA:272,32,0,0
BRDA:279,33,0,0
BRDA:294,34,0,0
BRDA:294,34,1,0
BRDA:302,35,0,0
BRDA:302,35,1,0
BRDA:313,36,0,0
BRDA:315,37,0,0
BRDA:315,37,1,0
BRDA:336,38,0,0
BRDA:339,39,0,0
BRDA:339,39,1,0
BRDA:345,40,0,0
BRDA:350,41,0,0
BRDA:350,41,1,0
BRDA:355,42,0,0
BRDA:359,43,0,0
BRDA:361,44,0,0
BRDA:361,44,1,0
BRDA:362,45,0,0
BRDA:362,45,1,0
BRDA:363,46,0,0
BRDA:363,46,1,0
BRDA:364,47,0,0
BRDA:364,47,1,0
BRDA:366,48,0,0
BRDA:380,49,0,0
BRDA:380,49,1,0
BRDA:381,50,0,0
BRDA:391,51,0,0
BRDA:413,52,0,0
BRDA:413,52,1,0
BRDA:413,52,2,0
BRDA:440,53,0,0
BRDA:440,54,0,0
BRDA:440,54,1,0
BRF:97
BRH:0
end_of_record
TN:
SF:components\learning-analytics.tsx
FN:29,LearningAnalytics
FN:39,(anonymous_2)
FN:42,(anonymous_3)
FN:45,(anonymous_4)
FN:46,(anonymous_5)
FN:47,(anonymous_6)
FN:51,(anonymous_7)
FNF:7
FNH:0
FNDA:0,LearningAnalytics
FNDA:0,(anonymous_2)
FNDA:0,(anonymous_3)
FNDA:0,(anonymous_4)
FNDA:0,(anonymous_5)
FNDA:0,(anonymous_6)
FNDA:0,(anonymous_7)
DA:3,0
DA:12,0
DA:29,0
DA:35,0
DA:36,0
DA:39,0
DA:42,0
DA:45,0
DA:46,0
DA:47,0
DA:50,0
DA:51,0
DA:55,0
DA:57,0
LF:14
LH:0
BRDA:32,0,0,0
BRDA:45,1,0,0
BRDA:45,1,1,0
BRDA:46,2,0,0
BRDA:46,2,1,0
BRDA:50,3,0,0
BRDA:50,3,1,0
BRDA:57,4,0,0
BRDA:57,4,1,0
BRDA:209,5,0,0
BRDA:215,6,0,0
BRF:11
BRH:0
end_of_record
TN:
SF:components\local-feynman-practice.tsx
FN:37,LocalFeynmanPractice
FN:44,(anonymous_2)
FN:66,(anonymous_3)
FN:67,(anonymous_4)
FN:72,(anonymous_5)
FN:92,(anonymous_6)
FN:97,(anonymous_7)
FN:101,(anonymous_8)
FN:131,(anonymous_9)
FN:151,(anonymous_10)
FN:157,(anonymous_11)
FN:204,(anonymous_12)
FN:228,(anonymous_13)
FN:252,(anonymous_14)
FN:331,(anonymous_15)
FN:340,(anonymous_16)
FN:366,(anonymous_17)
FNF:17
FNH:0
FNDA:0,LocalFeynmanPractice
FNDA:0,(anonymous_2)
FNDA:0,(anonymous_3)
FNDA:0,(anonymous_4)
FNDA:0,(anonymous_5)
FNDA:0,(anonymous_6)
FNDA:0,(anonymous_7)
FNDA:0,(anonymous_8)
FNDA:0,(anonymous_9)
FNDA:0,(anonymous_10)
FNDA:0,(anonymous_11)
FNDA:0,(anonymous_12)
FNDA:0,(anonymous_13)
FNDA:0,(anonymous_14)
FNDA:0,(anonymous_15)
FNDA:0,(anonymous_16)
FNDA:0,(anonymous_17)
DA:3,0
DA:4,0
DA:5,0
DA:6,0
DA:7,0
DA:8,0
DA:18,0
DA:19,0
DA:21,0
DA:37,0
DA:38,0
DA:39,0
DA:40,0
DA:41,0
DA:42,0
DA:44,0
DA:45,0
DA:47,0
DA:48,0
DA:49,0
DA:50,0
DA:51,0
DA:56,0
DA:57,0
DA:58,0
DA:59,0
DA:60,0
DA:61,0
DA:65,0
DA:66,0
DA:67,0
DA:69,0
DA:72,0
DA:73,0
DA:74,0
DA:79,0
DA:82,0
DA:83,0
DA:88,0
DA:92,0
DA:93,0
DA:94,0
DA:97,0
DA:101,0
DA:102,0
DA:103,0
DA:104,0
DA:107,0
DA:115,0
DA:116,0
DA:117,0
DA:118,0
DA:119,0
DA:130,0
DA:131,0
DA:132,0
DA:135,0
DA:136,0
DA:137,0
DA:138,0
DA:141,0
DA:147,0
DA:151,0
DA:152,0
DA:153,0
DA:154,0
DA:157,0
DA:158,0
DA:159,0
DA:160,0
DA:161,0
DA:165,0
DA:205,0
DA:229,0
DA:253,0
DA:332,0
DA:340,0
DA:366,0
LF:78
LH:0
BRDA:48,0,0,0
BRDA:48,0,1,0
BRDA:50,1,0,0
BRDA:51,2,0,0
BRDA:51,2,1,0
BRDA:56,3,0,0
BRDA:58,4,0,0
BRDA:60,5,0,0
BRDA:61,6,0,0
BRDA:61,6,1,0
BRDA:73,7,0,0
BRDA:73,8,0,0
BRDA:73,8,1,0
BRDA:82,9,0,0
BRDA:95,10,0,0
BRDA:95,10,1,0
BRDA:95,10,2,0
BRDA:95,10,3,0
BRDA:97,11,0,0
BRDA:97,11,1,0
BRDA:102,12,0,0
BRDA:102,12,1,0
BRDA:103,13,0,0
BRDA:103,13,1,0
BRDA:110,14,0,0
BRDA:110,14,1,0
BRDA:118,15,0,0
BRDA:118,15,1,0
BRDA:118,16,0,0
BRDA:118,16,1,0
BRDA:130,17,0,0
BRDA:132,18,0,0
BRDA:132,18,1,0
BRDA:137,19,0,0
BRDA:143,20,0,0
BRDA:143,20,1,0
BRDA:158,21,0,0
BRDA:159,22,0,0
BRDA:160,23,0,0
BRDA:165,24,0,0
BRDA:203,25,0,0
BRDA:227,26,0,0
BRDA:251,27,0,0
BRDA:330,28,0,0
BRDA:334,29,0,0
BRDA:334,29,1,0
BRDA:336,30,0,0
BRDA:336,30,1,0
BRDA:379,31,0,0
BRDA:379,31,1,0
BRDA:379,31,2,0
BRDA:384,32,0,0
BRF:52
BRH:0
end_of_record
TN:
SF:components\local-flashcard-viewer.tsx
FN:25,LocalFlashcardViewer
FN:45,(anonymous_3)
FN:47,(anonymous_4)
FN:52,(anonymous_5)
FN:54,(anonymous_6)
FN:59,(anonymous_7)
FN:141,(anonymous_8)
FN:164,(anonymous_9)
FN:164,(anonymous_10)
FNF:9
FNH:0
FNDA:0,LocalFlashcardViewer
FNDA:0,(anonymous_3)
FNDA:0,(anonymous_4)
FNDA:0,(anonymous_5)
FNDA:0,(anonymous_6)
FNDA:0,(anonymous_7)
FNDA:0,(anonymous_8)
FNDA:0,(anonymous_9)
FNDA:0,(anonymous_10)
DA:3,0
DA:4,0
DA:5,0
DA:6,0
DA:7,0
DA:8,0
DA:9,0
DA:10,0
DA:11,0
DA:25,0
DA:35,0
DA:36,0
DA:38,0
DA:39,0
DA:42,0
DA:43,0
DA:45,0
DA:46,0
DA:47,0
DA:48,0
DA:52,0
DA:53,0
DA:54,0
DA:55,0
DA:59,0
DA:60,0
DA:61,0
DA:142,0
DA:164,0
LF:29
LH:0
BRDA:38,0,0,0
BRDA:38,1,0,0
BRDA:38,1,1,0
BRDA:46,2,0,0
BRDA:53,3,0,0
BRDA:107,4,0,0
BRDA:107,4,1,0
BRDA:113,5,0,0
BRDA:127,6,0,0
BRDA:139,7,0,0
BRDA:139,7,1,0
BRDA:149,8,0,0
BRDA:168,9,0,0
BRDA:168,9,1,0
BRDA:226,10,0,0
BRF:15
BRH:0
end_of_record
TN:
SF:components\mbti-icons.tsx
FN:135,MBTIIcon
FN:185,MBTICard
FN:216,(anonymous_6)
FNF:3
FNH:0
FNDA:0,MBTIIcon
FNDA:0,MBTICard
FNDA:0,(anonymous_6)
DA:3,0
DA:5,0
DA:135,0
DA:136,0
DA:138,0
DA:140,0
DA:147,0
DA:154,0
DA:185,0
DA:186,0
DA:188,0
DA:190,0
DA:217,0
LF:13
LH:0
BRDA:135,0,0,0
BRDA:135,1,0,0
BRDA:135,2,0,0
BRDA:135,3,0,0
BRDA:138,4,0,0
BRDA:161,5,0,0
BRDA:161,5,1,0
BRDA:163,6,0,0
BRDA:168,7,0,0
BRDA:185,8,0,0
BRDA:188,9,0,0
BRDA:196,10,0,0
BRDA:196,10,1,0
BRDA:203,11,0,0
BRDA:203,11,1,0
BRDA:205,12,0,0
BRDA:205,12,1,0
BRDA:210,13,0,0
BRDA:210,13,1,0
BRDA:220,14,0,0
BRDA:220,14,1,0
BRDA:231,15,0,0
BRF:22
BRH:0
end_of_record
TN:
SF:components\mbti-selector.tsx
FN:169,MBTISelector
FN:170,(anonymous_2)
FN:199,(anonymous_3)
FN:215,(anonymous_4)
FN:224,(anonymous_5)
FNF:5
FNH:0
FNDA:0,MBTISelector
FNDA:0,(anonymous_2)
FNDA:0,(anonymous_3)
FNDA:0,(anonymous_4)
FNDA:0,(anonymous_5)
DA:3,0
DA:4,0
DA:5,0
DA:6,0
DA:14,0
DA:169,0
DA:170,0
DA:200,0
DA:216,0
DA:224,0
LF:10
LH:0
BRDA:174,0,0,0
BRDA:218,1,0,0
BRDA:218,1,1,0
BRDA:221,2,0,0
BRDA:221,2,1,0
BRDA:222,3,0,0
BRDA:222,3,1,0
BRDA:224,4,0,0
BRDA:224,4,1,0
BRDA:230,5,0,0
BRF:10
BRH:0
end_of_record
TN:
SF:components\navigation.tsx
FN:50,Navigation
FN:55,(anonymous_3)
FN:59,(anonymous_4)
FN:94,(anonymous_5)
FN:122,(anonymous_6)
FN:125,(anonymous_7)
FN:134,(anonymous_8)
FN:184,(anonymous_9)
FN:193,(anonymous_10)
FN:202,(anonymous_11)
FN:211,(anonymous_12)
FN:211,(anonymous_13)
FN:215,(anonymous_14)
FNF:13
FNH:10
FNDA:15,Navigation
FNDA:2,(anonymous_3)
FNDA:2,(anonymous_4)
FNDA:75,(anonymous_5)
FNDA:75,(anonymous_6)
FNDA:75,(anonymous_7)
FNDA:75,(anonymous_8)
FNDA:0,(anonymous_9)
FNDA:0,(anonymous_10)
FNDA:1,(anonymous_11)
FNDA:5,(anonymous_12)
FNDA:10,(anonymous_13)
FNDA:0,(anonymous_14)
DA:3,2
DA:4,2
DA:5,2
DA:6,2
DA:7,2
DA:8,2
DA:9,2
DA:10,2
DA:11,2
DA:12,2
DA:14,2
DA:42,2
DA:50,14
DA:51,15
DA:52,15
DA:53,15
DA:55,15
DA:56,2
DA:57,1
DA:59,2
DA:64,1
DA:65,1
DA:67,0
DA:95,75
DA:96,75
DA:97,75
DA:122,75
DA:125,75
DA:135,75
DA:136,75
DA:137,75
DA:184,0
DA:193,0
DA:202,1
DA:211,5
DA:212,10
DA:213,10
DA:214,10
DA:215,0
LF:39
LH:35
BRDA:56,0,0,1
BRDA:64,1,0,1
BRDA:100,2,0,2
BRDA:100,2,1,73
BRDA:103,3,0,75
BRDA:103,3,1,73
BRDA:108,4,0,2
BRDA:108,4,1,73
BRDA:110,5,0,75
BRDA:122,6,0,0
BRDA:122,6,1,15
BRDA:125,7,0,15
BRDA:125,7,1,15
BRDA:139,8,0,75
BRDA:139,8,1,0
BRDA:155,9,0,1
BRDA:157,10,0,2
BRDA:165,11,0,2
BRDA:165,11,1,2
BRDA:165,12,0,2
BRDA:165,12,1,1
BRDA:175,13,0,2
BRDA:175,13,1,1
BRDA:203,14,0,1
BRDA:209,15,0,15
BRDA:217,16,0,0
BRDA:217,16,1,10
BRDA:220,17,0,10
BRDA:220,17,1,10
BRF:29
BRH:26
end_of_record
TN:
SF:components\page-header.tsx
FN:13,PageHeader
FNF:1
FNH:1
FNDA:9,PageHeader
DA:1,1
DA:3,1
DA:13,9
LF:3
LH:3
BRDA:30,0,0,3
BRDA:30,0,1,6
BRF:2
BRH:2
end_of_record
TN:
SF:components\providers.tsx
FN:6,Providers
FNF:1
FNH:0
FNDA:0,Providers
DA:3,0
DA:4,0
DA:6,0
LF:3
LH:0
BRF:0
BRH:0
end_of_record
TN:
SF:components\quality-score-card.tsx
FN:16,QualityScoreCard
FN:208,(anonymous_2)
FNF:2
FNH:0
FNDA:0,QualityScoreCard
FNDA:0,(anonymous_2)
DA:3,0
DA:4,0
DA:5,0
DA:16,0
DA:18,0
DA:22,0
DA:23,0
DA:24,0
DA:209,0
LF:9
LH:0
BRDA:18,0,0,0
BRDA:18,0,1,0
BRDA:19,1,0,0
BRDA:19,1,1,0
BRDA:20,2,0,0
BRDA:20,2,1,0
BRDA:92,3,0,0
BRDA:92,3,1,0
BRDA:102,4,0,0
BRDA:102,4,1,0
BRDA:102,5,0,0
BRDA:102,5,1,0
BRDA:109,6,0,0
BRDA:109,6,1,0
BRDA:109,7,0,0
BRDA:109,7,1,0
BRDA:114,8,0,0
BRDA:114,8,1,0
BRDA:114,9,0,0
BRDA:114,9,1,0
BRDA:120,10,0,0
BRDA:120,10,1,0
BRDA:120,11,0,0
BRDA:120,11,1,0
BRDA:121,12,0,0
BRDA:121,12,1,0
BRDA:127,13,0,0
BRDA:127,13,1,0
BRDA:127,14,0,0
BRDA:127,14,1,0
BRDA:131,15,0,0
BRDA:131,15,1,0
BRDA:138,16,0,0
BRDA:138,16,1,0
BRDA:138,17,0,0
BRDA:138,17,1,0
BRDA:145,18,0,0
BRDA:145,18,1,0
BRDA:145,19,0,0
BRDA:145,19,1,0
BRDA:150,20,0,0
BRDA:150,20,1,0
BRDA:150,21,0,0
BRDA:150,21,1,0
BRDA:156,22,0,0
BRDA:156,22,1,0
BRDA:156,23,0,0
BRDA:156,23,1,0
BRDA:157,24,0,0
BRDA:157,24,1,0
BRDA:163,25,0,0
BRDA:163,25,1,0
BRDA:163,26,0,0
BRDA:163,26,1,0
BRDA:167,27,0,0
BRDA:167,27,1,0
BRDA:174,28,0,0
BRDA:174,28,1,0
BRDA:174,29,0,0
BRDA:174,29,1,0
BRDA:181,30,0,0
BRDA:181,30,1,0
BRDA:181,31,0,0
BRDA:181,31,1,0
BRDA:186,32,0,0
BRDA:186,32,1,0
BRDA:186,33,0,0
BRDA:186,33,1,0
BRDA:192,34,0,0
BRDA:192,34,1,0
BRDA:192,35,0,0
BRDA:192,35,1,0
BRDA:199,36,0,0
BRDA:199,36,1,0
BRDA:199,37,0,0
BRDA:199,37,1,0
BRDA:203,38,0,0
BRDA:203,38,1,0
BRDA:206,39,0,0
BRDA:206,40,0,0
BRDA:206,40,1,0
BRDA:224,41,0,0
BRF:82
BRH:0
end_of_record
TN:
SF:components\quiz-player.tsx
FN:41,QuizPlayer
FN:52,(anonymous_2)
FN:57,(anonymous_3)
FN:61,(anonymous_4)
FN:70,(anonymous_5)
FN:72,(anonymous_6)
FN:77,(anonymous_7)
FN:84,(anonymous_8)
FN:104,(anonymous_9)
FN:159,(anonymous_10)
FN:203,(anonymous_11)
FN:246,(anonymous_12)
FN:254,(anonymous_13)
FNF:13
FNH:0
FNDA:0,QuizPlayer
FNDA:0,(anonymous_2)
FNDA:0,(anonymous_3)
FNDA:0,(anonymous_4)
FNDA:0,(anonymous_5)
FNDA:0,(anonymous_6)
FNDA:0,(anonymous_7)
FNDA:0,(anonymous_8)
FNDA:0,(anonymous_9)
FNDA:0,(anonymous_10)
FNDA:0,(anonymous_11)
FNDA:0,(anonymous_12)
FNDA:0,(anonymous_13)
DA:3,0
DA:4,0
DA:5,0
DA:6,0
DA:7,0
DA:16,0
DA:41,0
DA:42,0
DA:43,0
DA:44,0
DA:45,0
DA:46,0
DA:48,0
DA:49,0
DA:50,0
DA:52,0
DA:53,0
DA:54,0
DA:57,0
DA:58,0
DA:60,0
DA:61,0
DA:70,0
DA:71,0
DA:72,0
DA:73,0
DA:74,0
DA:77,0
DA:78,0
DA:79,0
DA:80,0
DA:84,0
DA:85,0
DA:86,0
DA:91,0
DA:92,0
DA:95,0
DA:96,0
DA:99,0
DA:103,0
DA:104,0
DA:105,0
DA:106,0
DA:160,0
DA:161,0
DA:163,0
DA:204,0
DA:205,0
DA:206,0
DA:207,0
DA:208,0
DA:247,0
DA:248,0
DA:249,0
DA:251,0
DA:254,0
LF:56
LH:0
BRDA:53,0,0,0
BRDA:58,1,0,0
BRDA:58,2,0,0
BRDA:58,2,1,0
BRDA:71,3,0,0
BRDA:71,3,1,0
BRDA:77,4,0,0
BRDA:77,4,1,0
BRDA:85,5,0,0
BRDA:86,6,0,0
BRDA:86,6,1,0
BRDA:91,7,0,0
BRDA:95,8,0,0
BRDA:95,9,0,0
BRDA:95,9,1,0
BRDA:103,10,0,0
BRDA:112,11,0,0
BRDA:112,11,1,0
BRDA:119,12,0,0
BRDA:119,12,1,0
BRDA:124,13,0,0
BRDA:132,14,0,0
BRDA:132,14,1,0
BRDA:135,15,0,0
BRDA:135,15,1,0
BRDA:143,16,0,0
BRDA:143,16,1,0
BRDA:167,17,0,0
BRDA:167,17,1,0
BRDA:174,18,0,0
BRDA:182,19,0,0
BRDA:189,20,0,0
BRDA:230,21,0,0
BRDA:259,22,0,0
BRDA:259,22,1,0
BRDA:259,23,0,0
BRDA:259,23,1,0
BRDA:261,24,0,0
BRDA:261,24,1,0
BRDA:261,25,0,0
BRDA:261,25,1,0
BRDA:261,25,2,0
BRDA:263,26,0,0
BRDA:263,26,1,0
BRDA:267,27,0,0
BRDA:267,27,1,0
BRDA:267,28,0,0
BRDA:267,28,1,0
BRDA:269,29,0,0
BRDA:269,29,1,0
BRDA:269,30,0,0
BRDA:269,30,1,0
BRDA:269,30,2,0
BRDA:282,31,0,0
BRDA:282,31,1,0
BRDA:284,32,0,0
BRDA:284,32,1,0
BRDA:290,33,0,0
BRDA:290,33,1,0
BRDA:294,34,0,0
BRDA:294,34,1,0
BRDA:307,35,0,0
BRDA:322,36,0,0
BRF:63
BRH:0
end_of_record
TN:
SF:components\skill-combobox.tsx
FN:25,SkillCombobox
FN:29,(anonymous_5)
FN:32,(anonymous_6)
FN:61,(anonymous_7)
FN:65,(anonymous_8)
FN:68,(anonymous_9)
FNF:6
FNH:0
FNDA:0,SkillCombobox
FNDA:0,(anonymous_5)
FNDA:0,(anonymous_6)
FNDA:0,(anonymous_7)
FNDA:0,(anonymous_8)
FNDA:0,(anonymous_9)
DA:3,0
DA:4,0
DA:12,0
DA:13,0
DA:14,0
DA:15,0
DA:16,0
DA:25,0
DA:26,0
DA:27,0
DA:29,0
DA:30,0
DA:31,0
DA:32,0
DA:62,0
DA:66,0
DA:67,0
DA:68,0
LF:18
LH:0
BRDA:25,0,0,0
BRDA:31,1,0,0
BRDA:37,2,0,0
BRDA:37,2,1,0
BRDA:46,3,0,0
BRDA:46,3,1,0
BRDA:66,4,0,0
BRDA:66,4,1,0
BRDA:73,5,0,0
BRDA:73,5,1,0
BRF:10
BRH:0
end_of_record
TN:
SF:components\spin-wheel.tsx
FN:28,usePrefersReducedMotion
FN:31,(anonymous_3)
FN:33,(anonymous_4)
FN:38,(anonymous_5)
FN:42,(anonymous_6)
FN:76,SpinWheel
FN:97,(anonymous_8)
FN:116,(anonymous_9)
FN:127,(anonymous_10)
FN:133,(anonymous_11)
FN:156,(anonymous_12)
FN:161,(anonymous_13)
FN:167,(anonymous_14)
FN:168,(anonymous_15)
FN:171,(anonymous_16)
FN:174,(anonymous_17)
FN:188,(anonymous_18)
FN:208,(anonymous_19)
FN:214,(anonymous_20)
FN:217,(anonymous_21)
FN:223,(anonymous_22)
FN:270,(anonymous_23)
FNF:22
FNH:0
FNDA:0,usePrefersReducedMotion
FNDA:0,(anonymous_3)
FNDA:0,(anonymous_4)
FNDA:0,(anonymous_5)
FNDA:0,(anonymous_6)
FNDA:0,SpinWheel
FNDA:0,(anonymous_8)
FNDA:0,(anonymous_9)
FNDA:0,(anonymous_10)
FNDA:0,(anonymous_11)
FNDA:0,(anonymous_12)
FNDA:0,(anonymous_13)
FNDA:0,(anonymous_14)
FNDA:0,(anonymous_15)
FNDA:0,(anonymous_16)
FNDA:0,(anonymous_17)
FNDA:0,(anonymous_18)
FNDA:0,(anonymous_19)
FNDA:0,(anonymous_20)
FNDA:0,(anonymous_21)
FNDA:0,(anonymous_22)
FNDA:0,(anonymous_23)
DA:3,0
DA:4,0
DA:11,0
DA:12,0
DA:29,0
DA:31,0
DA:32,0
DA:33,0
DA:34,0
DA:36,0
DA:37,0
DA:38,0
DA:41,0
DA:42,0
DA:45,0
DA:67,0
DA:76,0
DA:77,0
DA:78,0
DA:79,0
DA:80,0
DA:81,0
DA:83,0
DA:84,0
DA:85,0
DA:87,0
DA:97,0
DA:98,0
DA:99,0
DA:100,0
DA:101,0
DA:102,0
DA:103,0
DA:105,0
DA:106,0
DA:107,0
DA:108,0
DA:110,0
DA:112,0
DA:116,0
DA:117,0
DA:118,0
DA:119,0
DA:120,0
DA:121,0
DA:122,0
DA:124,0
DA:127,0
DA:128,0
DA:130,0
DA:133,0
DA:134,0
DA:135,0
DA:137,0
DA:142,0
DA:143,0
DA:147,0
DA:148,0
DA:151,0
DA:152,0
DA:154,0
DA:156,0
DA:157,0
DA:161,0
DA:162,0
DA:163,0
DA:164,0
DA:166,0
DA:167,0
DA:168,0
DA:171,0
DA:172,0
DA:174,0
DA:188,0
DA:189,0
DA:190,0
DA:193,0
DA:194,0
DA:195,0
DA:197,0
DA:199,0
DA:209,0
DA:215,0
DA:218,0
DA:224,0
DA:236,0
DA:271,0
LF:87
LH:0
BRDA:36,0,0,0
BRDA:85,1,0,0
BRDA:85,1,1,0
BRDA:110,2,0,0
BRDA:110,2,1,0
BRDA:128,3,0,0
BRDA:134,4,0,0
BRDA:137,5,0,0
BRDA:137,5,1,0
BRDA:147,6,0,0
BRDA:147,6,1,0
BRDA:148,7,0,0
BRDA:148,7,1,0
BRDA:162,8,0,0
BRDA:163,9,0,0
BRDA:164,10,0,0
BRDA:172,11,0,0
BRDA:189,12,0,0
BRDA:193,13,0,0
BRDA:193,13,1,0
BRDA:194,14,0,0
BRDA:194,14,1,0
BRDA:195,15,0,0
BRDA:195,15,1,0
BRDA:197,16,0,0
BRDA:197,16,1,0
BRDA:199,17,0,0
BRDA:199,17,1,0
BRDA:201,18,0,0
BRDA:201,18,1,0
BRDA:209,19,0,0
BRDA:215,20,0,0
BRDA:218,21,0,0
BRDA:221,22,0,0
BRDA:266,23,0,0
BRDA:266,23,1,0
BRDA:305,24,0,0
BRDA:320,25,0,0
BRDA:330,26,0,0
BRDA:341,27,0,0
BRF:40
BRH:0
end_of_record
TN:
SF:components\structured-data.tsx
FN:7,StructuredData
FN:48,generateBreadcrumbSchema
FN:52,(anonymous_8)
FNF:3
FNH:3
FNDA:3,StructuredData
FNDA:4,generateBreadcrumbSchema
FNDA:4,(anonymous_8)
DA:1,1
DA:7,3
DA:16,7
DA:36,4
DA:48,4
DA:49,4
DA:52,4
LF:7
LH:7
BRF:0
BRH:0
end_of_record
TN:
SF:components\theme-provider.tsx
FN:5,ThemeProvider
FNF:1
FNH:0
FNDA:0,ThemeProvider
DA:2,0
DA:5,0
LF:2
LH:0
BRF:0
BRH:0
end_of_record
TN:
SF:components\theme-toggle.tsx
FN:8,ThemeToggle
FN:12,(anonymous_5)
FN:33,(anonymous_6)
FNF:3
FNH:2
FNDA:29,ThemeToggle
FNDA:14,(anonymous_5)
FNDA:0,(anonymous_6)
DA:3,2
DA:4,2
DA:5,2
DA:6,2
DA:8,15
DA:9,29
DA:10,29
DA:12,29
DA:13,14
DA:16,29
DA:33,0
LF:11
LH:10
BRDA:16,0,0,14
BRDA:33,1,0,0
BRDA:33,1,1,0
[...]
FNDA:0,(anonymous_2)
DA:1,0
DA:11,0
DA:14,0
DA:15,0
DA:17,0
DA:23,0
LF:6
LH:0
BRDA:14,0,0,0
BRF:1
BRH:0
end_of_record
TN:
SF:lib\credits.ts
FN:4,ensureCredits
FN:5,(anonymous_5)
FN:21,addCredits
FN:28,refundCredits
FNF:4
FNH:4
FNDA:17,ensureCredits
FNDA:15,(anonymous_5)
FNDA:6,addCredits
FNDA:5,refundCredits
DA:1,2
DA:2,2
DA:4,17
DA:5,17
DA:6,15
DA:11,15
DA:12,3
DA:13,3
DA:14,2
DA:17,12
DA:21,6
DA:22,6
DA:28,5
DA:29,5
LF:14
LH:14
BRDA:11,0,0,3
BRDA:13,1,0,1
BRDA:21,2,0,3
BRDA:28,3,0,3
BRF:4
BRH:4
end_of_record
TN:
SF:lib\env-validation.ts
FN:21,(anonymous_8)
FN:30,(anonymous_9)
FN:36,(anonymous_10)
FN:64,(anonymous_11)
FN:71,(anonymous_12)
FN:111,(anonymous_13)
FN:118,(anonymous_14)
FN:124,(anonymous_15)
FN:130,(anonymous_16)
FN:136,(anonymous_17)
FN:144,(anonymous_18)
FN:160,validateEnvironment
FN:251,printValidationResults
FN:256,(anonymous_21)
FN:264,(anonymous_22)
FN:268,(anonymous_23)
FN:281,validateEnvironmentOrThrow
FN:295,getRequiredEnvVars
FN:296,(anonymous_26)
FN:296,(anonymous_27)
FN:302,getOptionalEnvVars
FN:303,(anonymous_29)
FN:303,(anonymous_30)
FN:309,isStripeConfigured
FN:322,getEnvironmentSummary
FNF:25
FNH:23
FNDA:16,(anonymous_8)
FNDA:17,(anonymous_9)
FNDA:2,(anonymous_10)
FNDA:17,(anonymous_11)
FNDA:17,(anonymous_12)
FNDA:5,(anonymous_13)
FNDA:1,(anonymous_14)
FNDA:3,(anonymous_15)
FNDA:1,(anonymous_16)
FNDA:1,(anonymous_17)
FNDA:17,(anonymous_18)
FNDA:17,validateEnvironment
FNDA:2,printValidationResults
FNDA:0,(anonymous_21)
FNDA:1,(anonymous_22)
FNDA:1,(anonymous_23)
FNDA:0,validateEnvironmentOrThrow
FNDA:4,getRequiredEnvVars
FNDA:80,(anonymous_26)
FNDA:48,(anonymous_27)
FNDA:2,getOptionalEnvVars
FNDA:40,(anonymous_29)
FNDA:16,(anonymous_30)
FNDA:3,isStripeConfigured
FNDA:4,getEnvironmentSummary
DA:14,1
DA:21,16
DA:30,17
DA:36,2
DA:64,17
DA:71,17
DA:111,5
DA:118,1
DA:124,3
DA:130,1
DA:136,1
DA:144,17
DA:160,17
DA:161,17
DA:162,17
DA:163,17
DA:164,17
DA:165,17
DA:167,17
DA:168,340
DA:171,340
DA:172,126
DA:173,3
DA:174,3
DA:176,123
DA:177,123
DA:179,126
DA:183,214
DA:184,6
DA:188,6
DA:197,17
DA:199,2
DA:200,1
DA:203,2
DA:204,0
DA:207,2
DA:208,1
DA:211,2
DA:212,0
DA:213,0
DA:218,17
DA:219,17
DA:221,17
DA:222,2
DA:224,17
DA:225,0
DA:229,17
DA:230,3
DA:231,3
DA:233,3
DA:234,1
DA:238,17
DA:251,2
DA:252,2
DA:253,1
DA:254,1
DA:255,0
DA:256,0
DA:258,1
DA:259,0
DA:262,1
DA:263,1
DA:264,1
DA:266,1
DA:267,1
DA:268,1
DA:271,1
DA:272,1
DA:273,1
DA:274,1
DA:281,0
DA:282,0
DA:283,0
DA:285,0
DA:286,0
DA:295,4
DA:296,80
DA:302,2
DA:303,40
DA:309,3
DA:310,3
DA:322,4
DA:323,4
DA:325,4
DA:326,80
DA:327,80
DA:328,74
DA:329,6
DA:330,3
DA:332,3
DA:336,4
LF:91
LH:79
BRDA:21,0,0,16
BRDA:21,0,1,2
BRDA:36,1,0,2
BRDA:36,1,1,2
BRDA:64,2,0,17
BRDA:64,2,1,17
BRDA:111,3,0,5
BRDA:111,3,1,5
BRDA:118,4,0,1
BRDA:118,4,1,1
BRDA:124,5,0,3
BRDA:124,5,1,3
BRDA:130,6,0,1
BRDA:130,6,1,1
BRDA:136,7,0,1
BRDA:136,7,1,1
BRDA:144,8,0,17
BRDA:144,8,1,3
BRDA:160,9,0,0
BRDA:171,10,0,126
BRDA:171,11,0,340
BRDA:171,11,1,215
BRDA:172,12,0,3
BRDA:172,12,1,123
BRDA:183,13,0,6
BRDA:183,14,0,214
BRDA:183,14,1,97
BRDA:190,15,0,4
BRDA:190,15,1,2
BRDA:197,16,0,2
BRDA:199,17,0,1
BRDA:199,18,0,2
BRDA:199,18,1,2
BRDA:203,19,0,0
BRDA:203,20,0,2
BRDA:203,20,1,2
BRDA:207,21,0,1
BRDA:207,22,0,2
BRDA:207,22,1,1
BRDA:211,23,0,0
BRDA:218,24,0,17
BRDA:218,24,1,5
BRDA:219,25,0,17
BRDA:219,25,1,3
BRDA:221,26,0,2
BRDA:221,27,0,17
BRDA:221,27,1,5
BRDA:224,28,0,0
BRDA:224,29,0,17
BRDA:224,29,1,12
BRDA:229,30,0,3
BRDA:229,31,0,17
BRDA:229,31,1,5
BRDA:233,32,0,1
BRDA:252,33,0,1
BRDA:252,33,1,1
BRDA:254,34,0,0
BRDA:258,35,0,0
BRDA:266,36,0,1
BRDA:285,37,0,0
BRDA:309,38,0,0
BRDA:311,39,0,3
BRDA:311,39,1,2
BRDA:311,39,2,1
BRDA:311,39,3,1
BRDA:311,39,4,1
BRDA:322,40,0,0
BRDA:327,41,0,74
BRDA:327,41,1,6
BRDA:329,42,0,3
BRDA:329,42,1,3
BRDA:332,43,0,1
BRDA:332,43,1,2
BRF:73
BRH:64
end_of_record
TN:
SF:lib\env.ts
FN:23,validateEnv
FN:34,(anonymous_2)
FNF:2
FNH:2
FNDA:16,validateEnv
FNDA:26,(anonymous_2)
DA:6,8
DA:21,8
DA:23,8
DA:24,16
DA:26,16
DA:27,192
DA:28,26
DA:32,16
DA:33,4
DA:34,26
DA:40,12
DA:41,12
DA:42,10
DA:43,10
DA:44,10
DA:46,2
DA:50,10
DA:51,2
DA:54,8
DA:55,2
DA:58,6
DA:59,2
DA:62,4
DA:63,2
DA:66,2
DA:70,8
DA:71,8
DA:72,8
DA:74,7
LF:29
LH:29
BRDA:27,0,0,26
BRDA:32,1,0,4
BRDA:50,2,0,2
BRDA:54,3,0,2
BRDA:58,4,0,2
BRDA:62,5,0,2
BRDA:70,6,0,8
BRF:7
BRH:7
end_of_record
TN:
SF:lib\file-security.ts
FN:51,verifyMagicBytes
FN:67,detectFileType
FN:95,readBlobArrayBuffer
FN:101,(anonymous_10)
FN:103,(anonymous_11)
FN:104,(anonymous_12)
FN:115,isLikelyTextFile
FN:136,sanitizeFilename
FN:154,getFileExtension
FN:162,validateFile
FN:199,(anonymous_17)
FN:279,validateFiles
FN:283,(anonymous_19)
FN:289,isFilenameSafe
FN:322,(anonymous_21)
FN:330,(anonymous_22)
FN:335,(anonymous_23)
FN:351,(anonymous_24)
FN:354,(anonymous_25)
FN:362,(anonymous_26)
FNF:20
FNH:19
FNDA:78,verifyMagicBytes
FNDA:15,detectFileType
FNDA:15,readBlobArrayBuffer
FNDA:15,(anonymous_10)
FNDA:0,(anonymous_11)
FNDA:15,(anonymous_12)
FNDA:7,isLikelyTextFile
FNDA:32,sanitizeFilename
FNDA:18,getFileExtension
FNDA:21,validateFile
FNDA:8,(anonymous_17)
FNDA:3,validateFiles
FNDA:4,(anonymous_19)
FNDA:11,isFilenameSafe
FNDA:15,(anonymous_21)
FNDA:35,(anonymous_22)
FNDA:95,(anonymous_23)
FNDA:5,(anonymous_24)
FNDA:3,(anonymous_25)
FNDA:1,(anonymous_26)
DA:7,4
DA:54,78
DA:55,78
DA:57,73
DA:58,106
DA:61,9
DA:68,15
DA:71,15
DA:72,6
DA:76,9
DA:79,1
DA:83,8
DA:84,1
DA:88,7
DA:89,4
DA:92,3
DA:96,15
DA:97,0
DA:100,15
DA:101,15
DA:102,15
DA:103,15
DA:104,15
DA:105,15
DA:109,0
DA:116,7
DA:117,7
DA:119,7
DA:121,151
DA:122,132
DA:123,19
DA:125,1
DA:130,7
DA:136,23
DA:138,32
DA:141,32
DA:148,32
DA:155,18
DA:156,18
DA:162,18
DA:170,21
DA:172,21
DA:175,21
DA:176,1
DA:182,20
DA:183,2
DA:190,18
DA:191,18
DA:192,18
DA:193,18
DA:196,18
DA:197,3
DA:199,8
DA:204,15
DA:205,15
DA:208,15
DA:211,15
DA:212,11
DA:213,2
DA:220,9
DA:221,0
DA:222,9
DA:223,0
DA:227,9
DA:228,1
DA:236,12
DA:237,1
DA:238,1
DA:239,0
DA:244,12
DA:251,12
DA:252,46
DA:253,1
DA:261,11
DA:263,1
DA:264,1
DA:265,0
DA:269,11
DA:279,4
DA:283,4
DA:289,12
DA:291,11
DA:292,3
DA:296,8
DA:297,1
DA:301,7
DA:302,1
DA:306,6
DA:307,1
DA:310,5
DA:317,12
DA:318,15
DA:323,15
DA:324,15
DA:331,35
DA:332,35
DA:335,95
DA:337,35
DA:338,9
DA:342,26
DA:343,26
DA:345,26
DA:352,5
DA:353,5
DA:354,5
DA:356,5
DA:363,1
DA:368,4
LF:108
LH:102
BRDA:51,0,0,46
BRDA:55,1,0,5
BRDA:58,2,0,64
BRDA:71,3,0,6
BRDA:76,4,0,1
BRDA:83,5,0,1
BRDA:88,6,0,4
BRDA:96,7,0,0
BRDA:100,8,0,15
BRDA:103,9,0,0
BRDA:103,9,1,0
BRDA:115,10,0,7
BRDA:121,11,0,132
BRDA:121,11,1,19
BRDA:121,12,0,151
BRDA:121,12,1,130
BRDA:121,12,2,23
BRDA:121,12,3,19
BRDA:121,12,4,19
BRDA:123,13,0,1
BRDA:138,14,0,32
BRDA:138,14,1,1
BRDA:148,15,0,32
BRDA:148,15,1,1
BRDA:156,16,0,18
BRDA:156,16,1,0
BRDA:164,17,0,14
BRDA:170,18,0,19
BRDA:170,19,0,16
BRDA:170,20,0,20
BRDA:175,21,0,1
BRDA:182,22,0,2
BRDA:192,23,0,2
BRDA:192,23,1,16
BRDA:196,24,0,3
BRDA:204,25,0,15
BRDA:204,25,1,0
BRDA:211,26,0,11
BRDA:211,27,0,15
BRDA:211,27,1,13
BRDA:212,28,0,2
BRDA:220,29,0,0
BRDA:220,29,1,9
BRDA:220,30,0,9
BRDA:220,30,1,1
BRDA:222,31,0,0
BRDA:222,31,1,9
BRDA:222,32,0,9
BRDA:222,32,1,1
BRDA:227,33,0,1
BRDA:227,34,0,9
BRDA:227,34,1,7
BRDA:236,35,0,1
BRDA:236,36,0,12
BRDA:236,36,1,1
BRDA:238,37,0,0
BRDA:252,38,0,1
BRDA:261,39,0,1
BRDA:264,40,0,0
BRDA:271,41,0,2
BRDA:271,41,1,9
BRDA:271,42,0,9
BRDA:271,42,1,0
BRDA:272,43,0,0
BRDA:272,43,1,11
BRDA:291,44,0,3
BRDA:291,45,0,11
BRDA:291,45,1,10
BRDA:291,45,2,9
BRDA:296,46,0,1
BRDA:301,47,0,1
BRDA:306,48,0,1
BRDA:322,49,0,1
BRDA:322,50,0,1
BRDA:332,51,0,35
BRDA:332,51,1,12
BRDA:337,52,0,9
BRDA:353,53,0,5
BRDA:353,53,1,2
BRF:79
BRH:68
end_of_record
TN:
SF:lib\logger.ts
FN:18,(anonymous_1)
FN:49,(anonymous_2)
FN:53,(anonymous_3)
FN:57,(anonymous_4)
FN:61,(anonymous_5)
FNF:5
FNH:5
FNDA:13,(anonymous_1)
FNDA:6,(anonymous_2)
FNDA:2,(anonymous_3)
FNDA:3,(anonymous_4)
FNDA:2,(anonymous_5)
DA:8,1
DA:19,13
DA:27,13
DA:28,0
DA:35,0
DA:36,0
DA:41,13
DA:43,3
DA:45,10
DA:50,6
DA:54,2
DA:58,3
DA:62,2
DA:66,13
LF:14
LH:11
BRDA:27,0,0,0
BRDA:35,1,0,0
BRDA:35,1,1,0
BRDA:41,2,0,3
BRDA:41,2,1,10
BRF:5
BRH:2
end_of_record
TN:
SF:lib\prisma.ts
FNF:0
FNH:0
DA:1,0
DA:4,0
DA:6,0
DA:7,0
DA:12,0
LF:5
LH:0
BRDA:7,0,0,0
BRDA:7,0,1,0
BRDA:9,1,0,0
BRDA:9,1,1,0
BRDA:12,2,0,0
BRF:5
BRH:0
end_of_record
TN:
SF:lib\question-dedup.ts
FN:7,storeGeneratedQuestion
FN:37,isDuplicateQuestion
FN:75,(anonymous_7)
FN:91,filterDuplicateQuestions
FN:111,getUserQuestionHistory
FNF:5
FNH:5
FNDA:3,storeGeneratedQuestion
FNDA:14,isDuplicateQuestion
FNDA:76,(anonymous_7)
FNDA:3,filterDuplicateQuestions
FNDA:3,getUserQuestionHistory
DA:1,1
DA:7,3
DA:19,3
DA:37,8
DA:42,14
DA:43,14
DA:45,14
DA:59,14
DA:66,14
DA:67,11
DA:75,76
DA:76,11
DA:77,11
DA:80,11
DA:81,5
DA:85,9
DA:91,3
DA:96,3
DA:98,3
DA:99,6
DA:100,6
DA:101,4
DA:105,3
DA:111,3
DA:116,3
LF:25
LH:25
BRDA:77,0,0,0
BRDA:77,0,1,11
BRDA:80,1,0,5
BRDA:100,2,0,4
BRDA:114,3,0,2
BRDA:119,4,0,3
BRDA:119,4,1,1
BRF:7
BRH:6
end_of_record
TN:
SF:lib\rate-limit.ts
FN:25,(anonymous_8)
FN:33,(anonymous_9)
FN:59,(anonymous_10)
FN:64,(anonymous_11)
FN:76,(anonymous_12)
FN:86,(anonymous_14)
FN:128,rateLimit
FN:139,getRateLimitIdentifier
FN:162,createRateLimitHeaders
FN:183,withRateLimit
FN:219,clearRateLimits
FNF:11
FNH:10
FNDA:31,(anonymous_8)
FNDA:24,(anonymous_9)
FNDA:1,(anonymous_10)
FNDA:1,(anonymous_11)
FNDA:26,(anonymous_12)
FNDA:0,(anonymous_14)
FNDA:31,rateLimit
FNDA:11,getRateLimitIdentifier
FNDA:8,createRateLimitHeaders
FNDA:6,withRateLimit
FNDA:26,clearRateLimits
DA:23,1
DA:26,31
DA:27,31
DA:30,31
DA:33,31
DA:36,31
DA:38,31
DA:40,25
DA:41,25
DA:45,31
DA:46,31
DA:48,31
DA:60,1
DA:61,1
DA:63,1
DA:64,1
DA:65,1
DA:66,0
DA:68,1
DA:77,26
DA:82,1
DA:85,1
DA:86,0
DA:87,0
DA:93,6
DA:128,25
DA:132,31
DA:139,5
DA:140,11
DA:141,1
DA:145,10
DA:146,10
DA:147,6
DA:150,4
DA:151,4
DA:152,1
DA:156,3
DA:162,2
DA:163,8
DA:183,6
DA:188,6
DA:189,6
DA:190,6
DA:192,6
DA:193,2
DA:213,4
DA:219,26
DA:220,26
DA:224,1
LF:49
LH:46
BRDA:30,0,0,31
BRDA:30,0,1,17
BRDA:38,1,0,25
BRDA:45,2,0,31
BRDA:45,2,1,0
BRDA:51,3,0,25
BRDA:51,3,1,6
BRDA:65,4,0,0
BRDA:65,4,1,1
BRDA:85,5,0,0
BRDA:85,6,0,1
BRDA:85,6,1,0
BRDA:130,7,0,0
BRDA:140,8,0,1
BRDA:146,9,0,6
BRDA:151,10,0,1
BRDA:185,11,0,1
BRDA:192,12,0,2
BRF:18
BRH:13
end_of_record
TN:
SF:lib\requireCredits.ts
FN:6,hasMessage
FN:15,getErrorMessage
FN:32,requireCredits
FN:33,wrapped
FNF:4
FNH:3
FNDA:0,hasMessage
FNDA:5,getErrorMessage
FNDA:23,requireCredits
FNDA:56,wrapped
DA:1,10
DA:2,10
DA:4,10
DA:7,0
DA:16,5
DA:17,0
DA:18,0
DA:19,0
DA:32,23
DA:33,23
DA:35,56
DA:37,56
DA:38,56
DA:40,4
DA:42,52
DA:43,52
DA:44,51
DA:45,20
DA:47,51
DA:49,1
DA:50,1
LF:21
LH:17
BRDA:8,0,0,0
BRDA:8,0,1,0
BRDA:8,0,2,0
BRDA:8,0,3,0
BRDA:16,1,0,5
BRDA:17,2,0,0
BRDA:18,3,0,0
BRDA:44,4,0,20
BRDA:50,5,0,1
BRDA:50,5,1,0
BRF:10
BRH:3
end_of_record
TN:
SF:lib\utils.ts
FN:4,cn
FNF:1
FNH:1
FNDA:3998,cn
DA:1,16
DA:2,16
DA:4,3998
DA:5,3998
LF:4
LH:4
BRF:0
BRH:0
end_of_record
TN:
SF:lib\ats\parser.ts
FN:10,hasMessage
FN:19,getErrorMessage
FN:28,getPdfParseClass
FN:31,(anonymous_10)
FN:49,extractResumeText
FN:82,extractTextFromFile
FNF:6
FNH:0
FNDA:0,hasMessage
FNDA:0,getErrorMessage
FNDA:0,getPdfParseClass
FNDA:0,(anonymous_10)
FNDA:0,extractResumeText
FNDA:0,extractTextFromFile
DA:1,0
DA:2,0
DA:11,0
DA:20,0
DA:21,0
DA:22,0
DA:23,0
DA:26,0
DA:29,0
DA:31,0
DA:32,0
DA:33,0
DA:34,0
DA:35,0
DA:37,0
DA:39,0
DA:49,0
DA:50,0
DA:52,0
DA:54,0
DA:55,0
DA:56,0
DA:57,0
DA:58,0
DA:59,0
DA:60,0
DA:62,0
DA:66,0
DA:67,0
DA:70,0
DA:82,0
DA:83,0
DA:85,0
DA:86,0
DA:89,0
DA:90,0
DA:95,0
DA:98,0
DA:100,0
DA:102,0
DA:103,0
DA:104,0
DA:105,0
DA:107,0
DA:112,0
DA:113,0
DA:115,0
DA:118,0
DA:120,0
DA:121,0
DA:123,0
DA:124,0
DA:125,0
DA:127,0
DA:128,0
DA:131,0
LF:56
LH:0
BRDA:12,0,0,0
BRDA:12,0,1,0
BRDA:12,0,2,0
BRDA:12,0,3,0
BRDA:20,1,0,0
BRDA:21,2,0,0
BRDA:22,3,0,0
BRDA:29,4,0,0
BRDA:33,5,0,0
BRDA:33,5,1,0
BRDA:34,6,0,0
BRDA:52,7,0,0
BRDA:52,7,1,0
BRDA:52,7,2,0
BRDA:52,7,3,0
BRDA:58,8,0,0
BRDA:58,8,1,0
BRDA:59,9,0,0
BRDA:83,10,0,0
BRDA:83,10,1,0
BRDA:95,11,0,0
BRDA:95,11,1,0
BRDA:100,12,0,0
BRDA:104,13,0,0
BRDA:104,13,1,0
BRDA:104,13,2,0
BRDA:105,14,0,0
BRDA:105,14,1,0
BRDA:107,15,0,0
BRDA:107,15,1,0
BRDA:118,16,0,0
BRDA:118,16,1,0
BRDA:118,17,0,0
BRDA:118,17,1,0
BRDA:121,18,0,0
BRDA:121,18,1,0
BRDA:124,19,0,0
BRDA:124,19,1,0
BRDA:124,20,0,0
BRDA:124,20,1,0
BRDA:125,21,0,0
BRDA:125,21,1,0
BRDA:125,22,0,0
BRDA:125,22,1,0
BRDA:127,23,0,0
BRDA:127,24,0,0
BRDA:127,24,1,0
BRF:47
BRH:0
end_of_record
TN:
SF:lib\firebase\admin.ts
FN:6,canInit
FN:14,getAdminAuth
FNF:2
FNH:0
FNDA:0,canInit
FNDA:0,getAdminAuth
DA:1,0
DA:2,0
DA:4,0
DA:7,0
DA:14,0
DA:15,0
DA:16,0
DA:17,0
DA:19,0
DA:28,0
DA:29,0
DA:32,0
LF:12
LH:0
BRDA:8,0,0,0
BRDA:8,0,1,0
BRDA:8,0,2,0
BRDA:15,1,0,0
BRDA:16,2,0,0
BRDA:19,3,0,0
BRDA:19,3,1,0
BRF:7
BRH:0
end_of_record
TN:
SF:lib\firebase\auth-utils.ts
FN:16,verifyAuthToken
FN:48,syncUserToDatabase
FN:73,resolveUserId
FN:99,getUserByEmail
FNF:4
FNH:4
FNDA:8,verifyAuthToken
FNDA:5,syncUserToDatabase
FNDA:4,resolveUserId
FNDA:2,getUserByEmail
DA:1,1
DA:2,1
DA:3,1
DA:16,5
DA:17,8
DA:19,8
DA:20,2
DA:21,2
DA:29,6
DA:30,6
DA:31,5
DA:32,3
DA:39,2
DA:40,2
DA:48,3
DA:50,5
DA:73,4
DA:74,4
DA:75,4
DA:77,4
DA:79,1
DA:80,1
DA:83,3
DA:85,3
DA:87,1
DA:88,1
DA:92,2
DA:93,2
DA:99,2
DA:100,2
LF:30
LH:30
BRDA:19,0,0,2
BRDA:30,1,0,1
BRDA:34,2,0,3
BRDA:34,2,1,1
BRDA:53,3,0,5
BRDA:53,3,1,0
BRDA:54,4,0,5
BRDA:54,4,1,1
BRDA:61,5,0,2
BRDA:61,5,1,3
BRDA:62,6,0,2
BRDA:62,6,1,3
BRDA:74,7,0,4
BRDA:74,7,1,1
BRDA:75,8,0,3
BRDA:75,8,1,1
BRDA:77,9,0,1
BRDA:85,10,0,1
BRF:18
BRH:17
end_of_record
TN:
SF:lib\firebase\config.ts
FNF:0
FNH:0
DA:1,0
DA:2,0
DA:4,0
DA:14,0
DA:15,0
DA:17,0
LF:6
LH:0
BRDA:14,0,0,0
BRDA:14,0,1,0
BRF:2
BRH:0
end_of_record
TN:
SF:lib\firebase\demo-user.ts
FN:15,isDemoUser
FN:22,ensureDemoUser
FN:48,verifyDemoLogin
FNF:3
FNH:0
FNDA:0,isDemoUser
FNDA:0,ensureDemoUser
FNDA:0,verifyDemoLogin
DA:1,0
DA:4,0
DA:15,0
DA:16,0
DA:22,0
DA:23,0
DA:27,0
DA:28,0
DA:32,0
DA:48,0
DA:49,0
LF:11
LH:0
BRDA:27,0,0,0
BRDA:49,1,0,0
BRDA:49,1,1,0
BRF:3
BRH:0
end_of_record
TN:
SF:lib\textbook\analyzer.ts
FN:12,isRecord
FN:16,hasMessage
FN:25,getErrorMessage
FN:78,splitIntoChunks
FN:100,(anonymous_12)
FN:105,(anonymous_13)
FN:139,(anonymous_14)
FN:148,(anonymous_15)
FN:213,(anonymous_16)
FN:283,(anonymous_17)
FN:292,(anonymous_18)
FN:297,(anonymous_19)
FN:305,(anonymous_20)
FN:368,(anonymous_21)
FN:376,(anonymous_22)
FN:445,(anonymous_23)
FN:454,(anonymous_24)
FN:459,(anonymous_25)
FN:467,(anonymous_26)
FN:485,(anonymous_27)
FN:523,(anonymous_28)
FN:531,(anonymous_29)
FN:573,(anonymous_30)
FN:577,(anonymous_31)
FN:579,(anonymous_32)
FN:587,(anonymous_33)
FN:614,(anonymous_34)
FN:619,(anonymous_35)
FN:625,(anonymous_36)
FN:641,(anonymous_37)
FN:646,(anonymous_38)
FN:652,(anonymous_39)
FN:667,createAnalyzer
FNF:33
FNH:0
FNDA:0,isRecord
FNDA:0,hasMessage
FNDA:0,getErrorMessage
FNDA:0,splitIntoChunks
FNDA:0,(anonymous_12)
FNDA:0,(anonymous_13)
FNDA:0,(anonymous_14)
FNDA:0,(anonymous_15)
FNDA:0,(anonymous_16)
FNDA:0,(anonymous_17)
FNDA:0,(anonymous_18)
FNDA:0,(anonymous_19)
FNDA:0,(anonymous_20)
FNDA:0,(anonymous_21)
FNDA:0,(anonymous_22)
FNDA:0,(anonymous_23)
FNDA:0,(anonymous_24)
FNDA:0,(anonymous_25)
FNDA:0,(anonymous_26)
FNDA:0,(anonymous_27)
FNDA:0,(anonymous_28)
FNDA:0,(anonymous_29)
FNDA:0,(anonymous_30)
FNDA:0,(anonymous_31)
FNDA:0,(anonymous_32)
FNDA:0,(anonymous_33)
FNDA:0,(anonymous_34)
FNDA:0,(anonymous_35)
FNDA:0,(anonymous_36)
FNDA:0,(anonymous_37)
FNDA:0,(anonymous_38)
FNDA:0,(anonymous_39)
FNDA:0,createAnalyzer
DA:1,0
DA:4,0
DA:5,0
DA:7,0
DA:8,0
DA:10,0
DA:13,0
DA:17,0
DA:26,0
DA:27,0
DA:28,0
DA:29,0
DA:33,0
DA:44,0
DA:55,0
DA:66,0
DA:78,0
DA:79,0
DA:80,0
DA:81,0
DA:83,0
DA:84,0
DA:85,0
DA:86,0
DA:87,0
DA:90,0
DA:96,0
DA:101,0
DA:102,0
DA:109,0
DA:110,0
DA:111,0
DA:113,0
DA:115,0
DA:116,0
DA:117,0
DA:119,0
DA:122,0
DA:125,0
DA:127,0
DA:131,0
DA:132,0
DA:135,0
DA:136,0
DA:139,0
DA:140,0
DA:150,0
DA:152,0
DA:165,0
DA:176,0
DA:177,0
DA:178,0
DA:182,0
DA:183,0
DA:185,0
DA:186,0
DA:191,0
DA:192,0
DA:193,0
DA:194,0
DA:195,0
DA:196,0
DA:198,0
DA:201,0
DA:204,0
DA:207,0
DA:218,0
DA:237,0
DA:248,0
DA:251,0
DA:252,0
DA:254,0
DA:256,0
DA:257,0
DA:258,0
DA:260,0
DA:261,0
DA:265,0
DA:267,0
DA:268,0
DA:269,0
DA:272,0
DA:276,0
DA:277,0
DA:283,0
DA:284,0
DA:285,0
DA:286,0
DA:287,0
DA:289,0
DA:292,0
DA:293,0
DA:294,0
DA:295,0
DA:296,0
DA:297,0
DA:298,0
DA:301,0
DA:304,0
DA:313,0
DA:322,0
DA:332,0
DA:334,0
DA:342,0
DA:348,0
DA:350,0
DA:357,0
DA:359,0
DA:368,0
DA:370,0
DA:381,0
DA:400,0
DA:411,0
DA:414,0
DA:415,0
DA:417,0
DA:419,0
DA:420,0
DA:421,0
DA:423,0
DA:424,0
DA:428,0
DA:430,0
DA:431,0
DA:432,0
DA:435,0
DA:438,0
DA:439,0
DA:445,0
DA:446,0
DA:447,0
DA:448,0
DA:449,0
DA:451,0
DA:454,0
DA:455,0
DA:456,0
DA:457,0
DA:458,0
DA:459,0
DA:460,0
DA:463,0
DA:466,0
DA:468,0
DA:469,0
DA:470,0
DA:472,0
DA:473,0
DA:475,0
DA:477,0
DA:480,0
DA:482,0
DA:483,0
DA:484,0
DA:485,0
DA:486,0
DA:487,0
DA:492,0
DA:493,0
DA:496,0
DA:497,0
DA:501,0
DA:503,0
DA:507,0
DA:509,0
DA:510,0
DA:511,0
DA:514,0
DA:523,0
DA:525,0
DA:536,0
DA:556,0
DA:567,0
DA:574,0
DA:577,0
DA:578,0
DA:579,0
DA:581,0
DA:582,0
DA:583,0
DA:584,0
DA:585,0
DA:587,0
DA:592,0
DA:593,0
DA:595,0
DA:596,0
DA:602,0
DA:603,0
DA:608,0
DA:609,0
DA:610,0
DA:614,0
DA:615,0
DA:620,0
DA:621,0
DA:624,0
DA:625,0
DA:629,0
DA:630,0
DA:635,0
DA:636,0
DA:637,0
DA:641,0
DA:642,0
DA:647,0
DA:648,0
DA:651,0
DA:652,0
DA:655,0
DA:667,0
DA:668,0
DA:669,0
DA:670,0
LF:214
LH:0
BRDA:13,0,0,0
BRDA:13,0,1,0
BRDA:18,1,0,0
BRDA:18,1,1,0
BRDA:18,1,2,0
BRDA:18,1,3,0
BRDA:26,2,0,0
BRDA:27,3,0,0
BRDA:28,4,0,0
BRDA:78,5,0,0
BRDA:83,6,0,0
BRDA:83,6,1,0
BRDA:87,7,0,0
BRDA:102,8,0,0
BRDA:102,8,1,0
BRDA:109,9,0,0
BRDA:109,9,1,0
BRDA:110,10,0,0
BRDA:110,10,1,0
BRDA:111,11,0,0
BRDA:111,11,1,0
BRDA:119,12,0,0
BRDA:119,12,1,0
BRDA:120,13,0,0
BRDA:120,13,1,0
BRDA:120,13,2,0
BRDA:120,14,0,0
BRDA:120,14,1,0
BRDA:122,15,0,0
BRDA:122,15,1,0
BRDA:122,16,0,0
BRDA:122,16,1,0
BRDA:127,17,0,0
BRDA:127,17,1,0
BRDA:127,17,2,0
BRDA:131,18,0,0
BRDA:131,19,0,0
BRDA:131,19,1,0
BRDA:176,20,0,0
BRDA:176,20,1,0
BRDA:177,21,0,0
BRDA:191,22,0,0
BRDA:191,22,1,0
BRDA:193,23,0,0
BRDA:193,23,1,0
BRDA:194,24,0,0
BRDA:194,24,1,0
BRDA:196,25,0,0
BRDA:196,25,1,0
BRDA:248,26,0,0
BRDA:248,26,1,0
BRDA:265,27,0,0
BRDA:265,27,1,0
BRDA:268,28,0,0
BRDA:277,29,0,0
BRDA:277,29,1,0
BRDA:277,30,0,0
BRDA:277,30,1,0
BRDA:279,31,0,0
BRDA:279,31,1,0
BRDA:284,32,0,0
BRDA:284,32,1,0
BRDA:287,33,0,0
BRDA:287,34,0,0
BRDA:287,34,1,0
BRDA:293,35,0,0
BRDA:293,35,1,0
BRDA:296,36,0,0
BRDA:298,37,0,0
BRDA:332,38,0,0
BRDA:332,39,0,0
BRDA:332,39,1,0
BRDA:350,40,0,0
BRDA:350,40,1,0
BRDA:352,41,0,0
BRDA:352,41,1,0
BRDA:357,42,0,0
BRDA:357,42,1,0
BRDA:363,43,0,0
BRDA:363,43,1,0
BRDA:411,44,0,0
BRDA:411,44,1,0
BRDA:428,45,0,0
BRDA:428,45,1,0
BRDA:431,46,0,0
BRDA:439,47,0,0
BRDA:439,47,1,0
BRDA:439,48,0,0
BRDA:439,48,1,0
BRDA:441,49,0,0
BRDA:441,49,1,0
BRDA:446,50,0,0
BRDA:446,50,1,0
BRDA:449,51,0,0
BRDA:449,52,0,0
BRDA:449,52,1,0
BRDA:455,53,0,0
BRDA:455,53,1,0
BRDA:458,54,0,0
BRDA:460,55,0,0
BRDA:468,56,0,0
BRDA:468,56,1,0
BRDA:470,57,0,0
BRDA:473,58,0,0
BRDA:482,59,0,0
BRDA:484,60,0,0
BRDA:486,61,0,0
BRDA:486,62,0,0
BRDA:486,62,1,0
BRDA:492,63,0,0
BRDA:493,64,0,0
BRDA:493,64,1,0
BRDA:494,65,0,0
BRDA:494,65,1,0
BRDA:494,65,2,0
BRDA:496,66,0,0
BRDA:496,67,0,0
BRDA:496,67,1,0
BRDA:496,67,2,0
BRDA:501,68,0,0
BRDA:507,69,0,0
BRDA:507,69,1,0
BRDA:510,70,0,0
BRDA:510,71,0,0
BRDA:510,71,1,0
BRDA:510,71,2,0
BRDA:567,72,0,0
BRDA:567,72,1,0
BRDA:578,73,0,0
BRDA:578,74,0,0
BRDA:578,74,1,0
BRDA:579,75,0,0
BRDA:609,76,0,0
BRDA:636,77,0,0
BRDA:669,78,0,0
BRF:135
BRH:0
end_of_record
TN:
SF:lib\textbook\local-storage.ts
FN:32,loadLocalSessions
FN:45,saveLocalSessions
FN:54,upsertLocalSession
FN:57,(anonymous_7)
FNF:4
FNH:0
FNDA:0,loadLocalSessions
FNDA:0,saveLocalSessions
FNDA:0,upsertLocalSession
FNDA:0,(anonymous_7)
DA:30,0
DA:32,0
DA:33,0
DA:34,0
DA:35,0
DA:36,0
DA:37,0
DA:38,0
DA:39,0
DA:41,0
DA:45,0
DA:46,0
DA:47,0
DA:48,0
DA:54,0
DA:55,0
DA:56,0
DA:57,0
DA:58,0
DA:59,0
LF:20
LH:0
BRDA:33,0,0,0
BRDA:36,1,0,0
BRDA:38,2,0,0
BRDA:46,3,0,0
BRDA:55,4,0,0
BRF:5
BRH:0
end_of_record
